Log file open, 04/26/20 10:36:26
LogWindows: Failed to load 'aqProf.dll' (GetLastError=126)
LogWindows: File 'aqProf.dll' does not exist
LogWindows: Failed to load 'VtuneApi.dll' (GetLastError=126)
LogWindows: File 'VtuneApi.dll' does not exist
LogWindows: Failed to load 'VtuneApi32e.dll' (GetLastError=126)
LogWindows: File 'VtuneApi32e.dll' does not exist
LogConsoleResponse: Display: Failed to find resolution value strings in scalability ini. Falling back to default.
LogInit: Display: Running engine for game: Oligocene_Project
LogPlatformFile: Not using cached read wrapper
LogTaskGraph: Started task graph with 5 named threads and 35 total threads with 3 sets of task threads.
LogStats: Stats thread started at 0.067380
LogD3D11RHI: Loaded GFSDK_Aftermath_Lib.x64.dll
LogICUInternationalization: ICU TimeZone Detection - Raw Offset: -5:00, Platform Override: ''
LogPluginManager: Mounting plugin Paper2D
LogPluginManager: Mounting plugin AISupport
LogPluginManager: Mounting plugin LightPropagationVolume
LogPluginManager: Mounting plugin ActorLayerUtilities
LogPluginManager: Mounting plugin AnimationSharing
LogPluginManager: Mounting plugin CLionSourceCodeAccess
LogPluginManager: Mounting plugin CodeLiteSourceCodeAccess
LogPluginManager: Mounting plugin GitSourceControl
LogPluginManager: Mounting plugin KDevelopSourceCodeAccess
LogPluginManager: Mounting plugin NullSourceCodeAccess
LogPluginManager: Mounting plugin PerforceSourceControl
LogPluginManager: Mounting plugin PlasticSourceControl
LogPluginManager: Mounting plugin SubversionSourceControl
LogPluginManager: Mounting plugin UObjectPlugin
LogPluginManager: Mounting plugin VisualStudioCodeSourceCodeAccess
LogPluginManager: Mounting plugin VisualStudioSourceCodeAccess
LogPluginManager: Mounting plugin XCodeSourceCodeAccess
LogPluginManager: Mounting plugin AssetManagerEditor
LogPluginManager: Mounting plugin CryptoKeys
LogPluginManager: Mounting plugin CurveEditorTools
LogPluginManager: Mounting plugin DataValidation
LogPluginManager: Mounting plugin FacialAnimation
LogPluginManager: Mounting plugin GameplayTagsEditor
LogPluginManager: Mounting plugin MacGraphicsSwitching
LogPluginManager: Mounting plugin MaterialAnalyzer
LogPluginManager: Mounting plugin MobileLauncherProfileWizard
LogPluginManager: Mounting plugin PluginBrowser
LogPluginManager: Mounting plugin SpeedTreeImporter
LogPluginManager: Mounting plugin DatasmithContent
LogPluginManager: Mounting plugin VariantManagerContent
LogPluginManager: Mounting plugin AlembicImporter
LogPluginManager: Mounting plugin AutomationUtils
LogPluginManager: Mounting plugin BackChannel
LogPluginManager: Mounting plugin CharacterAI
LogPluginManager: Mounting plugin GeometryCache
LogPluginManager: Mounting plugin PlatformCrypto
LogPluginManager: Mounting plugin ProxyLODPlugin
LogPluginManager: Mounting plugin SkeletalReduction
LogPluginManager: Mounting plugin MagicLeap
LogPluginManager: Mounting plugin MagicLeapMedia
LogPluginManager: Mounting plugin MLSDK
LogPluginManager: Mounting plugin AndroidMedia
LogPluginManager: Mounting plugin AvfMedia
LogPluginManager: Mounting plugin ImgMedia
LogPluginManager: Mounting plugin MediaCompositing
LogPluginManager: Mounting plugin MediaPlayerEditor
LogPluginManager: Mounting plugin WebMMedia
LogPluginManager: Mounting plugin WmfMedia
LogPluginManager: Mounting plugin TcpMessaging
LogPluginManager: Mounting plugin UdpMessaging
LogPluginManager: Mounting plugin ActorSequence
LogPluginManager: Mounting plugin LevelSequenceEditor
LogPluginManager: Mounting plugin MatineeToLevelSequence
LogPluginManager: Mounting plugin NetcodeUnitTest
LogPluginManager: Mounting plugin NUTUnrealEngine4
LogPluginManager: Mounting plugin OnlineSubsystemGooglePlay
LogPluginManager: Mounting plugin OnlineSubsystemIOS
LogPluginManager: Mounting plugin OnlineSubsystem
LogPluginManager: Mounting plugin OnlineSubsystemNull
LogPluginManager: Mounting plugin OnlineSubsystemUtils
LogPluginManager: Mounting plugin LauncherChunkInstaller
LogPluginManager: Mounting plugin AndroidDeviceProfileSelector
LogPluginManager: Mounting plugin AndroidMoviePlayer
LogPluginManager: Mounting plugin AndroidPermission
LogPluginManager: Mounting plugin AppleImageUtils
LogPluginManager: Mounting plugin AppleMoviePlayer
LogPluginManager: Mounting plugin ArchVisCharacter
LogPluginManager: Mounting plugin AssetTags
LogPluginManager: Mounting plugin AudioCapture
LogPluginManager: Mounting plugin CableComponent
LogPluginManager: Mounting plugin CustomMeshComponent
LogPluginManager: Mounting plugin EditableMesh
LogPluginManager: Mounting plugin ExampleDeviceProfileSelector
LogPluginManager: Mounting plugin GoogleCloudMessaging
LogPluginManager: Mounting plugin IOSDeviceProfileSelector
LogPluginManager: Mounting plugin LinuxDeviceProfileSelector
LogPluginManager: Mounting plugin LocationServicesBPLibrary
LogPluginManager: Mounting plugin MobilePatchingUtils
LogPluginManager: Mounting plugin OculusVR
LogPluginManager: Mounting plugin PhysXVehicles
LogPluginManager: Mounting plugin PostSplashScreen
LogPluginManager: Mounting plugin ProceduralMeshComponent
LogPluginManager: Mounting plugin RuntimePhysXCooking
LogPluginManager: Mounting plugin SignificanceManager
LogPluginManager: Mounting plugin SteamVR
LogPluginManager: Mounting plugin WebMMoviePlayer
LogPluginManager: Mounting plugin WindowsMoviePlayer
LogPluginManager: Mounting plugin ScreenshotTools
LogInit: Using libcurl 7.55.1-DEV
LogInit:  - built for x86_64-pc-win32
LogInit:  - supports SSL with OpenSSL/1.1.1
LogInit:  - supports HTTP deflate (compression) using libz 1.2.8
LogInit:  - other features:
LogInit:      CURL_VERSION_SSL
LogInit:      CURL_VERSION_LIBZ
LogInit:      CURL_VERSION_IPV6
LogInit:      CURL_VERSION_ASYNCHDNS
LogInit:      CURL_VERSION_LARGEFILE
LogInit:      CURL_VERSION_IDN
LogInit:  CurlRequestOptions (configurable via config and command line):
LogInit:  - bVerifyPeer = true  - Libcurl will verify peer certificate
LogInit:  - bUseHttpProxy = false  - Libcurl will NOT use HTTP proxy
LogInit:  - bDontReuseConnections = false  - Libcurl will reuse connections
LogInit:  - MaxHostConnections = 16  - Libcurl will limit the number of connections to a host
LogInit:  - LocalHostAddr = Default
LogInit:  - BufferSize = 65536
LogOnline: OSS: Creating online subsystem instance for: NULL
LogInit: WinSock: version 1.1 (2.2), MaxSocks=32767, MaxUdp=65467
LogOnline: OSS: TryLoadSubsystemAndSetDefault: Loaded subsystem for module [NULL]
LogHMD: Failed initializing OVRPlugin 1.40.0
LogInit: Build: ++UE4+Release-4.24-CL-11590370
LogInit: Engine Version: 4.24.3-11590370+++UE4+Release-4.24
LogInit: Compatible Engine Version: 4.24.0-10570792+++UE4+Release-4.24
LogInit: Net CL: 10570792
LogInit: OS: Windows 10 (Release 1903) (), CPU: Intel(R) Core(TM) i7-8750H CPU @ 2.20GHz, GPU: Intel(R) UHD Graphics 630
LogInit: Compiled (64-bit): Feb 24 2020 15:39:18
LogInit: Compiled with Visual C++: 19.16.27032.01
LogInit: Build Configuration: Development
LogInit: Branch Name: ++UE4+Release-4.24
LogInit: Command Line:  -EpicPortal -epicusername=armuniz -epicuserid=7ecf574bb71f40febd4bd8b5a17df23c -epiclocale=en
LogInit: Base Directory: D:/Program_Files/Epic Games/UE_4.24/Engine/Binaries/Win64/
LogInit: Installed Engine Build: 1
LogDevObjectVersion: Number of dev versions registered: 25
LogDevObjectVersion:   Dev-Blueprints (B0D832E4-1F89-4F0D-ACCF-7EB736FD4AA2): 10
LogDevObjectVersion:   Dev-Build (E1C64328-A22C-4D53-A36C-8E866417BD8C): 0
LogDevObjectVersion:   Dev-Core (375EC13C-06E4-48FB-B500-84F0262A717E): 3
LogDevObjectVersion:   Dev-Editor (E4B068ED-F494-42E9-A231-DA0B2E46BB41): 37
LogDevObjectVersion:   Dev-Framework (CFFC743F-43B0-4480-9391-14DF171D2073): 36
LogDevObjectVersion:   Dev-Mobile (B02B49B5-BB20-44E9-A304-32B752E40360): 2
LogDevObjectVersion:   Dev-Networking (A4E4105C-59A1-49B5-A7C5-40C4547EDFEE): 0
LogDevObjectVersion:   Dev-Online (39C831C9-5AE6-47DC-9A44-9C173E1C8E7C): 0
LogDevObjectVersion:   Dev-Physics (78F01B33-EBEA-4F98-B9B4-84EACCB95AA2): 2
LogDevObjectVersion:   Dev-Platform (6631380F-2D4D-43E0-8009-CF276956A95A): 0
LogDevObjectVersion:   Dev-Rendering (12F88B9F-8875-4AFC-A67C-D90C383ABD29): 36
LogDevObjectVersion:   Dev-Sequencer (7B5AE74C-D270-4C10-A958-57980B212A5A): 11
LogDevObjectVersion:   Dev-VR (D7296918-1DD6-4BDD-9DE2-64A83CC13884): 2
LogDevObjectVersion:   Dev-LoadTimes (C2A15278-BFE7-4AFE-6C17-90FF531DF755): 1
LogDevObjectVersion:   Private-Geometry (6EACA3D4-40EC-4CC1-B786-8BED09428FC5): 3
LogDevObjectVersion:   Dev-AnimPhys (29E575DD-E0A3-4627-9D10-D276232CDCEA): 17
LogDevObjectVersion:   Dev-Anim (AF43A65D-7FD3-4947-9873-3E8ED9C1BB05): 2
LogDevObjectVersion:   Dev-ReflectionCapture (6B266CEC-1EC7-4B8F-A30B-E4D90942FC07): 1
LogDevObjectVersion:   Dev-Automation (0DF73D61-A23F-47EA-B727-89E90C41499A): 1
LogDevObjectVersion:   FortniteMain (601D1886-AC64-4F84-AA16-D3DE0DEAC7D6): 31
LogDevObjectVersion:   Dev-Enterprise (9DFFBCD6-494F-0158-E221-12823C92A888): 8
LogDevObjectVersion:   Dev-Niagara (F2AED0AC-9AFE-416F-8664-AA7FFA26D6FC): 1
LogDevObjectVersion:   Dev-Destruction (174F1F0B-B4C6-45A5-B13F-2EE8D0FB917D): 9
LogDevObjectVersion:   Dev-Physics-Ext (35F94A83-E258-406C-A318-09F59610247C): 8
LogDevObjectVersion:   Dev-CineCamera (B2E18506-4273-CFC2-A54E-F4BB758BBA07): 1
LogInit: Presizing for max 25165824 objects, including 0 objects not considered by GC, pre-allocating 0 bytes for permanent pool.
LogInit: Object subsystem initialized
LogConfig: Setting CVar [[con.DebugEarlyDefault:1]]
LogConfig: Setting CVar [[r.setres:1280x720]]
[2020.04.26-14.36.27:370][  0]LogConfig: Setting CVar [[r.VSync:0]]
[2020.04.26-14.36.27:370][  0]LogConfig: Setting CVar [[r.RHICmdBypass:0]]
[2020.04.26-14.36.27:370][  0]LogConfig: Applying CVar settings from Section [/Script/Engine.RendererSettings] File [C:/Users/Antonio/Documents/Unreal Projects/Oligocene_Project/Saved/Config/Windows/Engine.ini]
[2020.04.26-14.36.27:370][  0]LogConfig: Setting CVar [[r.GPUCrashDebugging:0]]
[2020.04.26-14.36.27:370][  0]LogConfig: Setting CVar [[r.DefaultFeature.AmbientOcclusion:0]]
[2020.04.26-14.36.27:370][  0]LogConfig: Setting CVar [[r.DefaultFeature.AmbientOcclusionStaticFraction:0]]
[2020.04.26-14.36.27:370][  0]LogConfig: Setting CVar [[vr.InstancedStereo:1]]
[2020.04.26-14.36.27:370][  0]LogConfig: Setting CVar [[r.SeparateTranslucency:0]]
[2020.04.26-14.36.27:370][  0]LogConfig: Setting CVar [[r.HZBOcclusion:0]]
[2020.04.26-14.36.27:370][  0]LogConfig: Setting CVar [[r.SSR.MaxRoughness:0]]
[2020.04.26-14.36.27:370][  0]LogConfig: Setting CVar [[r.rhicmdbypass:0]]
[2020.04.26-14.36.27:370][  0]LogConfig: Applying CVar settings from Section [/Script/Engine.RendererOverrideSettings] File [C:/Users/Antonio/Documents/Unreal Projects/Oligocene_Project/Saved/Config/Windows/Engine.ini]
[2020.04.26-14.36.27:370][  0]LogConfig: Applying CVar settings from Section [/Script/Engine.StreamingSettings] File [C:/Users/Antonio/Documents/Unreal Projects/Oligocene_Project/Saved/Config/Windows/Engine.ini]
[2020.04.26-14.36.27:370][  0]LogConfig: Setting CVar [[s.MinBulkDataSizeForAsyncLoading:131072]]
[2020.04.26-14.36.27:370][  0]LogConfig: Setting CVar [[s.AsyncLoadingThreadEnabled:0]]
[2020.04.26-14.36.27:370][  0]LogConfig: Setting CVar [[s.EventDrivenLoaderEnabled:1]]
[2020.04.26-14.36.27:370][  0]LogConfig: Setting CVar [[s.WarnIfTimeLimitExceeded:0]]
[2020.04.26-14.36.27:370][  0]LogConfig: Setting CVar [[s.TimeLimitExceededMultiplier:1.5]]
[2020.04.26-14.36.27:370][  0]LogConfig: Setting CVar [[s.TimeLimitExceededMinTime:0.005]]
[2020.04.26-14.36.27:371][  0]LogConfig: Setting CVar [[s.UseBackgroundLevelStreaming:1]]
[2020.04.26-14.36.27:371][  0]LogConfig: Setting CVar [[s.PriorityAsyncLoadingExtraTime:15.0]]
[2020.04.26-14.36.27:371][  0]LogConfig: Setting CVar [[s.LevelStreamingActorsUpdateTimeLimit:5.0]]
[2020.04.26-14.36.27:371][  0]LogConfig: Setting CVar [[s.PriorityLevelStreamingActorsUpdateExtraTime:5.0]]
[2020.04.26-14.36.27:371][  0]LogConfig: Setting CVar [[s.LevelStreamingComponentsRegistrationGranularity:10]]
[2020.04.26-14.36.27:371][  0]LogConfig: Setting CVar [[s.UnregisterComponentsTimeLimit:1.0]]
[2020.04.26-14.36.27:371][  0]LogConfig: Setting CVar [[s.LevelStreamingComponentsUnregistrationGranularity:5]]
[2020.04.26-14.36.27:371][  0]LogConfig: Setting CVar [[s.FlushStreamingOnExit:1]]
[2020.04.26-14.36.27:371][  0]LogConfig: Applying CVar settings from Section [/Script/Engine.GarbageCollectionSettings] File [C:/Users/Antonio/Documents/Unreal Projects/Oligocene_Project/Saved/Config/Windows/Engine.ini]
[2020.04.26-14.36.27:371][  0]LogConfig: Setting CVar [[gc.MaxObjectsNotConsideredByGC:1]]
[2020.04.26-14.36.27:371][  0]LogConfig: Setting CVar [[gc.SizeOfPermanentObjectPool:0]]
[2020.04.26-14.36.27:371][  0]LogConfig: Setting CVar [[gc.FlushStreamingOnGC:0]]
[2020.04.26-14.36.27:371][  0]LogConfig: Setting CVar [[gc.NumRetriesBeforeForcingGC:10]]
[2020.04.26-14.36.27:371][  0]LogConfig: Setting CVar [[gc.AllowParallelGC:1]]
[2020.04.26-14.36.27:371][  0]LogConfig: Setting CVar [[gc.TimeBetweenPurgingPendingKillObjects:61.1]]
[2020.04.26-14.36.27:371][  0]LogConfig: Setting CVar [[gc.MaxObjectsInEditor:25165824]]
[2020.04.26-14.36.27:371][  0]LogConfig: Setting CVar [[gc.IncrementalBeginDestroyEnabled:1]]
[2020.04.26-14.36.27:371][  0]LogConfig: Setting CVar [[gc.CreateGCClusters:1]]
[2020.04.26-14.36.27:371][  0]LogConfig: Setting CVar [[gc.MinGCClusterSize:5]]
[2020.04.26-14.36.27:371][  0]LogConfig: Setting CVar [[gc.ActorClusteringEnabled:0]]
[2020.04.26-14.36.27:371][  0]LogConfig: Setting CVar [[gc.BlueprintClusteringEnabled:0]]
[2020.04.26-14.36.27:371][  0]LogConfig: Setting CVar [[gc.UseDisregardForGCOnDedicatedServers:0]]
[2020.04.26-14.36.27:371][  0]LogConfig: Applying CVar settings from Section [/Script/Engine.NetworkSettings] File [C:/Users/Antonio/Documents/Unreal Projects/Oligocene_Project/Saved/Config/Windows/Engine.ini]
[2020.04.26-14.36.27:371][  0]LogConfig: Applying CVar settings from Section [/Script/UnrealEd.CookerSettings] File [C:/Users/Antonio/Documents/Unreal Projects/Oligocene_Project/Saved/Config/Windows/Engine.ini]
[2020.04.26-14.36.27:374][  0]LogConfig: Applying CVar settings from Section [ViewDistanceQuality@3] File [C:/Users/Antonio/Documents/Unreal Projects/Oligocene_Project/Saved/Config/Windows/Scalability.ini]
[2020.04.26-14.36.27:374][  0]LogConfig: Setting CVar [[r.SkeletalMeshLODBias:0]]
[2020.04.26-14.36.27:374][  0]LogConfig: Setting CVar [[r.ViewDistanceScale:1.0]]
[2020.04.26-14.36.27:374][  0]LogConfig: Applying CVar settings from Section [AntiAliasingQuality@3] File [C:/Users/Antonio/Documents/Unreal Projects/Oligocene_Project/Saved/Config/Windows/Scalability.ini]
[2020.04.26-14.36.27:374][  0]LogConfig: Setting CVar [[r.PostProcessAAQuality:3]]
[2020.04.26-14.36.27:374][  0]LogConfig: Applying CVar settings from Section [ShadowQuality@3] File [C:/Users/Antonio/Documents/Unreal Projects/Oligocene_Project/Saved/Config/Windows/Scalability.ini]
[2020.04.26-14.36.27:374][  0]LogConfig: Setting CVar [[r.LightFunctionQuality:1]]
[2020.04.26-14.36.27:374][  0]LogConfig: Setting CVar [[r.ShadowQuality:5]]
[2020.04.26-14.36.27:374][  0]LogConfig: Setting CVar [[r.Shadow.CSM.MaxCascades:10]]
[2020.04.26-14.36.27:374][  0]LogConfig: Setting CVar [[r.Shadow.MaxResolution:2048]]
[2020.04.26-14.36.27:374][  0]LogConfig: Setting CVar [[r.Shadow.MaxCSMResolution:2048]]
[2020.04.26-14.36.27:374][  0]LogConfig: Setting CVar [[r.Shadow.RadiusThreshold:0.01]]
[2020.04.26-14.36.27:374][  0]LogConfig: Setting CVar [[r.Shadow.DistanceScale:1.0]]
[2020.04.26-14.36.27:374][  0]LogConfig: Setting CVar [[r.Shadow.CSM.TransitionScale:1.0]]
[2020.04.26-14.36.27:374][  0]LogConfig: Setting CVar [[r.Shadow.PreShadowResolutionFactor:1.0]]
[2020.04.26-14.36.27:374][  0]LogConfig: Setting CVar [[r.DistanceFieldShadowing:1]]
[2020.04.26-14.36.27:374][  0]LogConfig: Setting CVar [[r.DistanceFieldAO:1]]
[2020.04.26-14.36.27:374][  0]LogConfig: Setting CVar [[r.AOQuality:2]]
[2020.04.26-14.36.27:374][  0]LogConfig: Setting CVar [[r.VolumetricFog:1]]
[2020.04.26-14.36.27:374][  0]LogConfig: Setting CVar [[r.VolumetricFog.GridPixelSize:8]]
[2020.04.26-14.36.27:374][  0]LogConfig: Setting CVar [[r.VolumetricFog.GridSizeZ:128]]
[2020.04.26-14.36.27:374][  0]LogConfig: Setting CVar [[r.VolumetricFog.HistoryMissSupersampleCount:4]]
[2020.04.26-14.36.27:374][  0]LogConfig: Setting CVar [[r.LightMaxDrawDistanceScale:1]]
[2020.04.26-14.36.27:375][  0]LogConfig: Setting CVar [[r.CapsuleShadows:1]]
[2020.04.26-14.36.27:375][  0]LogConfig: Applying CVar settings from Section [PostProcessQuality@3] File [C:/Users/Antonio/Documents/Unreal Projects/Oligocene_Project/Saved/Config/Windows/Scalability.ini]
[2020.04.26-14.36.27:375][  0]LogConfig: Setting CVar [[r.MotionBlurQuality:0]]
[2020.04.26-14.36.27:375][  0]LogConfig: Setting CVar [[r.AmbientOcclusionMipLevelFactor:0.4]]
[2020.04.26-14.36.27:375][  0]LogConfig: Setting CVar [[r.AmbientOcclusionMaxQuality:100]]
[2020.04.26-14.36.27:375][  0]LogConfig: Setting CVar [[r.AmbientOcclusionLevels:0]]
[2020.04.26-14.36.27:375][  0]LogConfig: Setting CVar [[r.AmbientOcclusionRadiusScale:1.0]]
[2020.04.26-14.36.27:375][  0]LogConfig: Setting CVar [[r.DepthOfFieldQuality:0]]
[2020.04.26-14.36.27:375][  0]LogConfig: Setting CVar [[r.RenderTargetPoolMin:400]]
[2020.04.26-14.36.27:375][  0]LogConfig: Setting CVar [[r.LensFlareQuality:0]]
[2020.04.26-14.36.27:375][  0]LogConfig: Setting CVar [[r.SceneColorFringeQuality:0]]
[2020.04.26-14.36.27:375][  0]LogConfig: Setting CVar [[r.EyeAdaptationQuality:2]]
[2020.04.26-14.36.27:375][  0]LogConfig: Setting CVar [[r.BloomQuality:1]]
[2020.04.26-14.36.27:375][  0]LogConfig: Setting CVar [[r.FastBlurThreshold:0]]
[2020.04.26-14.36.27:375][  0]LogConfig: Setting CVar [[r.Upscale.Quality:3]]
[2020.04.26-14.36.27:375][  0]LogConfig: Setting CVar [[r.Tonemapper.GrainQuantization:1]]
[2020.04.26-14.36.27:375][  0]LogConfig: Setting CVar [[r.LightShaftQuality:1]]
[2020.04.26-14.36.27:375][  0]LogConfig: Setting CVar [[r.Filter.SizeScale:1]]
[2020.04.26-14.36.27:375][  0]LogConfig: Setting CVar [[r.Tonemapper.Quality:5]]
[2020.04.26-14.36.27:375][  0]LogConfig: Setting CVar [[r.DOF.Gather.AccumulatorQuality:1        ; higher gathering accumulator quality]]
[2020.04.26-14.36.27:375][  0]LogConfig: Setting CVar [[r.DOF.Gather.PostfilterMethod:1          ; Median3x3 postfilering method]]
[2020.04.26-14.36.27:375][  0]LogConfig: Setting CVar [[r.DOF.Gather.EnableBokehSettings:0       ; no bokeh simulation when gathering]]
[2020.04.26-14.36.27:375][  0]LogConfig: Setting CVar [[r.DOF.Gather.RingCount:4                 ; medium number of samples when gathering]]
[2020.04.26-14.36.27:375][  0]LogConfig: Setting CVar [[r.DOF.Scatter.ForegroundCompositing:1    ; additive foreground scattering]]
[2020.04.26-14.36.27:375][  0]LogConfig: Setting CVar [[r.DOF.Scatter.BackgroundCompositing:2    ; additive background scattering]]
[2020.04.26-14.36.27:375][  0]LogConfig: Setting CVar [[r.DOF.Scatter.EnableBokehSettings:1      ; bokeh simulation when scattering]]
[2020.04.26-14.36.27:375][  0]LogConfig: Setting CVar [[r.DOF.Scatter.MaxSpriteRatio:0.1         ; only a maximum of 10% of scattered bokeh]]
[2020.04.26-14.36.27:375][  0]LogConfig: Setting CVar [[r.DOF.Recombine.Quality:1                ; cheap slight out of focus]]
[2020.04.26-14.36.27:375][  0]LogConfig: Setting CVar [[r.DOF.Recombine.EnableBokehSettings:0    ; no bokeh simulation on slight out of focus]]
[2020.04.26-14.36.27:375][  0]LogConfig: Setting CVar [[r.DOF.TemporalAAQuality:1                ; more stable temporal accumulation]]
[2020.04.26-14.36.27:375][  0]LogConfig: Setting CVar [[r.DOF.Kernel.MaxForegroundRadius:0.025]]
[2020.04.26-14.36.27:375][  0]LogConfig: Setting CVar [[r.DOF.Kernel.MaxBackgroundRadius:0.025]]
[2020.04.26-14.36.27:375][  0]LogConfig: Applying CVar settings from Section [TextureQuality@3] File [C:/Users/Antonio/Documents/Unreal Projects/Oligocene_Project/Saved/Config/Windows/Scalability.ini]
[2020.04.26-14.36.27:376][  0]LogConfig: Setting CVar [[r.Streaming.MipBias:0]]
[2020.04.26-14.36.27:376][  0]LogConfig: Setting CVar [[r.Streaming.AmortizeCPUToGPUCopy:0]]
[2020.04.26-14.36.27:376][  0]LogConfig: Setting CVar [[r.Streaming.MaxNumTexturesToStreamPerFrame:0]]
[2020.04.26-14.36.27:376][  0]LogConfig: Setting CVar [[r.Streaming.Boost:1]]
[2020.04.26-14.36.27:376][  0]LogConfig: Setting CVar [[r.MaxAnisotropy:8]]
[2020.04.26-14.36.27:376][  0]LogConfig: Setting CVar [[r.VT.MaxAnisotropy:8]]
[2020.04.26-14.36.27:376][  0]LogConfig: Setting CVar [[r.Streaming.LimitPoolSizeToVRAM:0]]
[2020.04.26-14.36.27:376][  0]LogConfig: Setting CVar [[r.Streaming.PoolSize:1000]]
[2020.04.26-14.36.27:376][  0]LogConfig: Setting CVar [[r.Streaming.MaxEffectiveScreenSize:0]]
[2020.04.26-14.36.27:376][  0]LogConfig: Applying CVar settings from Section [EffectsQuality@3] File [C:/Users/Antonio/Documents/Unreal Projects/Oligocene_Project/Saved/Config/Windows/Scalability.ini]
[2020.04.26-14.36.27:376][  0]LogConfig: Setting CVar [[r.TranslucencyLightingVolumeDim:4]]
[2020.04.26-14.36.27:376][  0]LogConfig: Setting CVar [[r.RefractionQuality:2]]
[2020.04.26-14.36.27:376][  0]LogConfig: Setting CVar [[r.SSR.Quality:0]]
[2020.04.26-14.36.27:376][  0]LogConfig: Setting CVar [[r.SSR.HalfResSceneColor:0]]
[2020.04.26-14.36.27:376][  0]LogConfig: Setting CVar [[r.SceneColorFormat:2]]
[2020.04.26-14.36.27:376][  0]LogConfig: Setting CVar [[r.DetailMode:2]]
[2020.04.26-14.36.27:376][  0]LogConfig: Setting CVar [[r.TranslucencyVolumeBlur:0]]
[2020.04.26-14.36.27:376][  0]LogConfig: Setting CVar [[r.MaterialQualityLevel:1 ; High quality]]
[2020.04.26-14.36.27:376][  0]LogConfig: Setting CVar [[r.SSS.Scale:1]]
[2020.04.26-14.36.27:376][  0]LogConfig: Setting CVar [[r.SSS.SampleSet:2]]
[2020.04.26-14.36.27:376][  0]LogConfig: Setting CVar [[r.SSS.Quality:1]]
[2020.04.26-14.36.27:376][  0]LogConfig: Setting CVar [[r.SSS.HalfRes:1]]
[2020.04.26-14.36.27:376][  0]LogConfig: Setting CVar [[r.SSGI.Quality:3]]
[2020.04.26-14.36.27:376][  0]LogConfig: Setting CVar [[r.EmitterSpawnRateScale:1.0]]
[2020.04.26-14.36.27:376][  0]LogConfig: Setting CVar [[r.ParticleLightQuality:2]]
[2020.04.26-14.36.27:376][  0]LogConfig: Setting CVar [[r.SkyAtmosphere.AerialPerspectiveLUT.FastApplyOnOpaque:1 ; Always have FastSkyLUT 1 in this case to avoid wrong sky]]
[2020.04.26-14.36.27:376][  0]LogConfig: Setting CVar [[r.SkyAtmosphere.AerialPerspectiveLUT.SampleCountPerSlice:1]]
[2020.04.26-14.36.27:376][  0]LogConfig: Setting CVar [[r.SkyAtmosphere.AerialPerspectiveLUT.DepthResolution:16.0]]
[2020.04.26-14.36.27:376][  0]LogConfig: Setting CVar [[r.SkyAtmosphere.FastSkyLUT:1]]
[2020.04.26-14.36.27:376][  0]LogConfig: Setting CVar [[r.SkyAtmosphere.FastSkyLUT.SampleCountMin:4.0]]
[2020.04.26-14.36.27:376][  0]LogConfig: Setting CVar [[r.SkyAtmosphere.FastSkyLUT.SampleCountMax:32.0]]
[2020.04.26-14.36.27:376][  0]LogConfig: Setting CVar [[r.SkyAtmosphere.SampleCountMin:4.0]]
[2020.04.26-14.36.27:376][  0]LogConfig: Setting CVar [[r.SkyAtmosphere.SampleCountMax:32.0]]
[2020.04.26-14.36.27:376][  0]LogConfig: Setting CVar [[r.SkyAtmosphere.TransmittanceLUT.UseSmallFormat:0]]
[2020.04.26-14.36.27:376][  0]LogConfig: Setting CVar [[r.SkyAtmosphere.TransmittanceLUT.SampleCount:10.0]]
[2020.04.26-14.36.27:376][  0]LogConfig: Setting CVar [[r.SkyAtmosphere.MultiScatteringLUT.SampleCount:15.0]]
[2020.04.26-14.36.27:376][  0]LogConfig: Applying CVar settings from Section [FoliageQuality@3] File [C:/Users/Antonio/Documents/Unreal Projects/Oligocene_Project/Saved/Config/Windows/Scalability.ini]
[2020.04.26-14.36.27:376][  0]LogConfig: Setting CVar [[foliage.DensityScale:1.0]]
[2020.04.26-14.36.27:376][  0]LogConfig: Setting CVar [[grass.DensityScale:1.0]]
[2020.04.26-14.36.27:376][  0]LogConfig: Applying CVar settings from Section [ShadingQuality@3] File [C:/Users/Antonio/Documents/Unreal Projects/Oligocene_Project/Saved/Config/Windows/Scalability.ini]
[2020.04.26-14.36.27:376][  0]LogConfig: Setting CVar [[r.HairStrands.SkyLighting.SampleCount:16]]
[2020.04.26-14.36.27:376][  0]LogConfig: Setting CVar [[r.HairStrands.SkyLighting.JitterIntegration:0]]
[2020.04.26-14.36.27:376][  0]LogConfig: Setting CVar [[r.HairStrands.SkyAO.SampleCount:16]]
[2020.04.26-14.36.27:376][  0]LogInit: Selected Device Profile: [Windows]
[2020.04.26-14.36.27:376][  0]LogInit: Applying CVar settings loaded from the selected device profile: [Windows]
[2020.04.26-14.36.27:378][  0]LogHAL: Display: Platform has ~ 16 GB [16964153344 / 17179869184 / 16], which maps to Larger [LargestMinGB=32, LargerMinGB=12, DefaultMinGB=8, SmallerMinGB=6, SmallestMinGB=0)
[2020.04.26-14.36.27:378][  0]LogInit: Going up to parent DeviceProfile []
[2020.04.26-14.36.27:378][  0]LogConfig: Applying CVar settings from Section [ViewDistanceQuality@3] File [C:/Users/Antonio/Documents/Unreal Projects/Oligocene_Project/Saved/Config/Windows/Scalability.ini]
[2020.04.26-14.36.27:379][  0]LogConfig: Setting CVar [[r.SkeletalMeshLODBias:0]]
[2020.04.26-14.36.27:379][  0]LogConfig: Setting CVar [[r.ViewDistanceScale:1.0]]
[2020.04.26-14.36.27:379][  0]LogConfig: Applying CVar settings from Section [AntiAliasingQuality@3] File [C:/Users/Antonio/Documents/Unreal Projects/Oligocene_Project/Saved/Config/Windows/Scalability.ini]
[2020.04.26-14.36.27:379][  0]LogConfig: Setting CVar [[r.PostProcessAAQuality:3]]
[2020.04.26-14.36.27:379][  0]LogConfig: Applying CVar settings from Section [ShadowQuality@3] File [C:/Users/Antonio/Documents/Unreal Projects/Oligocene_Project/Saved/Config/Windows/Scalability.ini]
[2020.04.26-14.36.27:379][  0]LogConfig: Setting CVar [[r.LightFunctionQuality:1]]
[2020.04.26-14.36.27:379][  0]LogConfig: Setting CVar [[r.ShadowQuality:5]]
[2020.04.26-14.36.27:379][  0]LogConfig: Setting CVar [[r.Shadow.CSM.MaxCascades:10]]
[2020.04.26-14.36.27:379][  0]LogConfig: Setting CVar [[r.Shadow.MaxResolution:2048]]
[2020.04.26-14.36.27:379][  0]LogConfig: Setting CVar [[r.Shadow.MaxCSMResolution:2048]]
[2020.04.26-14.36.27:379][  0]LogConfig: Setting CVar [[r.Shadow.RadiusThreshold:0.01]]
[2020.04.26-14.36.27:379][  0]LogConfig: Setting CVar [[r.Shadow.DistanceScale:1.0]]
[2020.04.26-14.36.27:379][  0]LogConfig: Setting CVar [[r.Shadow.CSM.TransitionScale:1.0]]
[2020.04.26-14.36.27:379][  0]LogConfig: Setting CVar [[r.Shadow.PreShadowResolutionFactor:1.0]]
[2020.04.26-14.36.27:379][  0]LogConfig: Setting CVar [[r.DistanceFieldShadowing:1]]
[2020.04.26-14.36.27:379][  0]LogConfig: Setting CVar [[r.DistanceFieldAO:1]]
[2020.04.26-14.36.27:379][  0]LogConfig: Setting CVar [[r.AOQuality:2]]
[2020.04.26-14.36.27:379][  0]LogConfig: Setting CVar [[r.VolumetricFog:1]]
[2020.04.26-14.36.27:379][  0]LogConfig: Setting CVar [[r.VolumetricFog.GridPixelSize:8]]
[2020.04.26-14.36.27:379][  0]LogConfig: Setting CVar [[r.VolumetricFog.GridSizeZ:128]]
[2020.04.26-14.36.27:379][  0]LogConfig: Setting CVar [[r.VolumetricFog.HistoryMissSupersampleCount:4]]
[2020.04.26-14.36.27:379][  0]LogConfig: Setting CVar [[r.LightMaxDrawDistanceScale:1]]
[2020.04.26-14.36.27:379][  0]LogConfig: Setting CVar [[r.CapsuleShadows:1]]
[2020.04.26-14.36.27:379][  0]LogConfig: Applying CVar settings from Section [PostProcessQuality@3] File [C:/Users/Antonio/Documents/Unreal Projects/Oligocene_Project/Saved/Config/Windows/Scalability.ini]
[2020.04.26-14.36.27:379][  0]LogConfig: Setting CVar [[r.MotionBlurQuality:0]]
[2020.04.26-14.36.27:379][  0]LogConfig: Setting CVar [[r.AmbientOcclusionMipLevelFactor:0.4]]
[2020.04.26-14.36.27:379][  0]LogConfig: Setting CVar [[r.AmbientOcclusionMaxQuality:100]]
[2020.04.26-14.36.27:379][  0]LogConfig: Setting CVar [[r.AmbientOcclusionLevels:0]]
[2020.04.26-14.36.27:379][  0]LogConfig: Setting CVar [[r.AmbientOcclusionRadiusScale:1.0]]
[2020.04.26-14.36.27:379][  0]LogConfig: Setting CVar [[r.DepthOfFieldQuality:0]]
[2020.04.26-14.36.27:379][  0]LogConfig: Setting CVar [[r.RenderTargetPoolMin:400]]
[2020.04.26-14.36.27:379][  0]LogConfig: Setting CVar [[r.LensFlareQuality:0]]
[2020.04.26-14.36.27:379][  0]LogConfig: Setting CVar [[r.SceneColorFringeQuality:0]]
[2020.04.26-14.36.27:379][  0]LogConfig: Setting CVar [[r.EyeAdaptationQuality:2]]
[2020.04.26-14.36.27:379][  0]LogConfig: Setting CVar [[r.BloomQuality:1]]
[2020.04.26-14.36.27:379][  0]LogConfig: Setting CVar [[r.FastBlurThreshold:0]]
[2020.04.26-14.36.27:379][  0]LogConfig: Setting CVar [[r.Upscale.Quality:3]]
[2020.04.26-14.36.27:379][  0]LogConfig: Setting CVar [[r.Tonemapper.GrainQuantization:1]]
[2020.04.26-14.36.27:379][  0]LogConfig: Setting CVar [[r.LightShaftQuality:1]]
[2020.04.26-14.36.27:379][  0]LogConfig: Setting CVar [[r.Filter.SizeScale:1]]
[2020.04.26-14.36.27:379][  0]LogConfig: Setting CVar [[r.Tonemapper.Quality:5]]
[2020.04.26-14.36.27:379][  0]LogConfig: Setting CVar [[r.DOF.Gather.AccumulatorQuality:1        ; higher gathering accumulator quality]]
[2020.04.26-14.36.27:379][  0]LogConfig: Setting CVar [[r.DOF.Gather.PostfilterMethod:1          ; Median3x3 postfilering method]]
[2020.04.26-14.36.27:379][  0]LogConfig: Setting CVar [[r.DOF.Gather.EnableBokehSettings:0       ; no bokeh simulation when gathering]]
[2020.04.26-14.36.27:379][  0]LogConfig: Setting CVar [[r.DOF.Gather.RingCount:4                 ; medium number of samples when gathering]]
[2020.04.26-14.36.27:379][  0]LogConfig: Setting CVar [[r.DOF.Scatter.ForegroundCompositing:1    ; additive foreground scattering]]
[2020.04.26-14.36.27:379][  0]LogConfig: Setting CVar [[r.DOF.Scatter.BackgroundCompositing:2    ; additive background scattering]]
[2020.04.26-14.36.27:379][  0]LogConfig: Setting CVar [[r.DOF.Scatter.EnableBokehSettings:1      ; bokeh simulation when scattering]]
[2020.04.26-14.36.27:379][  0]LogConfig: Setting CVar [[r.DOF.Scatter.MaxSpriteRatio:0.1         ; only a maximum of 10% of scattered bokeh]]
[2020.04.26-14.36.27:379][  0]LogConfig: Setting CVar [[r.DOF.Recombine.Quality:1                ; cheap slight out of focus]]
[2020.04.26-14.36.27:379][  0]LogConfig: Setting CVar [[r.DOF.Recombine.EnableBokehSettings:0    ; no bokeh simulation on slight out of focus]]
[2020.04.26-14.36.27:379][  0]LogConfig: Setting CVar [[r.DOF.TemporalAAQuality:1                ; more stable temporal accumulation]]
[2020.04.26-14.36.27:379][  0]LogConfig: Setting CVar [[r.DOF.Kernel.MaxForegroundRadius:0.025]]
[2020.04.26-14.36.27:379][  0]LogConfig: Setting CVar [[r.DOF.Kernel.MaxBackgroundRadius:0.025]]
[2020.04.26-14.36.27:379][  0]LogConfig: Applying CVar settings from Section [TextureQuality@3] File [C:/Users/Antonio/Documents/Unreal Projects/Oligocene_Project/Saved/Config/Windows/Scalability.ini]
[2020.04.26-14.36.27:379][  0]LogConfig: Setting CVar [[r.Streaming.MipBias:0]]
[2020.04.26-14.36.27:379][  0]LogConfig: Setting CVar [[r.Streaming.AmortizeCPUToGPUCopy:0]]
[2020.04.26-14.36.27:379][  0]LogConfig: Setting CVar [[r.Streaming.MaxNumTexturesToStreamPerFrame:0]]
[2020.04.26-14.36.27:379][  0]LogConfig: Setting CVar [[r.Streaming.Boost:1]]
[2020.04.26-14.36.27:379][  0]LogConfig: Setting CVar [[r.MaxAnisotropy:8]]
[2020.04.26-14.36.27:379][  0]LogConfig: Setting CVar [[r.VT.MaxAnisotropy:8]]
[2020.04.26-14.36.27:379][  0]LogConfig: Setting CVar [[r.Streaming.LimitPoolSizeToVRAM:0]]
[2020.04.26-14.36.27:379][  0]LogConfig: Setting CVar [[r.Streaming.PoolSize:1000]]
[2020.04.26-14.36.27:379][  0]LogConfig: Setting CVar [[r.Streaming.MaxEffectiveScreenSize:0]]
[2020.04.26-14.36.27:379][  0]LogConfig: Applying CVar settings from Section [EffectsQuality@3] File [C:/Users/Antonio/Documents/Unreal Projects/Oligocene_Project/Saved/Config/Windows/Scalability.ini]
[2020.04.26-14.36.27:379][  0]LogConfig: Setting CVar [[r.TranslucencyLightingVolumeDim:4]]
[2020.04.26-14.36.27:380][  0]LogConfig: Setting CVar [[r.RefractionQuality:2]]
[2020.04.26-14.36.27:380][  0]LogConfig: Setting CVar [[r.SSR.Quality:0]]
[2020.04.26-14.36.27:380][  0]LogConfig: Setting CVar [[r.SSR.HalfResSceneColor:0]]
[2020.04.26-14.36.27:380][  0]LogConfig: Setting CVar [[r.SceneColorFormat:2]]
[2020.04.26-14.36.27:380][  0]LogConfig: Setting CVar [[r.DetailMode:2]]
[2020.04.26-14.36.27:380][  0]LogConfig: Setting CVar [[r.TranslucencyVolumeBlur:0]]
[2020.04.26-14.36.27:380][  0]LogConfig: Setting CVar [[r.MaterialQualityLevel:1 ; High quality]]
[2020.04.26-14.36.27:380][  0]LogConfig: Setting CVar [[r.SSS.Scale:1]]
[2020.04.26-14.36.27:380][  0]LogConfig: Setting CVar [[r.SSS.SampleSet:2]]
[2020.04.26-14.36.27:380][  0]LogConfig: Setting CVar [[r.SSS.Quality:1]]
[2020.04.26-14.36.27:380][  0]LogConfig: Setting CVar [[r.SSS.HalfRes:1]]
[2020.04.26-14.36.27:380][  0]LogConfig: Setting CVar [[r.SSGI.Quality:3]]
[2020.04.26-14.36.27:380][  0]LogConfig: Setting CVar [[r.EmitterSpawnRateScale:1.0]]
[2020.04.26-14.36.27:380][  0]LogConfig: Setting CVar [[r.ParticleLightQuality:2]]
[2020.04.26-14.36.27:380][  0]LogConfig: Setting CVar [[r.SkyAtmosphere.AerialPerspectiveLUT.FastApplyOnOpaque:1 ; Always have FastSkyLUT 1 in this case to avoid wrong sky]]
[2020.04.26-14.36.27:380][  0]LogConfig: Setting CVar [[r.SkyAtmosphere.AerialPerspectiveLUT.SampleCountPerSlice:1]]
[2020.04.26-14.36.27:380][  0]LogConfig: Setting CVar [[r.SkyAtmosphere.AerialPerspectiveLUT.DepthResolution:16.0]]
[2020.04.26-14.36.27:380][  0]LogConfig: Setting CVar [[r.SkyAtmosphere.FastSkyLUT:1]]
[2020.04.26-14.36.27:380][  0]LogConfig: Setting CVar [[r.SkyAtmosphere.FastSkyLUT.SampleCountMin:4.0]]
[2020.04.26-14.36.27:380][  0]LogConfig: Setting CVar [[r.SkyAtmosphere.FastSkyLUT.SampleCountMax:32.0]]
[2020.04.26-14.36.27:380][  0]LogConfig: Setting CVar [[r.SkyAtmosphere.SampleCountMin:4.0]]
[2020.04.26-14.36.27:380][  0]LogConfig: Setting CVar [[r.SkyAtmosphere.SampleCountMax:32.0]]
[2020.04.26-14.36.27:380][  0]LogConfig: Setting CVar [[r.SkyAtmosphere.TransmittanceLUT.UseSmallFormat:0]]
[2020.04.26-14.36.27:380][  0]LogConfig: Setting CVar [[r.SkyAtmosphere.TransmittanceLUT.SampleCount:10.0]]
[2020.04.26-14.36.27:380][  0]LogConfig: Setting CVar [[r.SkyAtmosphere.MultiScatteringLUT.SampleCount:15.0]]
[2020.04.26-14.36.27:380][  0]LogConfig: Applying CVar settings from Section [FoliageQuality@3] File [C:/Users/Antonio/Documents/Unreal Projects/Oligocene_Project/Saved/Config/Windows/Scalability.ini]
[2020.04.26-14.36.27:380][  0]LogConfig: Setting CVar [[foliage.DensityScale:1.0]]
[2020.04.26-14.36.27:380][  0]LogConfig: Setting CVar [[grass.DensityScale:1.0]]
[2020.04.26-14.36.27:380][  0]LogConfig: Applying CVar settings from Section [ShadingQuality@3] File [C:/Users/Antonio/Documents/Unreal Projects/Oligocene_Project/Saved/Config/Windows/Scalability.ini]
[2020.04.26-14.36.27:380][  0]LogConfig: Setting CVar [[r.HairStrands.SkyLighting.SampleCount:16]]
[2020.04.26-14.36.27:380][  0]LogConfig: Setting CVar [[r.HairStrands.SkyLighting.JitterIntegration:0]]
[2020.04.26-14.36.27:380][  0]LogConfig: Setting CVar [[r.HairStrands.SkyAO.SampleCount:16]]
[2020.04.26-14.36.27:380][  0]LogConfig: Applying CVar settings from Section [Startup] File [../../../Engine/Config/ConsoleVariables.ini]
[2020.04.26-14.36.27:381][  0]LogConfig: Setting CVar [[net.UseAdaptiveNetUpdateFrequency:0]]
[2020.04.26-14.36.27:381][  0]LogConfig: Setting CVar [[p.chaos.AllowCreatePhysxBodies:1]]
[2020.04.26-14.36.27:381][  0]LogConfig: Applying CVar settings from Section [ConsoleVariables] File [C:/Users/Antonio/Documents/Unreal Projects/Oligocene_Project/Saved/Config/Windows/Engine.ini]
[2020.04.26-14.36.27:381][  0]LogInit: Computer: DESKTOP-A5808GU
[2020.04.26-14.36.27:381][  0]LogInit: User: Antonio
[2020.04.26-14.36.27:381][  0]LogInit: CPU Page size=4096, Cores=6
[2020.04.26-14.36.27:381][  0]LogInit: High frequency timer resolution =10.000000 MHz
[2020.04.26-14.36.27:381][  0]LogMemory: Memory total: Physical=15.8GB (16GB approx)
[2020.04.26-14.36.27:381][  0]LogMemory: Platform Memory Stats for Windows
[2020.04.26-14.36.27:381][  0]LogMemory: Process Physical Memory: 109.00 MB used, 109.00 MB peak
[2020.04.26-14.36.27:381][  0]LogMemory: Process Virtual Memory: 105.46 MB used, 105.46 MB peak
[2020.04.26-14.36.27:381][  0]LogMemory: Physical Memory: 9784.12 MB used,  6394.16 MB free, 16178.28 MB total
[2020.04.26-14.36.27:381][  0]LogMemory: Virtual Memory: 5200.64 MB used,  134212528.00 MB free, 134217728.00 MB total
[2020.04.26-14.36.27:385][  0]LogWindows: WindowsPlatformFeatures enabled
[2020.04.26-14.36.27:408][  0]LogInit: Using OS detected language (en-US).
[2020.04.26-14.36.27:408][  0]LogInit: Using OS detected locale (en-US).
[2020.04.26-14.36.27:409][  0]LogTextLocalizationManager: No specific localization for 'en-US' exists, so the 'en' localization will be used.
[2020.04.26-14.36.27:563][  0]LogInit: Setting process to per monitor DPI aware
[2020.04.26-14.36.27:596][  0]LogSlate: New Slate User Created.  User Index 0, Is Virtual User: 0
[2020.04.26-14.36.27:596][  0]LogSlate: Slate User Registered.  User Index 0, Is Virtual User: 0
[2020.04.26-14.36.27:789][  0]LogHMD: Failed to initialize OpenVR with code 117
[2020.04.26-14.36.27:789][  0]LogD3D11RHI: D3D11 min allowed feature level: 11_0
[2020.04.26-14.36.27:789][  0]LogD3D11RHI: D3D11 max allowed feature level: 11_0
[2020.04.26-14.36.27:789][  0]LogD3D11RHI: D3D11 adapters:
[2020.04.26-14.36.27:858][  0]LogD3D11RHI:    0. 'NVIDIA GeForce GTX 1060 with Max-Q Design' (Feature Level 11_0)
[2020.04.26-14.36.27:858][  0]LogD3D11RHI:       6052/0/8089 MB DedicatedVideo/DedicatedSystem/SharedSystem, Outputs:1, VendorId:0x10de
[2020.04.26-14.36.27:878][  0]LogD3D11RHI:    1. 'Intel(R) UHD Graphics 630' (Feature Level 11_0)
[2020.04.26-14.36.27:878][  0]LogD3D11RHI:       128/0/8089 MB DedicatedVideo/DedicatedSystem/SharedSystem, Outputs:0, VendorId:0x8086
[2020.04.26-14.36.27:880][  0]LogD3D11RHI:    2. 'Microsoft Basic Render Driver' (Feature Level 11_0)
[2020.04.26-14.36.27:880][  0]LogD3D11RHI:       0/0/8089 MB DedicatedVideo/DedicatedSystem/SharedSystem, Outputs:0, VendorId:0x1414
[2020.04.26-14.36.27:880][  0]LogD3D11RHI: Chosen D3D11 Adapter: 0
[2020.04.26-14.36.27:915][  0]LogD3D11RHI: Creating new Direct3DDevice
[2020.04.26-14.36.27:915][  0]LogD3D11RHI:     GPU DeviceId: 0x1c20 (for the marketing name, search the web for "GPU Device Id")
[2020.04.26-14.36.27:915][  0]LogWindows: EnumDisplayDevices:
[2020.04.26-14.36.27:916][  0]LogWindows:    0. 'Intel(R) UHD Graphics 630' (P:1 D:1)
[2020.04.26-14.36.27:916][  0]LogWindows:    1. 'Intel(R) UHD Graphics 630' (P:0 D:0)
[2020.04.26-14.36.27:917][  0]LogWindows:    2. 'Intel(R) UHD Graphics 630' (P:0 D:0)
[2020.04.26-14.36.27:917][  0]LogWindows:    3. 'NVIDIA GeForce GTX 1060 with Max-Q Design' (P:0 D:0)
[2020.04.26-14.36.27:918][  0]LogWindows: DebugString: PrimaryIsNotTheChoosenAdapter PrimaryIsNotTheChoosenAdapter PrimaryIsNotTheChoosenAdapter 
[2020.04.26-14.36.27:918][  0]LogD3D11RHI:     Adapter Name: NVIDIA GeForce GTX 1060 with Max-Q Design
[2020.04.26-14.36.27:918][  0]LogD3D11RHI:   Driver Version: 442.19 (internal:26.21.14.4219, unified:442.19)
[2020.04.26-14.36.27:918][  0]LogD3D11RHI:      Driver Date: 1-29-2020
[2020.04.26-14.36.27:918][  0]LogRHI: Texture pool is 4236 MB (70% of 6052 MB)
[2020.04.26-14.36.27:956][  0]LogD3D11RHI: RHI has support for 64 bit atomics
[2020.04.26-14.36.27:956][  0]LogD3D11RHI: Async texture creation enabled
[2020.04.26-14.36.27:972][  0]LogD3D11RHI: GPU Timing Frequency: 1000.000000 (Debug: 2 1)
[2020.04.26-14.36.28:266][  0]LogTargetPlatformManager: Display: Loaded TargetPlatform 'AllDesktop'
[2020.04.26-14.36.28:295][  0]LogTargetPlatformManager: Display: Loaded TargetPlatform 'Android'
[2020.04.26-14.36.28:295][  0]LogTargetPlatformManager: Display: Loaded TargetPlatform 'Android_ASTC'
[2020.04.26-14.36.28:295][  0]LogTargetPlatformManager: Display: Loaded TargetPlatform 'Android_ATC'
[2020.04.26-14.36.28:295][  0]LogTargetPlatformManager: Display: Loaded TargetPlatform 'Android_DXT'
[2020.04.26-14.36.28:295][  0]LogTargetPlatformManager: Display: Loaded TargetPlatform 'Android_ETC1'
[2020.04.26-14.36.28:295][  0]LogTargetPlatformManager: Display: Loaded TargetPlatform 'Android_ETC1a'
[2020.04.26-14.36.28:295][  0]LogTargetPlatformManager: Display: Loaded TargetPlatform 'Android_ETC2'
[2020.04.26-14.36.28:295][  0]LogTargetPlatformManager: Display: Loaded TargetPlatform 'Android_PVRTC'
[2020.04.26-14.36.28:295][  0]LogTargetPlatformManager: Display: Loaded TargetPlatform 'AndroidClient'
[2020.04.26-14.36.28:295][  0]LogTargetPlatformManager: Display: Loaded TargetPlatform 'Android_ASTCClient'
[2020.04.26-14.36.28:295][  0]LogTargetPlatformManager: Display: Loaded TargetPlatform 'Android_ATCClient'
[2020.04.26-14.36.28:295][  0]LogTargetPlatformManager: Display: Loaded TargetPlatform 'Android_DXTClient'
[2020.04.26-14.36.28:295][  0]LogTargetPlatformManager: Display: Loaded TargetPlatform 'Android_ETC1Client'
[2020.04.26-14.36.28:295][  0]LogTargetPlatformManager: Display: Loaded TargetPlatform 'Android_ETC1aClient'
[2020.04.26-14.36.28:295][  0]LogTargetPlatformManager: Display: Loaded TargetPlatform 'Android_ETC2Client'
[2020.04.26-14.36.28:295][  0]LogTargetPlatformManager: Display: Loaded TargetPlatform 'Android_PVRTCClient'
[2020.04.26-14.36.28:295][  0]LogTargetPlatformManager: Display: Loaded TargetPlatform 'Android_Multi'
[2020.04.26-14.36.28:295][  0]LogTargetPlatformManager: Display: Loaded TargetPlatform 'Android_MultiClient'
[2020.04.26-14.36.28:312][  0]LogTargetPlatformManager: Display: Loaded TargetPlatform 'IOSClient'
[2020.04.26-14.36.28:312][  0]LogTargetPlatformManager: Display: Loaded TargetPlatform 'IOS'
[2020.04.26-14.36.28:318][  0]LogTargetPlatformManager: Display: Loaded TargetPlatform 'LinuxNoEditor'
[2020.04.26-14.36.28:325][  0]LogTargetPlatformManager: Display: Loaded TargetPlatform 'LinuxClient'
[2020.04.26-14.36.28:331][  0]LogTargetPlatformManager: Display: Loaded TargetPlatform 'LinuxServer'
[2020.04.26-14.36.28:338][  0]LogTargetPlatformManager: Display: Loaded TargetPlatform 'LinuxAArch64NoEditor'
[2020.04.26-14.36.28:344][  0]LogTargetPlatformManager: Display: Loaded TargetPlatform 'LinuxAArch64Client'
[2020.04.26-14.36.28:351][  0]LogTargetPlatformManager: Display: Loaded TargetPlatform 'LinuxAArch64Server'
[2020.04.26-14.36.28:372][  0]LogTargetPlatformManager: Display: Loaded TargetPlatform 'Lumin'
[2020.04.26-14.36.28:372][  0]LogTargetPlatformManager: Display: Loaded TargetPlatform 'LuminClient'
[2020.04.26-14.36.28:385][  0]LogTargetPlatformManager: Display: Loaded TargetPlatform 'TVOSClient'
[2020.04.26-14.36.28:385][  0]LogTargetPlatformManager: Display: Loaded TargetPlatform 'TVOS'
[2020.04.26-14.36.28:391][  0]LogTargetPlatformManager: Display: Loaded TargetPlatform 'WindowsNoEditor'
[2020.04.26-14.36.28:397][  0]LogTargetPlatformManager: Display: Loaded TargetPlatform 'Windows'
[2020.04.26-14.36.28:404][  0]LogTargetPlatformManager: Display: Loaded TargetPlatform 'WindowsClient'
[2020.04.26-14.36.28:410][  0]LogTargetPlatformManager: Display: Loaded TargetPlatform 'WindowsServer'
[2020.04.26-14.36.28:410][  0]LogTargetPlatformManager: Display: Building Assets For Windows
[2020.04.26-14.36.28:413][  0]LogAudioDebug: Display: Lib vorbis DLL was dynamically loaded.
[2020.04.26-14.36.28:433][  0]LogShaderCompilers: Guid format shader working directory is -13 characters bigger than the processId version (C:/Users/Antonio/Documents/Unreal Projects/Oligocene_Project/Intermediate/Shaders/WorkingDirectory/25956/).
[2020.04.26-14.36.28:433][  0]LogShaderCompilers: Cleaned the shader compiler working directory 'C:/Users/Antonio/AppData/Local/Temp/UnrealShaderWorkingDir/92AB59CF4446C056D19DB78EF0054B06/'.
[2020.04.26-14.36.28:434][  0]LogXGEController: Cannot use XGE Controller as Incredibuild is not installed on this machine.
[2020.04.26-14.36.28:434][  0]LogShaderCompilers: Cannot use XGE Shader Compiler as Incredibuild is not installed on this machine.
[2020.04.26-14.36.28:434][  0]LogShaderCompilers: Display: Using Local Shader Compiler.
[2020.04.26-14.36.29:088][  0]LogDerivedDataCache: Display: Max Cache Size: 512 MB
[2020.04.26-14.36.29:148][  0]LogDerivedDataCache: Loaded boot cache 0.06s 103MB C:/Users/Antonio/AppData/Local/UnrealEngine/4.24/DerivedDataCache/Boot.ddc.
[2020.04.26-14.36.29:148][  0]LogDerivedDataCache: Display: Loaded Boot cache: C:/Users/Antonio/AppData/Local/UnrealEngine/4.24/DerivedDataCache/Boot.ddc
[2020.04.26-14.36.29:149][  0]LogDerivedDataCache: FDerivedDataBackendGraph:  Pak pak cache file C:/Users/Antonio/Documents/Unreal Projects/Oligocene_Project/DerivedDataCache/DDC.ddp not found, will not use a pak cache.
[2020.04.26-14.36.29:149][  0]LogDerivedDataCache: Unable to find inner node Pak for hierarchical cache Hierarchy.
[2020.04.26-14.36.29:149][  0]LogDerivedDataCache: FDerivedDataBackendGraph:  CompressedPak pak cache file C:/Users/Antonio/Documents/Unreal Projects/Oligocene_Project/DerivedDataCache/Compressed.ddp not found, will not use a pak cache.
[2020.04.26-14.36.29:149][  0]LogDerivedDataCache: Unable to find inner node CompressedPak for hierarchical cache Hierarchy.
[2020.04.26-14.36.29:157][  0]LogDerivedDataCache: Display: Pak cache opened for reading ../../../Engine/DerivedDataCache/Compressed.ddp.
[2020.04.26-14.36.29:157][  0]LogDerivedDataCache: FDerivedDataBackendGraph:  EnterprisePak pak cache file ../../../Enterprise/DerivedDataCache/Compressed.ddp not found, will not use a pak cache.
[2020.04.26-14.36.29:157][  0]LogDerivedDataCache: Unable to find inner node EnterprisePak for hierarchical cache Hierarchy.
[2020.04.26-14.36.29:159][  0]LogDerivedDataCache: Using Local data cache path C:/Users/Antonio/AppData/Local/UnrealEngine/Common/DerivedDataCache: Writable
[2020.04.26-14.36.29:159][  0]LogDerivedDataCache: Shared data cache path not found in *engine.ini, will not use an Shared cache.
[2020.04.26-14.36.29:159][  0]LogDerivedDataCache: Unable to find inner node Shared for hierarchical cache Hierarchy.
[2020.04.26-14.36.29:187][  0]LogMaterial: Verifying Global Shaders for PCD3D_SM5
[2020.04.26-14.36.29:189][  0]LogSlate: Using FreeType 2.10.0
[2020.04.26-14.36.29:189][  0]LogSlate: SlateFontServices - WITH_FREETYPE: 1, WITH_HARFBUZZ: 1
[2020.04.26-14.36.29:235][  0]LogAssetRegistry: FAssetRegistry took 0.0021 seconds to start up
[2020.04.26-14.36.29:496][  0]LogInit: Selected Device Profile: [Windows]
[2020.04.26-14.36.29:633][  0]LogMeshReduction: Using QuadricMeshReduction for automatic static mesh reduction
[2020.04.26-14.36.29:633][  0]LogMeshReduction: Using SimplygonMeshReduction for automatic skeletal mesh reduction
[2020.04.26-14.36.29:633][  0]LogMeshReduction: Using ProxyLODMeshReduction for automatic mesh merging
[2020.04.26-14.36.29:633][  0]LogMeshReduction: No distributed automatic mesh merging module available
[2020.04.26-14.36.29:633][  0]LogMeshMerging: No distributed automatic mesh merging module available
[2020.04.26-14.36.29:644][  0]LogNetVersion: Oligocene_Project 1.0.0, NetCL: 10570792, EngineNetVer: 13, GameNetVer: 0 (Checksum: 2964558787)
[2020.04.26-14.36.30:610][  0]LogPackageLocalizationCache: Processed 10 localized package path(s) for 1 prioritized culture(s) in 0.045818 seconds
[2020.04.26-14.36.30:618][  0]LogUObjectArray: 46750 objects as part of root set at end of initial load.
[2020.04.26-14.36.30:618][  0]LogUObjectAllocator: 8137160 out of 0 bytes used by permanent object pool.
[2020.04.26-14.36.30:618][  0]LogUObjectArray: CloseDisregardForGC: 0/0 objects in disregard for GC pool
[2020.04.26-14.36.30:973][  0]LogTcpMessaging: Initializing TcpMessaging bridge
[2020.04.26-14.36.30:976][  0]LogUdpMessaging: Initializing bridge on interface 0.0.0.0:0 to multicast group 230.0.0.1:6666.
[2020.04.26-14.36.31:026][  0]SourceControl: Source control is disabled
[2020.04.26-14.36.31:026][  0]LogWindows: Warning: CreateProc failed: The system cannot find the file specified. (0x00000002)
[2020.04.26-14.36.31:026][  0]LogWindows: Warning: URL: C:/Program Files/Git/bin/git.exe version
[2020.04.26-14.36.31:026][  0]LogWindows: Warning: CreateProc failed: The system cannot find the file specified. (0x00000002)
[2020.04.26-14.36.31:026][  0]LogWindows: Warning: URL: C:/Program Files (x86)/Git/bin/git.exe version
[2020.04.26-14.36.31:027][  0]LogWindows: Warning: CreateProc failed: The system cannot find the file specified. (0x00000002)
[2020.04.26-14.36.31:027][  0]LogWindows: Warning: URL: C:\Users\Antonio\AppData\Local/Programs/Git/cmd/git.exe version
[2020.04.26-14.36.31:027][  0]LogWindows: Warning: CreateProc failed: The system cannot find the file specified. (0x00000002)
[2020.04.26-14.36.31:027][  0]LogWindows: Warning: URL: C:/Program Files (x86)/SmartGit/git/bin/git.exe version
[2020.04.26-14.36.31:027][  0]LogWindows: Warning: CreateProc failed: The system cannot find the file specified. (0x00000002)
[2020.04.26-14.36.31:027][  0]LogWindows: Warning: URL: C:/Program Files (x86)/SmartGit/bin/git.exe version
[2020.04.26-14.36.31:027][  0]LogWindows: Warning: CreateProc failed: The system cannot find the file specified. (0x00000002)
[2020.04.26-14.36.31:027][  0]LogWindows: Warning: URL: C:\Users\Antonio\AppData\Local/Atlassian/SourceTree/git_local/bin/git.exe version
[2020.04.26-14.36.31:027][  0]LogWindows: Warning: CreateProc failed: The system cannot find the file specified. (0x00000002)
[2020.04.26-14.36.31:027][  0]LogWindows: Warning: URL: C:/Program Files (x86)/fournova/Tower/vendor/Git/bin/git.exe version
[2020.04.26-14.36.31:028][  0]LogWindows: Warning: CreateProc failed: The system cannot find the file specified. (0x00000002)
[2020.04.26-14.36.31:029][  0]LogWindows: Warning: URL: C:/Program Files/Git/bin/git.exe version
[2020.04.26-14.36.31:029][  0]LogWindows: Warning: CreateProc failed: The system cannot find the file specified. (0x00000002)
[2020.04.26-14.36.31:029][  0]LogWindows: Warning: URL: C:/Program Files (x86)/Git/bin/git.exe version
[2020.04.26-14.36.31:029][  0]LogWindows: Warning: CreateProc failed: The system cannot find the file specified. (0x00000002)
[2020.04.26-14.36.31:029][  0]LogWindows: Warning: URL: C:\Users\Antonio\AppData\Local/Programs/Git/cmd/git.exe version
[2020.04.26-14.36.31:029][  0]LogWindows: Warning: CreateProc failed: The system cannot find the file specified. (0x00000002)
[2020.04.26-14.36.31:029][  0]LogWindows: Warning: URL: C:/Program Files (x86)/SmartGit/git/bin/git.exe version
[2020.04.26-14.36.31:029][  0]LogWindows: Warning: CreateProc failed: The system cannot find the file specified. (0x00000002)
[2020.04.26-14.36.31:029][  0]LogWindows: Warning: URL: C:/Program Files (x86)/SmartGit/bin/git.exe version
[2020.04.26-14.36.31:029][  0]LogWindows: Warning: CreateProc failed: The system cannot find the file specified. (0x00000002)
[2020.04.26-14.36.31:029][  0]LogWindows: Warning: URL: C:\Users\Antonio\AppData\Local/Atlassian/SourceTree/git_local/bin/git.exe version
[2020.04.26-14.36.31:029][  0]LogWindows: Warning: CreateProc failed: The system cannot find the file specified. (0x00000002)
[2020.04.26-14.36.31:029][  0]LogWindows: Warning: URL: C:/Program Files (x86)/fournova/Tower/vendor/Git/bin/git.exe version
[2020.04.26-14.36.31:030][  0]LogWindows: Warning: CreateProc failed: The system cannot find the file specified. (0x00000002)
[2020.04.26-14.36.31:030][  0]LogWindows: Warning: URL: C:/Program Files/Git/bin/git.exe version
[2020.04.26-14.36.31:030][  0]LogWindows: Warning: CreateProc failed: The system cannot find the file specified. (0x00000002)
[2020.04.26-14.36.31:030][  0]LogWindows: Warning: URL: C:/Program Files (x86)/Git/bin/git.exe version
[2020.04.26-14.36.31:031][  0]LogWindows: Warning: CreateProc failed: The system cannot find the file specified. (0x00000002)
[2020.04.26-14.36.31:031][  0]LogWindows: Warning: URL: C:\Users\Antonio\AppData\Local/Programs/Git/cmd/git.exe version
[2020.04.26-14.36.31:031][  0]LogWindows: Warning: CreateProc failed: The system cannot find the file specified. (0x00000002)
[2020.04.26-14.36.31:031][  0]LogWindows: Warning: URL: C:/Program Files (x86)/SmartGit/git/bin/git.exe version
[2020.04.26-14.36.31:031][  0]LogWindows: Warning: CreateProc failed: The system cannot find the file specified. (0x00000002)
[2020.04.26-14.36.31:031][  0]LogWindows: Warning: URL: C:/Program Files (x86)/SmartGit/bin/git.exe version
[2020.04.26-14.36.31:031][  0]LogWindows: Warning: CreateProc failed: The system cannot find the file specified. (0x00000002)
[2020.04.26-14.36.31:031][  0]LogWindows: Warning: URL: C:\Users\Antonio\AppData\Local/Atlassian/SourceTree/git_local/bin/git.exe version
[2020.04.26-14.36.31:031][  0]LogWindows: Warning: CreateProc failed: The system cannot find the file specified. (0x00000002)
[2020.04.26-14.36.31:031][  0]LogWindows: Warning: URL: C:/Program Files (x86)/fournova/Tower/vendor/Git/bin/git.exe version
[2020.04.26-14.36.31:032][  0]LogWindows: Warning: CreateProc failed: The system cannot find the file specified. (0x00000002)
[2020.04.26-14.36.31:032][  0]LogWindows: Warning: URL: C:/Program Files/Git/bin/git.exe version
[2020.04.26-14.36.31:033][  0]LogWindows: Warning: CreateProc failed: The system cannot find the file specified. (0x00000002)
[2020.04.26-14.36.31:033][  0]LogWindows: Warning: URL: C:/Program Files (x86)/Git/bin/git.exe version
[2020.04.26-14.36.31:033][  0]LogWindows: Warning: CreateProc failed: The system cannot find the file specified. (0x00000002)
[2020.04.26-14.36.31:033][  0]LogWindows: Warning: URL: C:\Users\Antonio\AppData\Local/Programs/Git/cmd/git.exe version
[2020.04.26-14.36.31:033][  0]LogWindows: Warning: CreateProc failed: The system cannot find the file specified. (0x00000002)
[2020.04.26-14.36.31:033][  0]LogWindows: Warning: URL: C:/Program Files (x86)/SmartGit/git/bin/git.exe version
[2020.04.26-14.36.31:033][  0]LogWindows: Warning: CreateProc failed: The system cannot find the file specified. (0x00000002)
[2020.04.26-14.36.31:033][  0]LogWindows: Warning: URL: C:/Program Files (x86)/SmartGit/bin/git.exe version
[2020.04.26-14.36.31:033][  0]LogWindows: Warning: CreateProc failed: The system cannot find the file specified. (0x00000002)
[2020.04.26-14.36.31:033][  0]LogWindows: Warning: URL: C:\Users\Antonio\AppData\Local/Atlassian/SourceTree/git_local/bin/git.exe version
[2020.04.26-14.36.31:033][  0]LogWindows: Warning: CreateProc failed: The system cannot find the file specified. (0x00000002)
[2020.04.26-14.36.31:033][  0]LogWindows: Warning: URL: C:/Program Files (x86)/fournova/Tower/vendor/Git/bin/git.exe version
[2020.04.26-14.36.31:111][  0]LogAndroidPermission: UAndroidPermissionCallbackProxy::GetInstance
[2020.04.26-14.36.31:122][  0]LogAudioCaptureCore: Display: No Audio Capture implementations found. Audio input will be silent.
[2020.04.26-14.36.31:122][  0]LogAudioCaptureCore: Display: No Audio Capture implementations found. Audio input will be silent.
[2020.04.26-14.36.31:198][  0]LogOcInput: OculusInput pre-init called
[2020.04.26-14.36.31:776][  0]LogEngine: Initializing Engine...
[2020.04.26-14.36.31:846][  0]LogHMD: Failed to initialize OpenVR with code 108
[2020.04.26-14.36.31:846][  0]LogStats: UGameplayTagsManager::InitializeManager -  0.000 s
[2020.04.26-14.36.32:143][  0]LogInit: Initializing FReadOnlyCVARCache
[2020.04.26-14.36.32:148][  0]LogAIModule: Creating AISystem for world Untitled
[2020.04.26-14.36.32:165][  0]LogAudioMixer: Display: Audio Mixer Platform Settings:
[2020.04.26-14.36.32:165][  0]LogAudioMixer: Display: 	Sample Rate:						  48000
[2020.04.26-14.36.32:165][  0]LogAudioMixer: Display: 	Callback Buffer Frame Size Requested: 1024
[2020.04.26-14.36.32:165][  0]LogAudioMixer: Display: 	Callback Buffer Frame Size To Use:	  1024
[2020.04.26-14.36.32:165][  0]LogAudioMixer: Display: 	Number of buffers to queue:			  2
[2020.04.26-14.36.32:165][  0]LogAudioMixer: Display: 	Max Channels (voices):				  32
[2020.04.26-14.36.32:166][  0]LogAudioMixer: Display: 	Number of Async Source Workers:		  0
[2020.04.26-14.36.32:166][  0]LogAudio: Display: AudioDevice MaxSources: 32
[2020.04.26-14.36.32:166][  0]LogAudio: Display: Using built-in audio occlusion.
[2020.04.26-14.36.32:166][  0]LogAudioMixer: Display: Initializing audio mixer.
[2020.04.26-14.36.32:197][  0]LogAudioMixer: Display: Audio Device Output Speaker Info:
[2020.04.26-14.36.32:197][  0]LogAudioMixer: Display: Name: Speakers/Headphones (Realtek(R) Audio)
[2020.04.26-14.36.32:197][  0]LogAudioMixer: Display: Is Default: Yes
[2020.04.26-14.36.32:197][  0]LogAudioMixer: Display: Sample Rate: 48000
[2020.04.26-14.36.32:197][  0]LogAudioMixer: Display: Channel Count Used: 2
[2020.04.26-14.36.32:197][  0]LogAudioMixer: Display: Device Channel Count: 2
[2020.04.26-14.36.32:197][  0]LogAudioMixer: Display: Channel Order:
[2020.04.26-14.36.32:197][  0]LogAudioMixer: Display: 0: FrontLeft
[2020.04.26-14.36.32:197][  0]LogAudioMixer: Display: 1: FrontRight
[2020.04.26-14.36.32:326][  0]LogAudioMixer: Display: Using Audio Device Speakers/Headphones (Realtek(R) Audio)
[2020.04.26-14.36.32:331][  0]LogInit: FAudioDevice initialized.
[2020.04.26-14.36.32:332][  0]LogNetVersion: Set ProjectVersion to 1.0.0.0. Version Checksum will be recalculated on next use.
[2020.04.26-14.36.32:529][  0]LogDerivedDataCache: Saved boot cache 0.20s 103MB C:/Users/Antonio/AppData/Local/UnrealEngine/4.24/DerivedDataCache/Boot.ddc.
[2020.04.26-14.36.32:537][  0]LogInit: Texture streaming: Enabled
[2020.04.26-14.36.32:547][  0]LogEngineSessionManager: EngineSessionManager initialized
[2020.04.26-14.36.32:548][  0]LogEditorSessionSummary: Verbose: Initializing EditorSessionSummaryWriter for editor session tracking
[2020.04.26-14.36.32:551][  0]LogEditorSessionSummary: EditorSessionSummaryWriter initialized
[2020.04.26-14.36.32:614][  0]LogInit: Transaction tracking system initialized
[2020.04.26-14.36.32:624][  0]BlueprintLog: New page: Editor Load
[2020.04.26-14.36.32:652][  0]LocalizationService: Localization service is disabled
[2020.04.26-14.36.33:087][  0]LogFileCache: Scanning file cache for directory 'C:/Users/Antonio/Documents/Unreal Projects/Oligocene_Project/Content/' took 0.02s
[2020.04.26-14.36.33:087][  0]LogCook: Display: Max memory allowance for cook 16384mb min free memory 0mb
[2020.04.26-14.36.33:088][  0]LogCook: Display: Mobile HDR setting 1
[2020.04.26-14.36.33:741][  0]LogWindows: Warning: CreateProc failed: The system cannot find the file specified. (0x00000002)
[2020.04.26-14.36.33:741][  0]LogWindows: Warning: URL: C:/Program Files/Git/bin/git.exe version
[2020.04.26-14.36.33:741][  0]LogWindows: Warning: CreateProc failed: The system cannot find the file specified. (0x00000002)
[2020.04.26-14.36.33:741][  0]LogWindows: Warning: URL: C:/Program Files (x86)/Git/bin/git.exe version
[2020.04.26-14.36.33:741][  0]LogWindows: Warning: CreateProc failed: The system cannot find the file specified. (0x00000002)
[2020.04.26-14.36.33:741][  0]LogWindows: Warning: URL: C:\Users\Antonio\AppData\Local/Programs/Git/cmd/git.exe version
[2020.04.26-14.36.33:741][  0]LogWindows: Warning: CreateProc failed: The system cannot find the file specified. (0x00000002)
[2020.04.26-14.36.33:741][  0]LogWindows: Warning: URL: C:/Program Files (x86)/SmartGit/git/bin/git.exe version
[2020.04.26-14.36.33:741][  0]LogWindows: Warning: CreateProc failed: The system cannot find the file specified. (0x00000002)
[2020.04.26-14.36.33:741][  0]LogWindows: Warning: URL: C:/Program Files (x86)/SmartGit/bin/git.exe version
[2020.04.26-14.36.33:741][  0]LogWindows: Warning: CreateProc failed: The system cannot find the file specified. (0x00000002)
[2020.04.26-14.36.33:741][  0]LogWindows: Warning: URL: C:\Users\Antonio\AppData\Local/Atlassian/SourceTree/git_local/bin/git.exe version
[2020.04.26-14.36.33:742][  0]LogWindows: Warning: CreateProc failed: The system cannot find the file specified. (0x00000002)
[2020.04.26-14.36.33:742][  0]LogWindows: Warning: URL: C:/Program Files (x86)/fournova/Tower/vendor/Git/bin/git.exe version
[2020.04.26-14.36.33:742][  0]Cmd: MAP LOAD FILE="C:/Users/Antonio/Documents/Unreal Projects/Oligocene_Project/Content/VirtualRealityBP/Maps/Oligocene_Playable.umap" TEMPLATE=0 SHOWPROGRESS=1 FEATURELEVEL=3
[2020.04.26-14.36.33:749][  0]LightingResults: New page: Lighting Build
[2020.04.26-14.36.33:750][  0]LogWorld: UWorld::CleanupWorld for Untitled, bSessionEnded=true, bCleanupResources=true
[2020.04.26-14.36.33:750][  0]LogSlate: InvalidateAllWidgets triggered.  All widgets were invalidated
[2020.04.26-14.36.33:750][  0]MapCheck: New page: Map Check
[2020.04.26-14.36.33:750][  0]LightingResults: New page: Lighting Build
[2020.04.26-14.36.33:781][  0]LogUObjectHash: Compacting FUObjectHashTables data took   1.48ms
[2020.04.26-14.36.45:375][  0]LogAIModule: Creating AISystem for world Oligocene_Playable
[2020.04.26-14.36.45:721][  0]LogEditorServer: Finished looking for orphan Actors (0.000 secs)
[2020.04.26-14.36.45:814][  0]LogUObjectHash: Compacting FUObjectHashTables data took   2.28ms
[2020.04.26-14.36.45:815][  0]Cmd: MAP CHECKDEP NOCLEARLOG
[2020.04.26-14.36.45:816][  0]MapCheck: Map check complete: 0 Error(s), 0 Warning(s), took 0.279ms to complete.
[2020.04.26-14.36.45:816][  0]LogFileHelpers: Loading map 'Oligocene_Playable' took 12.075
[2020.04.26-14.36.46:125][  0]LogSlate: Updating window title bar state: overlay mode, drag disabled, window buttons hidden, title bar hidden
[2020.04.26-14.36.46:131][  0]LogSlate: Updating window title bar state: overlay mode, drag disabled, window buttons hidden, title bar hidden
[2020.04.26-14.36.46:138][  0]LogSlate: Updating window title bar state: overlay mode, drag disabled, window buttons hidden, title bar hidden
[2020.04.26-14.36.46:145][  0]LogSlate: Updating window title bar state: overlay mode, drag disabled, window buttons hidden, title bar hidden
[2020.04.26-14.36.46:153][  0]LogCollectionManager: Loaded 0 collections in 0.000925 seconds
[2020.04.26-14.36.46:222][  0]LogFileCache: Scanning file cache for directory 'C:/Users/Antonio/Documents/Unreal Projects/Oligocene_Project/Saved/Collections/' took 0.00s
[2020.04.26-14.36.46:222][  0]LogFileCache: Scanning file cache for directory 'C:/Users/Antonio/Documents/Unreal Projects/Oligocene_Project/Content/Developers/Antonio/Collections/' took 0.00s
[2020.04.26-14.36.46:222][  0]LogFileCache: Scanning file cache for directory 'C:/Users/Antonio/Documents/Unreal Projects/Oligocene_Project/Content/Collections/' took 0.00s
[2020.04.26-14.36.46:222][  0]LogContentBrowser: Native class hierarchy populated in 0.0073 seconds. Added 3015 classes and 717 folders.
[2020.04.26-14.36.46:368][  0]LogContentBrowser: Native class hierarchy updated for 'WidgetCarousel' in 0.0002 seconds. Added 0 classes and 0 folders.
[2020.04.26-14.36.47:998][  0]LogContentBrowser: Native class hierarchy updated for 'AddContentDialog' in 0.0002 seconds. Added 0 classes and 0 folders.
[2020.04.26-14.36.48:031][  0]LogContentBrowser: Native class hierarchy updated for 'SceneOutliner' in 0.0002 seconds. Added 2 classes and 3 folders.
[2020.04.26-14.36.48:267][  0]LogSlate: Took 0.000116 seconds to synchronously load lazily loaded font '../../../Engine/Content/Slate/Fonts/Roboto-Regular.ttf' (155K)
[2020.04.26-14.36.48:269][  0]LogSlate: Took 0.000117 seconds to synchronously load lazily loaded font '../../../Engine/Content/Slate/Fonts/Roboto-Bold.ttf' (160K)
[2020.04.26-14.36.48:293][  0]LogSlate: Took 0.018432 seconds to synchronously load lazily loaded font '../../../Engine/Content/Editor/Slate/Fonts/FontAwesome.ttf' (139K)
[2020.04.26-14.36.48:441][  0]LogRenderer: Reallocating scene render targets to support 888x428 Format 26 NumSamples 1 (Frame:1).
[2020.04.26-14.36.49:049][  0]LogContentBrowser: Native class hierarchy updated for 'HierarchicalLODOutliner' in 0.0002 seconds. Added 0 classes and 0 folders.
[2020.04.26-14.36.49:049][  0]LogLoad: (Engine Initialization) Total time: 23.35 seconds
[2020.04.26-14.36.49:049][  0]LogLoad: (Engine Initialization) Total Blueprint compile time: 0.00 seconds
[2020.04.26-14.36.49:140][  0]LogContentStreaming: Texture pool size now 1000 MB
[2020.04.26-14.36.49:205][  0]LogSlate: Took 0.017097 seconds to synchronously load lazily loaded font '../../../Engine/Content/Slate/Fonts/Roboto-Light.ttf' (167K)
[2020.04.26-14.36.53:781][245]LogAssetRegistry: Asset discovery search completed in 24.5471 seconds
[2020.04.26-14.36.53:785][245]LogCollectionManager: Fixed up redirectors for 0 collections in 0.000007 seconds (updated 0 objects)
[2020.04.26-14.36.55:906][336]LogEditorViewport: Clicking on Actor (LMB): StaticMeshActor (rough_aquarium_base_dome2)
[2020.04.26-14.36.57:598][399]Cmd: CAMERA ALIGN ACTIVEVIEWPORTONLY
[2020.04.26-14.37.30:001][ 84]LogSlate: Took 0.000110 seconds to synchronously load lazily loaded font '../../../Engine/Content/Slate/Fonts/Roboto-Light.ttf' (167K)
[2020.04.26-14.37.30:032][ 84]LogFactory: FactoryCreateFile: StaticMesh with FbxFactory (0 0 D:\SDGM_560-VR\Ray\Cownoseray_Model.fbx)
[2020.04.26-14.37.30:286][ 84]LogFbx: Loading FBX Scene from D:\SDGM_560-VR\Ray\Cownoseray_Model.fbx
[2020.04.26-14.37.30:314][ 84]LogFbx: FBX Scene Loaded Succesfully
[2020.04.26-14.37.54:583][ 84]LogSlate: Window 'FBX Import Options' being destroyed
[2020.04.26-14.37.54:613][ 84]LogFbx: Valid bind pose for Pose (skinCluster1) - Cownosed_Ray_body
[2020.04.26-14.37.54:613][ 84]LogFbx: Valid bind pose for Pose (skinCluster2) - Cownosed_Ray_body
[2020.04.26-14.37.54:776][ 84]LogMaterial: Display: Material /Game/Characters/Ray/lambert2.lambert2 needed to have new flag set bUsedWithSkeletalMesh !
[2020.04.26-14.37.54:780][ 84]LogMaterial: Display: Missing cached shader map for material lambert2, compiling. 
[2020.04.26-14.37.54:839][ 84]LogMaterial: Display: Missing cached shader map for material lambert2, compiling. 
[2020.04.26-14.37.54:872][ 84]LogShaderCompilers: Display: Worker (1/9): shaders left to compile 39
[2020.04.26-14.37.54:872][ 84]LogShaderCompilers: Display: Worker (2/9): shaders left to compile 34
[2020.04.26-14.37.54:873][ 84]LogShaderCompilers: Display: Worker (3/9): shaders left to compile 29
[2020.04.26-14.37.54:873][ 84]LogShaderCompilers: Display: Worker (4/9): shaders left to compile 24
[2020.04.26-14.37.54:873][ 84]LogShaderCompilers: Display: Worker (5/9): shaders left to compile 19
[2020.04.26-14.37.54:873][ 84]LogShaderCompilers: Display: Worker (6/9): shaders left to compile 14
[2020.04.26-14.37.54:873][ 84]LogShaderCompilers: Display: Worker (7/9): shaders left to compile 9
[2020.04.26-14.37.54:873][ 84]LogShaderCompilers: Display: Worker (8/9): shaders left to compile 4
[2020.04.26-14.37.54:873][ 84]LogFbx: Triangulating skeletal mesh Cownosed_Ray_body
[2020.04.26-14.37.55:024][ 84]LogFbx: Triangulating skeletal mesh Cownosed_Ray_eyes
[2020.04.26-14.37.55:083][ 84]LogFbx: Warning: Bones digested - 47  Depth of hierarchy - 9
[2020.04.26-14.37.55:204][ 84]LogSkeletalMesh: Section 0: 2855 vertices, 18 active bones
[2020.04.26-14.37.55:204][ 84]LogSkeletalMesh: Section 0: Material=0, 4904 triangles
[2020.04.26-14.37.55:206][ 84]LogSkeletalMesh: Building Skeletal Mesh Cownoseray_Model...
[2020.04.26-14.37.55:300][ 84]LogSkeletalMesh: Section 0: 2855 vertices, 18 active bones
[2020.04.26-14.37.55:300][ 84]LogSkeletalMesh: Section 0: Material=0, 4904 triangles
[2020.04.26-14.37.55:313][ 84]LogSkeletalMesh: Built Skeletal Mesh [0.11s] /Game/Characters/Ray/Cownoseray_Model.Cownoseray_Model
[2020.04.26-14.37.55:313][ 84]LogLinker: Failed to load '/Game/Characters/Ray/Cownoseray_Model_Skeleton': Can't find file.
[2020.04.26-14.37.55:313][ 84]LogLinker: Failed to load '/Game/Characters/Ray/Cownoseray_Model_Skeleton': Can't find file.
[2020.04.26-14.37.55:316][ 84]LogLinker: Failed to load '/Game/Characters/Ray/Cownoseray_Model_PhysicsAsset': Can't find file.
[2020.04.26-14.37.55:316][ 84]LogLinker: Failed to load '/Game/Characters/Ray/Cownoseray_Model_PhysicsAsset': Can't find file.
[2020.04.26-14.37.55:402][ 84]LogWorld: UWorld::CleanupWorld for World_2, bSessionEnded=true, bCleanupResources=true
[2020.04.26-14.37.55:403][ 84]LogSlate: InvalidateAllWidgets triggered.  All widgets were invalidated
[2020.04.26-14.37.55:429][ 84]FBXImport: Warning: Mesh [Geometry have no name] in the fbx file is not reference by any hierarchy node. 
[2020.04.26-14.37.55:429][ 84]FBXImport: Warning: Mesh [Geometry have no name] in the fbx file is not reference by any hierarchy node. 
[2020.04.26-14.37.55:429][ 84]FBXImport: Warning: Mesh [Geometry have no name] in the fbx file is not reference by any hierarchy node. 
[2020.04.26-14.37.55:429][ 84]FBXImport: Warning: Mesh [Geometry have no name] in the fbx file is not reference by any hierarchy node. 
[2020.04.26-14.37.55:429][ 84]FBXImport: Warning: Mesh [Geometry have no name] in the fbx file is not reference by any hierarchy node. 
[2020.04.26-14.37.55:429][ 84]FBXImport: Warning: Mesh [Geometry have no name] in the fbx file is not reference by any hierarchy node. 
[2020.04.26-14.37.55:429][ 84]FBXImport: Warning: Mesh [Geometry have no name] in the fbx file is not reference by any hierarchy node. 
[2020.04.26-14.37.55:429][ 84]FBXImport: Warning: Mesh [Geometry have no name] in the fbx file is not reference by any hierarchy node. 
[2020.04.26-14.37.55:429][ 84]FBXImport: Warning: Mesh [Geometry have no name] in the fbx file is not reference by any hierarchy node. 
[2020.04.26-14.37.55:429][ 84]FBXImport: Warning: Mesh [Geometry have no name] in the fbx file is not reference by any hierarchy node. 
[2020.04.26-14.37.55:429][ 84]FBXImport: Warning: Mesh [Geometry have no name] in the fbx file is not reference by any hierarchy node. 
[2020.04.26-14.37.55:429][ 84]FBXImport: Warning: Mesh [Geometry have no name] in the fbx file is not reference by any hierarchy node. 
[2020.04.26-14.37.55:429][ 84]FBXImport: Warning: Mesh [Geometry have no name] in the fbx file is not reference by any hierarchy node. 
[2020.04.26-14.37.55:429][ 84]FBXImport: Warning: Mesh [Geometry have no name] in the fbx file is not reference by any hierarchy node. 
[2020.04.26-14.37.55:429][ 84]FBXImport: Warning: Mesh [Geometry have no name] in the fbx file is not reference by any hierarchy node. 
[2020.04.26-14.37.55:429][ 84]FBXImport: Warning: Mesh [Geometry have no name] in the fbx file is not reference by any hierarchy node. 
[2020.04.26-14.37.55:429][ 84]FBXImport: Warning: Mesh [Geometry have no name] in the fbx file is not reference by any hierarchy node. 
[2020.04.26-14.37.55:429][ 84]FBXImport: Warning: Mesh [Geometry have no name] in the fbx file is not reference by any hierarchy node. 
[2020.04.26-14.37.55:429][ 84]FBXImport: Warning: Mesh [Geometry have no name] in the fbx file is not reference by any hierarchy node. 
[2020.04.26-14.37.55:429][ 84]FBXImport: Warning: Mesh [Geometry have no name] in the fbx file is not reference by any hierarchy node. 
[2020.04.26-14.37.55:429][ 84]FBXImport: Warning: Mesh [Geometry have no name] in the fbx file is not reference by any hierarchy node. 
[2020.04.26-14.37.55:429][ 84]FBXImport: Warning: Mesh [Geometry have no name] in the fbx file is not reference by any hierarchy node. 
[2020.04.26-14.37.55:429][ 84]FBXImport: Warning: Mesh [Geometry have no name] in the fbx file is not reference by any hierarchy node. 
[2020.04.26-14.37.55:429][ 84]FBXImport: Warning: Mesh [Geometry have no name] in the fbx file is not reference by any hierarchy node. 
[2020.04.26-14.37.55:429][ 84]FBXImport: Warning: Mesh [Geometry have no name] in the fbx file is not reference by any hierarchy node. 
[2020.04.26-14.37.55:429][ 84]FBXImport: Warning: Mesh [Geometry have no name] in the fbx file is not reference by any hierarchy node. 
[2020.04.26-14.37.55:429][ 84]FBXImport: Warning: Mesh [Geometry have no name] in the fbx file is not reference by any hierarchy node. 
[2020.04.26-14.37.55:429][ 84]FBXImport: Warning: Mesh [Geometry have no name] in the fbx file is not reference by any hierarchy node. 
[2020.04.26-14.37.55:429][ 84]FBXImport: Warning: Mesh [Geometry have no name] in the fbx file is not reference by any hierarchy node. 
[2020.04.26-14.37.55:429][ 84]FBXImport: Warning: Mesh [Geometry have no name] in the fbx file is not reference by any hierarchy node. 
[2020.04.26-14.37.55:429][ 84]FBXImport: Warning: Mesh [Geometry have no name] in the fbx file is not reference by any hierarchy node. 
[2020.04.26-14.37.55:429][ 84]FBXImport: Warning: Mesh [Geometry have no name] in the fbx file is not reference by any hierarchy node. 
[2020.04.26-14.37.55:429][ 84]FBXImport: Warning: The following bones are missing from the bind pose:
CTRL_GRP  
Lf_fin_CTRL_GRP  
Lf_fin_1_ctrl_ref  
Lf_fin_1_ctrl_auto  
spine_CTRL_GRP  
spine_1_ctrl_ref  
spine_1_ctrl_auto  
placer_CTRL_GRP  
global_ctrl_ref  
Rt_fin_CTRL_GRP  
Rt_fin_1_ctrl_ref  
Rt_fin_1_ctrl_auto  
tail_CTRL_GRP  
tail_1_ctrl_ref  
tail_1_ctrl_auto  
head_CTRL_GRP  
head_1_ctrl_ref  

This can happen for bones that are not vert weighted. If they are not in the correct orientation after importing,
please set the "Use T0 as ref pose" option or add them to the bind pose and reimport the skeletal mesh. 
[2020.04.26-14.37.58:818][216]LogSlate: Window 'Message Log' being destroyed
[2020.04.26-14.37.58:824][216]LogSlate: Window 'Message Log' being destroyed
[2020.04.26-14.40.07:998][815]LogFactory: FactoryCreateFile: StaticMesh with FbxFactory (0 0 D:\SDGM_560-VR\Ray\PatrickArmario_CowNoseStingray_SwimForward.fbx)
[2020.04.26-14.40.08:009][815]LogFbx: Loading FBX Scene from D:\SDGM_560-VR\Ray\PatrickArmario_CowNoseStingray_SwimForward.fbx
[2020.04.26-14.40.08:158][815]LogFbx: FBX Scene Loaded Succesfully
[2020.04.26-14.40.51:452][815]LogSlate: Window 'FBX Import Options' being destroyed
[2020.04.26-14.40.51:487][815]LogFbx: Valid bind pose for Pose (cownoseray_rig_v2:skinCluster1) - cownoseray_rig_v2:Cownosed_Ray_body
[2020.04.26-14.40.51:487][815]LogFbx: Valid bind pose for Pose (cownoseray_rig_v2:skinCluster2) - cownoseray_rig_v2:Cownosed_Ray_body
[2020.04.26-14.40.51:489][815]LogMaterial: Display: Material /Game/Animations/Ray/lambert2.lambert2 needed to have new flag set bUsedWithSkeletalMesh !
[2020.04.26-14.40.51:493][815]LogMaterial: Display: Missing cached shader map for material lambert2, compiling. 
[2020.04.26-14.40.51:521][815]LogMaterial: Display: Missing cached shader map for material lambert2, compiling. 
[2020.04.26-14.40.51:559][815]LogShaderCompilers: Display: Worker (1/9): shaders left to compile 39
[2020.04.26-14.40.51:559][815]LogShaderCompilers: Display: Worker (2/9): shaders left to compile 34
[2020.04.26-14.40.51:559][815]LogShaderCompilers: Display: Worker (3/9): shaders left to compile 29
[2020.04.26-14.40.51:559][815]LogShaderCompilers: Display: Worker (4/9): shaders left to compile 24
[2020.04.26-14.40.51:559][815]LogShaderCompilers: Display: Worker (5/9): shaders left to compile 19
[2020.04.26-14.40.51:559][815]LogShaderCompilers: Display: Worker (6/9): shaders left to compile 14
[2020.04.26-14.40.51:559][815]LogShaderCompilers: Display: Worker (7/9): shaders left to compile 9
[2020.04.26-14.40.51:559][815]LogShaderCompilers: Display: Worker (8/9): shaders left to compile 4
[2020.04.26-14.40.51:559][815]LogFbx: Triangulating skeletal mesh cownoseray_rig_v2:Cownosed_Ray_body
[2020.04.26-14.40.51:744][815]LogFbx: Triangulating skeletal mesh cownoseray_rig_v2:Cownosed_Ray_eyes
[2020.04.26-14.40.51:840][815]LogFbx: Warning: Bones digested - 30  Depth of hierarchy - 9
[2020.04.26-14.40.52:049][815]LogSkeletalMesh: Section 0: 2855 vertices, 18 active bones
[2020.04.26-14.40.52:049][815]LogSkeletalMesh: Section 0: Material=0, 4904 triangles
[2020.04.26-14.40.52:051][815]LogSkeletalMesh: Building Skeletal Mesh PatrickArmario_CowNoseStingray_SwimForward...
[2020.04.26-14.40.52:236][815]LogSkeletalMesh: Section 0: 2855 vertices, 18 active bones
[2020.04.26-14.40.52:237][815]LogSkeletalMesh: Section 0: Material=0, 4904 triangles
[2020.04.26-14.40.52:252][815]LogSkeletalMesh: Built Skeletal Mesh [0.20s] /Game/Animations/Ray/PatrickArmario_CowNoseStingray_SwimForward.PatrickArmario_CowNoseStingray_SwimForward
[2020.04.26-14.40.52:254][815]LogLinker: Failed to load '/Game/Animations/Ray/PatrickArmario_CowNoseStingray_SwimForward_PhysicsAsset': Can't find file.
[2020.04.26-14.40.52:254][815]LogLinker: Failed to load '/Game/Animations/Ray/PatrickArmario_CowNoseStingray_SwimForward_PhysicsAsset': Can't find file.
[2020.04.26-14.40.52:266][815]LogWorld: UWorld::CleanupWorld for World_5, bSessionEnded=true, bCleanupResources=true
[2020.04.26-14.40.52:266][815]LogSlate: InvalidateAllWidgets triggered.  All widgets were invalidated
[2020.04.26-14.40.52:270][815]LogFbx: SortedLinks :(0) CHAR_GRP
[2020.04.26-14.40.52:270][815]LogFbx: SortedLinks :(1) GEO_GRP
[2020.04.26-14.40.52:270][815]LogFbx: SortedLinks :(2) Cownosed_Ray
[2020.04.26-14.40.52:270][815]LogFbx: SortedLinks :(3) Cownosed_Ray_body
[2020.04.26-14.40.52:270][815]LogFbx: SortedLinks :(4) Cownosed_Ray_eyes
[2020.04.26-14.40.52:270][815]LogFbx: SortedLinks :(5) RIG_GRP
[2020.04.26-14.40.52:270][815]LogFbx: SortedLinks :(6) Lf_fin_RIG_GRP
[2020.04.26-14.40.52:270][815]LogFbx: SortedLinks :(7) Lf_fin_1_jnt
[2020.04.26-14.40.52:270][815]LogFbx: SortedLinks :(8) Lf_fin_2_jnt
[2020.04.26-14.40.52:270][815]LogFbx: SortedLinks :(9) Lf_fin_3_jnt
[2020.04.26-14.40.52:270][815]LogFbx: SortedLinks :(10) spine_RIG_GRP
[2020.04.26-14.40.52:270][815]LogFbx: SortedLinks :(11) spine_1_jnt
[2020.04.26-14.40.52:270][815]LogFbx: SortedLinks :(12) spine_2_jnt
[2020.04.26-14.40.52:271][815]LogFbx: SortedLinks :(13) spine_3_jnt
[2020.04.26-14.40.52:271][815]LogFbx: SortedLinks :(14) spine_4_jnt
[2020.04.26-14.40.52:271][815]LogFbx: SortedLinks :(15) spine_5_jnt
[2020.04.26-14.40.52:271][815]LogFbx: SortedLinks :(16) Rt_fin_RIG_GRP
[2020.04.26-14.40.52:271][815]LogFbx: SortedLinks :(17) Rt_fin_1_jnt
[2020.04.26-14.40.52:271][815]LogFbx: SortedLinks :(18) Rt_fin_2_jnt
[2020.04.26-14.40.52:271][815]LogFbx: SortedLinks :(19) Rt_fin_3_jnt
[2020.04.26-14.40.52:271][815]LogFbx: SortedLinks :(20) tail_RIG_GRP
[2020.04.26-14.40.52:271][815]LogFbx: SortedLinks :(21) tail_1_jnt
[2020.04.26-14.40.52:271][815]LogFbx: SortedLinks :(22) tail_2_jnt
[2020.04.26-14.40.52:271][815]LogFbx: SortedLinks :(23) tail_3_jnt
[2020.04.26-14.40.52:271][815]LogFbx: SortedLinks :(24) tail_4_jnt
[2020.04.26-14.40.52:271][815]LogFbx: SortedLinks :(25) tail_5_jnt
[2020.04.26-14.40.52:271][815]LogFbx: SortedLinks :(26) tail_6_jnt
[2020.04.26-14.40.52:271][815]LogFbx: SortedLinks :(27) head_RIG_grp
[2020.04.26-14.40.52:271][815]LogFbx: SortedLinks :(28) head_1_jnt
[2020.04.26-14.40.52:271][815]LogFbx: SortedLinks :(29) head_2_jnt
[2020.04.26-14.40.52:272][815]LogFbx: Parsing AnimStack PatrickArmario_CowNoseStingray_SwimForward
[2020.04.26-14.40.52:272][815]LogLinker: Failed to load '/Game/Animations/Ray/PatrickArmario_CowNoseStingray_SwimForward_Anim': Can't find file.
[2020.04.26-14.40.52:272][815]LogLinker: Failed to load '/Game/Animations/Ray/PatrickArmario_CowNoseStingray_SwimForward_Anim': Can't find file.
[2020.04.26-14.40.52:479][815]LogAnimationCompression: Building Anim DDC data for AnimSequence /Game/Animations/Ray/PatrickArmario_CowNoseStingray_SwimForward_Anim.PatrickArmario_CowNoseStingray_SwimForward_Anim
[2020.04.26-14.40.52:479][815]LogAnimationCompression: Recompressing (AnimSequence /Game/Animations/Ray/PatrickArmario_CowNoseStingray_SwimForward_Anim.PatrickArmario_CowNoseStingray_SwimForward_Anim) using current/default (AnimCompress_BitwiseCompressOnly_0) bFirstRecompressUsingCurrentOrDefault(1) bTryAlternateCompressor(0) IsCompressedDataValid(0)
[2020.04.26-14.41.05:091][498]LogAssetEditorSubsystem: Opening Asset editor for AnimSequence /Game/Animations/Ray/PatrickArmario_CowNoseStingray_SwimForward_Anim.PatrickArmario_CowNoseStingray_SwimForward_Anim
[2020.04.26-14.41.05:471][498]LogContentBrowser: Native class hierarchy updated for 'SkeletonEditor' in 0.0002 seconds. Added 1 classes and 2 folders.
[2020.04.26-14.41.05:789][498]LogActorComponent: RegisterComponentWithWorld: (/Engine/Transient.World_7:PersistentLevel.AnimationEditorPreviewActor_0.DebugSkelMeshComponent_0) Already registered. Aborting.
[2020.04.26-14.41.05:790][498]LogContentBrowser: Native class hierarchy updated for 'PinnedCommandList' in 0.0002 seconds. Added 1 classes and 0 folders.
[2020.04.26-14.41.05:852][498]LogSkeletalMesh: USkeletalMeshComponent::InitArticulated : Bodies already created (/Engine/Transient.World_7:PersistentLevel.AnimationEditorPreviewActor_0.DebugSkelMeshComponent_0) - call TermArticulated first.
[2020.04.26-14.41.06:017][498]LogRenderer: Reallocating scene render targets to support 920x428 Format 26 NumSamples 1 (Frame:1).
[2020.04.26-14.41.06:040][498]LogContentBrowser: Verbose: The majority of assets in the view are of type: AnimSequence
[2020.04.26-14.42.49:401][651]LogUObjectHash: Compacting FUObjectHashTables data took   2.03ms
[2020.04.26-14.42.52:824][651]LogSlate: Window 'Save Content' being destroyed
[2020.04.26-14.42.53:030][651]Cmd: OBJ SAVEPACKAGE PACKAGE="/Game/Animations/Ray/lambert2" FILE="C:/Users/Antonio/Documents/Unreal Projects/Oligocene_Project/Content/Animations/Ray/lambert2.uasset" SILENT=true
[2020.04.26-14.42.53:074][651]LogSavePackage: Moving 'C:/Users/Antonio/Documents/Unreal Projects/Oligocene_Project/Saved/lambert22BC34C7C402A6724DDADA18A3F2D8066.tmp' to 'C:/Users/Antonio/Documents/Unreal Projects/Oligocene_Project/Content/Animations/Ray/lambert2.uasset'
[2020.04.26-14.42.53:145][651]LogSavePackage: Moving 'C:/Users/Antonio/Documents/Unreal Projects/Oligocene_Project/Saved/PatrickArmario_CowNoseStingray_S467889914BB4C9770E8A3DAC256BBD91.tmp' to 'C:/Users/Antonio/Documents/Unreal Projects/Oligocene_Project/Content/Animations/Ray/PatrickArmario_CowNoseStingray_SwimForward.uasset'
[2020.04.26-14.42.53:192][651]LogSavePackage: Moving 'C:/Users/Antonio/Documents/Unreal Projects/Oligocene_Project/Saved/PatrickArmario_CowNoseStingray_S85A49A814277ABE0D2158E82FB3F62C9.tmp' to 'C:/Users/Antonio/Documents/Unreal Projects/Oligocene_Project/Content/Animations/Ray/PatrickArmario_CowNoseStingray_SwimForward_Anim.uasset'
[2020.04.26-14.42.53:227][651]LogSavePackage: Moving 'C:/Users/Antonio/Documents/Unreal Projects/Oligocene_Project/Saved/PatrickArmario_CowNoseStingray_S3EDF5D4744B32D2F0B1DB98FC432C64C.tmp' to 'C:/Users/Antonio/Documents/Unreal Projects/Oligocene_Project/Content/Animations/Ray/PatrickArmario_CowNoseStingray_SwimForward_PhysicsAsset.uasset'
[2020.04.26-14.42.53:245][651]Cmd: OBJ SAVEPACKAGE PACKAGE="/Game/Characters/Ray/Cownoseray_Model" FILE="C:/Users/Antonio/Documents/Unreal Projects/Oligocene_Project/Content/Characters/Ray/Cownoseray_Model.uasset" SILENT=true
[2020.04.26-14.42.53:275][651]LogSavePackage: Moving 'C:/Users/Antonio/Documents/Unreal Projects/Oligocene_Project/Saved/Cownoseray_Model6594412740E913C8DE9495BFCEDA7547.tmp' to 'C:/Users/Antonio/Documents/Unreal Projects/Oligocene_Project/Content/Characters/Ray/Cownoseray_Model.uasset'
[2020.04.26-14.42.53:307][651]LogSavePackage: Moving 'C:/Users/Antonio/Documents/Unreal Projects/Oligocene_Project/Saved/Cownoseray_Model_PhysicsAsset75FEA0D8473FE0D0FE5F7FB6A4B53809.tmp' to 'C:/Users/Antonio/Documents/Unreal Projects/Oligocene_Project/Content/Characters/Ray/Cownoseray_Model_PhysicsAsset.uasset'
[2020.04.26-14.42.53:316][651]LogSavePackage: Moving 'C:/Users/Antonio/Documents/Unreal Projects/Oligocene_Project/Saved/Cownoseray_Model_Skeleton0A7F395D4E53E42D8ED08DBD1FE51068.tmp' to 'C:/Users/Antonio/Documents/Unreal Projects/Oligocene_Project/Content/Characters/Ray/Cownoseray_Model_Skeleton.uasset'
[2020.04.26-14.42.53:334][651]Cmd: OBJ SAVEPACKAGE PACKAGE="/Game/Characters/Ray/lambert2" FILE="C:/Users/Antonio/Documents/Unreal Projects/Oligocene_Project/Content/Characters/Ray/lambert2.uasset" SILENT=true
[2020.04.26-14.42.53:347][651]LogSavePackage: Moving 'C:/Users/Antonio/Documents/Unreal Projects/Oligocene_Project/Saved/lambert21575D45E4686D63D391816A6142300A1.tmp' to 'C:/Users/Antonio/Documents/Unreal Projects/Oligocene_Project/Content/Characters/Ray/lambert2.uasset'
[2020.04.26-14.42.53:398][651]AssetCheck: New page: Asset Save: multiple assets
[2020.04.26-14.42.53:398][651]LogContentValidation: Display: Validating Material /Game/Animations/Ray/lambert2.lambert2
[2020.04.26-14.42.53:398][651]LogContentValidation: Display: Validating SkeletalMesh /Game/Animations/Ray/PatrickArmario_CowNoseStingray_SwimForward.PatrickArmario_CowNoseStingray_SwimForward
[2020.04.26-14.42.53:398][651]LogContentValidation: Display: Validating AnimSequence /Game/Animations/Ray/PatrickArmario_CowNoseStingray_SwimForward_Anim.PatrickArmario_CowNoseStingray_SwimForward_Anim
[2020.04.26-14.42.53:398][651]LogContentValidation: Display: Validating PhysicsAsset /Game/Animations/Ray/PatrickArmario_CowNoseStingray_SwimForward_PhysicsAsset.PatrickArmario_CowNoseStingray_SwimForward_PhysicsAsset
[2020.04.26-14.42.53:398][651]LogContentValidation: Display: Validating SkeletalMesh /Game/Characters/Ray/Cownoseray_Model.Cownoseray_Model
[2020.04.26-14.42.53:398][651]LogContentValidation: Display: Validating PhysicsAsset /Game/Characters/Ray/Cownoseray_Model_PhysicsAsset.Cownoseray_Model_PhysicsAsset
[2020.04.26-14.42.53:398][651]LogContentValidation: Display: Validating Skeleton /Game/Characters/Ray/Cownoseray_Model_Skeleton.Cownoseray_Model_Skeleton
[2020.04.26-14.42.53:398][651]LogContentValidation: Display: Validating Material /Game/Characters/Ray/lambert2.lambert2
[2020.04.26-14.42.59:700][984]LogWindows: Warning: CreateProc failed: Access is denied. (0x00000005)
[2020.04.26-14.42.59:700][984]LogWindows: Warning: URL: D:/Program_Files/Epic Games/UE_4.24/Engine/Binaries/Win64/ version
[2020.04.26-14.43.38:178][655]LogSlate: Window 'Source Control Login' being destroyed
[2020.04.26-14.45.18:976][612]LogUObjectHash: Compacting FUObjectHashTables data took   1.49ms
[2020.04.26-14.45.23:257][866]LogUObjectHash: Compacting FUObjectHashTables data took   0.65ms
[2020.04.26-14.45.32:241][331]LogUObjectHash: Compacting FUObjectHashTables data took   1.53ms
[2020.04.26-14.45.33:391][331]LogSavePackage: Moving 'C:/Users/Antonio/Documents/Unreal Projects/Oligocene_Project/Saved/Oligocene_PlayableADB5AC1748C9AB16B2115BA623DFD9B3.tmp' to 'C:/Users/Antonio/Documents/Unreal Projects/Oligocene_Project/Content/VirtualRealityBP/Maps/Oligocene_Playable.umap'
[2020.04.26-14.45.34:581][331]LogSavePackage: Moving 'C:/Users/Antonio/Documents/Unreal Projects/Oligocene_Project/Saved/Oligocene_Playable_BuiltData7C03137E4A2529189B64A382A4E14950.tmp' to 'C:/Users/Antonio/Documents/Unreal Projects/Oligocene_Project/Content/VirtualRealityBP/Maps/Oligocene_Playable_BuiltData.uasset'
[2020.04.26-14.45.34:616][331]AssetCheck: New page: Asset Save: multiple assets
[2020.04.26-14.45.34:616][331]LogContentValidation: Display: Validating World /Game/VirtualRealityBP/Maps/Oligocene_Playable.Oligocene_Playable
[2020.04.26-14.45.34:616][331]LogContentValidation: Display: Validating MapBuildDataRegistry /Game/VirtualRealityBP/Maps/Oligocene_Playable_BuiltData.Oligocene_Playable_BuiltData
[2020.04.26-14.46.04:320][153]SourceControl: fatal: D:/Program_Files/Epic Games/UE_4.24/Engine/Content: 'D:/Program_Files/Epic Games/UE_4.24/Engine/Content' is outside repository at 'C:/Users/Antonio/Documents/Unreal Projects/Oligocene_Project'
