Log file open, 04/24/20 21:46:24
LogWindows: Failed to load 'aqProf.dll' (GetLastError=126)
LogWindows: File 'aqProf.dll' does not exist
LogWindows: Failed to load 'VtuneApi.dll' (GetLastError=126)
LogWindows: File 'VtuneApi.dll' does not exist
LogWindows: Failed to load 'VtuneApi32e.dll' (GetLastError=126)
LogWindows: File 'VtuneApi32e.dll' does not exist
LogConsoleResponse: Display: Failed to find resolution value strings in scalability ini. Falling back to default.
LogInit: Display: Running engine for game: Oligocene_Project
LogPlatformFile: Not using cached read wrapper
LogTaskGraph: Started task graph with 5 named threads and 14 total threads with 3 sets of task threads.
LogStats: Stats thread started at 34.206260
LogD3D11RHI: Loaded GFSDK_Aftermath_Lib.x64.dll
LogICUInternationalization: ICU TimeZone Detection - Raw Offset: -5:00, Platform Override: ''
LogPluginManager: Mounting plugin Paper2D
LogPluginManager: Mounting plugin AISupport
LogPluginManager: Mounting plugin LightPropagationVolume
LogPluginManager: Mounting plugin ActorLayerUtilities
LogPluginManager: Mounting plugin AnimationSharing
LogPluginManager: Mounting plugin CLionSourceCodeAccess
LogPluginManager: Mounting plugin CodeLiteSourceCodeAccess
LogPluginManager: Mounting plugin GitSourceControl
LogPluginManager: Mounting plugin KDevelopSourceCodeAccess
LogPluginManager: Mounting plugin NullSourceCodeAccess
LogPluginManager: Mounting plugin PerforceSourceControl
LogPluginManager: Mounting plugin PlasticSourceControl
LogPluginManager: Mounting plugin SubversionSourceControl
LogPluginManager: Mounting plugin UObjectPlugin
LogPluginManager: Mounting plugin VisualStudioCodeSourceCodeAccess
LogPluginManager: Mounting plugin VisualStudioSourceCodeAccess
LogPluginManager: Mounting plugin XCodeSourceCodeAccess
LogPluginManager: Mounting plugin AssetManagerEditor
LogPluginManager: Mounting plugin CryptoKeys
LogPluginManager: Mounting plugin CurveEditorTools
LogPluginManager: Mounting plugin DataValidation
LogPluginManager: Mounting plugin FacialAnimation
LogPluginManager: Mounting plugin GameplayTagsEditor
LogPluginManager: Mounting plugin MacGraphicsSwitching
LogPluginManager: Mounting plugin MaterialAnalyzer
LogPluginManager: Mounting plugin MobileLauncherProfileWizard
LogPluginManager: Mounting plugin PluginBrowser
LogPluginManager: Mounting plugin SpeedTreeImporter
LogPluginManager: Mounting plugin DatasmithContent
LogPluginManager: Mounting plugin VariantManagerContent
LogPluginManager: Mounting plugin AlembicImporter
LogPluginManager: Mounting plugin AutomationUtils
LogPluginManager: Mounting plugin BackChannel
LogPluginManager: Mounting plugin CharacterAI
LogPluginManager: Mounting plugin GeometryCache
LogPluginManager: Mounting plugin PlatformCrypto
LogPluginManager: Mounting plugin ProxyLODPlugin
LogPluginManager: Mounting plugin SkeletalReduction
LogPluginManager: Mounting plugin MagicLeap
LogPluginManager: Mounting plugin MagicLeapMedia
LogPluginManager: Mounting plugin MLSDK
LogPluginManager: Mounting plugin AndroidMedia
LogPluginManager: Mounting plugin AvfMedia
LogPluginManager: Mounting plugin ImgMedia
LogPluginManager: Mounting plugin MediaCompositing
LogPluginManager: Mounting plugin MediaPlayerEditor
LogPluginManager: Mounting plugin WebMMedia
LogPluginManager: Mounting plugin WmfMedia
LogPluginManager: Mounting plugin TcpMessaging
LogPluginManager: Mounting plugin UdpMessaging
LogPluginManager: Mounting plugin ActorSequence
LogPluginManager: Mounting plugin LevelSequenceEditor
LogPluginManager: Mounting plugin MatineeToLevelSequence
LogPluginManager: Mounting plugin NetcodeUnitTest
LogPluginManager: Mounting plugin NUTUnrealEngine4
LogPluginManager: Mounting plugin OnlineSubsystemGooglePlay
LogPluginManager: Mounting plugin OnlineSubsystemIOS
LogPluginManager: Mounting plugin OnlineSubsystem
LogPluginManager: Mounting plugin OnlineSubsystemNull
LogPluginManager: Mounting plugin OnlineSubsystemUtils
LogPluginManager: Mounting plugin LauncherChunkInstaller
LogPluginManager: Mounting plugin AndroidDeviceProfileSelector
LogPluginManager: Mounting plugin AndroidMoviePlayer
LogPluginManager: Mounting plugin AndroidPermission
LogPluginManager: Mounting plugin AppleImageUtils
LogPluginManager: Mounting plugin AppleMoviePlayer
LogPluginManager: Mounting plugin ArchVisCharacter
LogPluginManager: Mounting plugin AssetTags
LogPluginManager: Mounting plugin AudioCapture
LogPluginManager: Mounting plugin CableComponent
LogPluginManager: Mounting plugin CustomMeshComponent
LogPluginManager: Mounting plugin EditableMesh
LogPluginManager: Mounting plugin ExampleDeviceProfileSelector
LogPluginManager: Mounting plugin GoogleCloudMessaging
LogPluginManager: Mounting plugin IOSDeviceProfileSelector
LogPluginManager: Mounting plugin LinuxDeviceProfileSelector
LogPluginManager: Mounting plugin LocationServicesBPLibrary
LogPluginManager: Mounting plugin MobilePatchingUtils
LogPluginManager: Mounting plugin OculusVR
LogPluginManager: Mounting plugin PhysXVehicles
LogPluginManager: Mounting plugin PostSplashScreen
LogPluginManager: Mounting plugin ProceduralMeshComponent
LogPluginManager: Mounting plugin RuntimePhysXCooking
LogPluginManager: Mounting plugin SignificanceManager
LogPluginManager: Mounting plugin SteamVR
LogPluginManager: Mounting plugin WebMMoviePlayer
LogPluginManager: Mounting plugin WindowsMoviePlayer
LogPluginManager: Mounting plugin ScreenshotTools
LogInit: Using libcurl 7.55.1-DEV
LogInit:  - built for x86_64-pc-win32
LogInit:  - supports SSL with OpenSSL/1.1.1
LogInit:  - supports HTTP deflate (compression) using libz 1.2.8
LogInit:  - other features:
LogInit:      CURL_VERSION_SSL
LogInit:      CURL_VERSION_LIBZ
LogInit:      CURL_VERSION_IPV6
LogInit:      CURL_VERSION_ASYNCHDNS
LogInit:      CURL_VERSION_LARGEFILE
LogInit:      CURL_VERSION_IDN
LogInit:  CurlRequestOptions (configurable via config and command line):
LogInit:  - bVerifyPeer = true  - Libcurl will verify peer certificate
LogInit:  - bUseHttpProxy = false  - Libcurl will NOT use HTTP proxy
LogInit:  - bDontReuseConnections = false  - Libcurl will reuse connections
LogInit:  - MaxHostConnections = 16  - Libcurl will limit the number of connections to a host
LogInit:  - LocalHostAddr = Default
LogInit:  - BufferSize = 65536
LogOnline: OSS: Creating online subsystem instance for: NULL
LogInit: WinSock: version 1.1 (2.2), MaxSocks=32767, MaxUdp=65467
LogOnline: OSS: TryLoadSubsystemAndSetDefault: Loaded subsystem for module [NULL]
LogInit: Build: ++UE4+Release-4.24-CL-11590370
LogInit: Engine Version: 4.24.3-11590370+++UE4+Release-4.24
LogInit: Compatible Engine Version: 4.24.0-10570792+++UE4+Release-4.24
LogInit: Net CL: 10570792
LogInit: OS: Windows 10 (Release 1903) (), CPU:        Intel(R) Core(TM) i5-3570K CPU @ 3.40GHz, GPU: NVIDIA GeForce GTX 780
LogInit: Compiled (64-bit): Feb 24 2020 15:39:18
LogInit: Compiled with Visual C++: 19.16.27032.01
LogInit: Build Configuration: Development
LogInit: Branch Name: ++UE4+Release-4.24
LogInit: Command Line: 
LogInit: Base Directory: D:/Program Files/Epic Games/UE_4.24/Engine/Binaries/Win64/
LogInit: Installed Engine Build: 1
LogDevObjectVersion: Number of dev versions registered: 25
LogDevObjectVersion:   Dev-Blueprints (B0D832E4-1F89-4F0D-ACCF-7EB736FD4AA2): 10
LogDevObjectVersion:   Dev-Build (E1C64328-A22C-4D53-A36C-8E866417BD8C): 0
LogDevObjectVersion:   Dev-Core (375EC13C-06E4-48FB-B500-84F0262A717E): 3
LogDevObjectVersion:   Dev-Editor (E4B068ED-F494-42E9-A231-DA0B2E46BB41): 37
LogDevObjectVersion:   Dev-Framework (CFFC743F-43B0-4480-9391-14DF171D2073): 36
LogDevObjectVersion:   Dev-Mobile (B02B49B5-BB20-44E9-A304-32B752E40360): 2
LogDevObjectVersion:   Dev-Networking (A4E4105C-59A1-49B5-A7C5-40C4547EDFEE): 0
LogDevObjectVersion:   Dev-Online (39C831C9-5AE6-47DC-9A44-9C173E1C8E7C): 0
LogDevObjectVersion:   Dev-Physics (78F01B33-EBEA-4F98-B9B4-84EACCB95AA2): 2
LogDevObjectVersion:   Dev-Platform (6631380F-2D4D-43E0-8009-CF276956A95A): 0
LogDevObjectVersion:   Dev-Rendering (12F88B9F-8875-4AFC-A67C-D90C383ABD29): 36
LogDevObjectVersion:   Dev-Sequencer (7B5AE74C-D270-4C10-A958-57980B212A5A): 11
LogDevObjectVersion:   Dev-VR (D7296918-1DD6-4BDD-9DE2-64A83CC13884): 2
LogDevObjectVersion:   Dev-LoadTimes (C2A15278-BFE7-4AFE-6C17-90FF531DF755): 1
LogDevObjectVersion:   Private-Geometry (6EACA3D4-40EC-4CC1-B786-8BED09428FC5): 3
LogDevObjectVersion:   Dev-AnimPhys (29E575DD-E0A3-4627-9D10-D276232CDCEA): 17
LogDevObjectVersion:   Dev-Anim (AF43A65D-7FD3-4947-9873-3E8ED9C1BB05): 2
LogDevObjectVersion:   Dev-ReflectionCapture (6B266CEC-1EC7-4B8F-A30B-E4D90942FC07): 1
LogDevObjectVersion:   Dev-Automation (0DF73D61-A23F-47EA-B727-89E90C41499A): 1
LogDevObjectVersion:   FortniteMain (601D1886-AC64-4F84-AA16-D3DE0DEAC7D6): 31
LogDevObjectVersion:   Dev-Enterprise (9DFFBCD6-494F-0158-E221-12823C92A888): 8
LogDevObjectVersion:   Dev-Niagara (F2AED0AC-9AFE-416F-8664-AA7FFA26D6FC): 1
LogDevObjectVersion:   Dev-Destruction (174F1F0B-B4C6-45A5-B13F-2EE8D0FB917D): 9
LogDevObjectVersion:   Dev-Physics-Ext (35F94A83-E258-406C-A318-09F59610247C): 8
LogDevObjectVersion:   Dev-CineCamera (B2E18506-4273-CFC2-A54E-F4BB758BBA07): 1
LogInit: Presizing for max 25165824 objects, including 0 objects not considered by GC, pre-allocating 0 bytes for permanent pool.
LogInit: Object subsystem initialized
LogConfig: Setting CVar [[con.DebugEarlyDefault:1]]
LogConfig: Setting CVar [[r.setres:1280x720]]
[2020.04.25-01.46.28:188][  0]LogConfig: Setting CVar [[r.VSync:0]]
[2020.04.25-01.46.28:188][  0]LogConfig: Setting CVar [[r.RHICmdBypass:0]]
[2020.04.25-01.46.28:189][  0]LogConfig: Applying CVar settings from Section [/Script/Engine.RendererSettings] File [C:/Users/user/Documents/GitHub/Oligocene_Project/Saved/Config/Windows/Engine.ini]
[2020.04.25-01.46.28:189][  0]LogConfig: Setting CVar [[r.GPUCrashDebugging:0]]
[2020.04.25-01.46.28:189][  0]LogConfig: Setting CVar [[r.DefaultFeature.AmbientOcclusion:0]]
[2020.04.25-01.46.28:189][  0]LogConfig: Setting CVar [[r.DefaultFeature.AmbientOcclusionStaticFraction:0]]
[2020.04.25-01.46.28:189][  0]LogConfig: Setting CVar [[vr.InstancedStereo:1]]
[2020.04.25-01.46.28:189][  0]LogConfig: Setting CVar [[r.SeparateTranslucency:0]]
[2020.04.25-01.46.28:189][  0]LogConfig: Setting CVar [[r.HZBOcclusion:0]]
[2020.04.25-01.46.28:189][  0]LogConfig: Setting CVar [[r.SSR.MaxRoughness:0]]
[2020.04.25-01.46.28:189][  0]LogConfig: Setting CVar [[r.rhicmdbypass:0]]
[2020.04.25-01.46.28:189][  0]LogConfig: Applying CVar settings from Section [/Script/Engine.RendererOverrideSettings] File [C:/Users/user/Documents/GitHub/Oligocene_Project/Saved/Config/Windows/Engine.ini]
[2020.04.25-01.46.28:190][  0]LogConfig: Applying CVar settings from Section [/Script/Engine.StreamingSettings] File [C:/Users/user/Documents/GitHub/Oligocene_Project/Saved/Config/Windows/Engine.ini]
[2020.04.25-01.46.28:190][  0]LogConfig: Setting CVar [[s.MinBulkDataSizeForAsyncLoading:131072]]
[2020.04.25-01.46.28:190][  0]LogConfig: Setting CVar [[s.AsyncLoadingThreadEnabled:0]]
[2020.04.25-01.46.28:190][  0]LogConfig: Setting CVar [[s.EventDrivenLoaderEnabled:1]]
[2020.04.25-01.46.28:190][  0]LogConfig: Setting CVar [[s.WarnIfTimeLimitExceeded:0]]
[2020.04.25-01.46.28:190][  0]LogConfig: Setting CVar [[s.TimeLimitExceededMultiplier:1.5]]
[2020.04.25-01.46.28:190][  0]LogConfig: Setting CVar [[s.TimeLimitExceededMinTime:0.005]]
[2020.04.25-01.46.28:190][  0]LogConfig: Setting CVar [[s.UseBackgroundLevelStreaming:1]]
[2020.04.25-01.46.28:190][  0]LogConfig: Setting CVar [[s.PriorityAsyncLoadingExtraTime:15.0]]
[2020.04.25-01.46.28:190][  0]LogConfig: Setting CVar [[s.LevelStreamingActorsUpdateTimeLimit:5.0]]
[2020.04.25-01.46.28:190][  0]LogConfig: Setting CVar [[s.PriorityLevelStreamingActorsUpdateExtraTime:5.0]]
[2020.04.25-01.46.28:190][  0]LogConfig: Setting CVar [[s.LevelStreamingComponentsRegistrationGranularity:10]]
[2020.04.25-01.46.28:190][  0]LogConfig: Setting CVar [[s.UnregisterComponentsTimeLimit:1.0]]
[2020.04.25-01.46.28:190][  0]LogConfig: Setting CVar [[s.LevelStreamingComponentsUnregistrationGranularity:5]]
[2020.04.25-01.46.28:190][  0]LogConfig: Setting CVar [[s.FlushStreamingOnExit:1]]
[2020.04.25-01.46.28:190][  0]LogConfig: Applying CVar settings from Section [/Script/Engine.GarbageCollectionSettings] File [C:/Users/user/Documents/GitHub/Oligocene_Project/Saved/Config/Windows/Engine.ini]
[2020.04.25-01.46.28:190][  0]LogConfig: Setting CVar [[gc.MaxObjectsNotConsideredByGC:1]]
[2020.04.25-01.46.28:190][  0]LogConfig: Setting CVar [[gc.SizeOfPermanentObjectPool:0]]
[2020.04.25-01.46.28:190][  0]LogConfig: Setting CVar [[gc.FlushStreamingOnGC:0]]
[2020.04.25-01.46.28:190][  0]LogConfig: Setting CVar [[gc.NumRetriesBeforeForcingGC:10]]
[2020.04.25-01.46.28:190][  0]LogConfig: Setting CVar [[gc.AllowParallelGC:1]]
[2020.04.25-01.46.28:190][  0]LogConfig: Setting CVar [[gc.TimeBetweenPurgingPendingKillObjects:61.1]]
[2020.04.25-01.46.28:190][  0]LogConfig: Setting CVar [[gc.MaxObjectsInEditor:25165824]]
[2020.04.25-01.46.28:190][  0]LogConfig: Setting CVar [[gc.IncrementalBeginDestroyEnabled:1]]
[2020.04.25-01.46.28:191][  0]LogConfig: Setting CVar [[gc.CreateGCClusters:1]]
[2020.04.25-01.46.28:191][  0]LogConfig: Setting CVar [[gc.MinGCClusterSize:5]]
[2020.04.25-01.46.28:191][  0]LogConfig: Setting CVar [[gc.ActorClusteringEnabled:0]]
[2020.04.25-01.46.28:191][  0]LogConfig: Setting CVar [[gc.BlueprintClusteringEnabled:0]]
[2020.04.25-01.46.28:191][  0]LogConfig: Setting CVar [[gc.UseDisregardForGCOnDedicatedServers:0]]
[2020.04.25-01.46.28:191][  0]LogConfig: Applying CVar settings from Section [/Script/Engine.NetworkSettings] File [C:/Users/user/Documents/GitHub/Oligocene_Project/Saved/Config/Windows/Engine.ini]
[2020.04.25-01.46.28:191][  0]LogConfig: Applying CVar settings from Section [/Script/UnrealEd.CookerSettings] File [C:/Users/user/Documents/GitHub/Oligocene_Project/Saved/Config/Windows/Engine.ini]
[2020.04.25-01.46.28:283][  0]LogConfig: Applying CVar settings from Section [ViewDistanceQuality@3] File [C:/Users/user/Documents/GitHub/Oligocene_Project/Saved/Config/Windows/Scalability.ini]
[2020.04.25-01.46.28:283][  0]LogConfig: Setting CVar [[r.SkeletalMeshLODBias:0]]
[2020.04.25-01.46.28:283][  0]LogConfig: Setting CVar [[r.ViewDistanceScale:1.0]]
[2020.04.25-01.46.28:283][  0]LogConfig: Applying CVar settings from Section [AntiAliasingQuality@3] File [C:/Users/user/Documents/GitHub/Oligocene_Project/Saved/Config/Windows/Scalability.ini]
[2020.04.25-01.46.28:283][  0]LogConfig: Setting CVar [[r.PostProcessAAQuality:3]]
[2020.04.25-01.46.28:283][  0]LogConfig: Applying CVar settings from Section [ShadowQuality@3] File [C:/Users/user/Documents/GitHub/Oligocene_Project/Saved/Config/Windows/Scalability.ini]
[2020.04.25-01.46.28:283][  0]LogConfig: Setting CVar [[r.LightFunctionQuality:1]]
[2020.04.25-01.46.28:283][  0]LogConfig: Setting CVar [[r.ShadowQuality:5]]
[2020.04.25-01.46.28:283][  0]LogConfig: Setting CVar [[r.Shadow.CSM.MaxCascades:10]]
[2020.04.25-01.46.28:283][  0]LogConfig: Setting CVar [[r.Shadow.MaxResolution:2048]]
[2020.04.25-01.46.28:283][  0]LogConfig: Setting CVar [[r.Shadow.MaxCSMResolution:2048]]
[2020.04.25-01.46.28:283][  0]LogConfig: Setting CVar [[r.Shadow.RadiusThreshold:0.01]]
[2020.04.25-01.46.28:283][  0]LogConfig: Setting CVar [[r.Shadow.DistanceScale:1.0]]
[2020.04.25-01.46.28:283][  0]LogConfig: Setting CVar [[r.Shadow.CSM.TransitionScale:1.0]]
[2020.04.25-01.46.28:283][  0]LogConfig: Setting CVar [[r.Shadow.PreShadowResolutionFactor:1.0]]
[2020.04.25-01.46.28:283][  0]LogConfig: Setting CVar [[r.DistanceFieldShadowing:1]]
[2020.04.25-01.46.28:283][  0]LogConfig: Setting CVar [[r.DistanceFieldAO:1]]
[2020.04.25-01.46.28:283][  0]LogConfig: Setting CVar [[r.AOQuality:2]]
[2020.04.25-01.46.28:283][  0]LogConfig: Setting CVar [[r.VolumetricFog:1]]
[2020.04.25-01.46.28:283][  0]LogConfig: Setting CVar [[r.VolumetricFog.GridPixelSize:8]]
[2020.04.25-01.46.28:283][  0]LogConfig: Setting CVar [[r.VolumetricFog.GridSizeZ:128]]
[2020.04.25-01.46.28:283][  0]LogConfig: Setting CVar [[r.VolumetricFog.HistoryMissSupersampleCount:4]]
[2020.04.25-01.46.28:283][  0]LogConfig: Setting CVar [[r.LightMaxDrawDistanceScale:1]]
[2020.04.25-01.46.28:283][  0]LogConfig: Setting CVar [[r.CapsuleShadows:1]]
[2020.04.25-01.46.28:283][  0]LogConfig: Applying CVar settings from Section [PostProcessQuality@3] File [C:/Users/user/Documents/GitHub/Oligocene_Project/Saved/Config/Windows/Scalability.ini]
[2020.04.25-01.46.28:283][  0]LogConfig: Setting CVar [[r.MotionBlurQuality:0]]
[2020.04.25-01.46.28:283][  0]LogConfig: Setting CVar [[r.AmbientOcclusionMipLevelFactor:0.4]]
[2020.04.25-01.46.28:283][  0]LogConfig: Setting CVar [[r.AmbientOcclusionMaxQuality:100]]
[2020.04.25-01.46.28:283][  0]LogConfig: Setting CVar [[r.AmbientOcclusionLevels:0]]
[2020.04.25-01.46.28:283][  0]LogConfig: Setting CVar [[r.AmbientOcclusionRadiusScale:1.0]]
[2020.04.25-01.46.28:284][  0]LogConfig: Setting CVar [[r.DepthOfFieldQuality:0]]
[2020.04.25-01.46.28:284][  0]LogConfig: Setting CVar [[r.RenderTargetPoolMin:400]]
[2020.04.25-01.46.28:284][  0]LogConfig: Setting CVar [[r.LensFlareQuality:0]]
[2020.04.25-01.46.28:284][  0]LogConfig: Setting CVar [[r.SceneColorFringeQuality:0]]
[2020.04.25-01.46.28:284][  0]LogConfig: Setting CVar [[r.EyeAdaptationQuality:2]]
[2020.04.25-01.46.28:284][  0]LogConfig: Setting CVar [[r.BloomQuality:1]]
[2020.04.25-01.46.28:284][  0]LogConfig: Setting CVar [[r.FastBlurThreshold:0]]
[2020.04.25-01.46.28:284][  0]LogConfig: Setting CVar [[r.Upscale.Quality:3]]
[2020.04.25-01.46.28:284][  0]LogConfig: Setting CVar [[r.Tonemapper.GrainQuantization:1]]
[2020.04.25-01.46.28:284][  0]LogConfig: Setting CVar [[r.LightShaftQuality:1]]
[2020.04.25-01.46.28:284][  0]LogConfig: Setting CVar [[r.Filter.SizeScale:1]]
[2020.04.25-01.46.28:284][  0]LogConfig: Setting CVar [[r.Tonemapper.Quality:5]]
[2020.04.25-01.46.28:284][  0]LogConfig: Setting CVar [[r.DOF.Gather.AccumulatorQuality:1        ; higher gathering accumulator quality]]
[2020.04.25-01.46.28:284][  0]LogConfig: Setting CVar [[r.DOF.Gather.PostfilterMethod:1          ; Median3x3 postfilering method]]
[2020.04.25-01.46.28:284][  0]LogConfig: Setting CVar [[r.DOF.Gather.EnableBokehSettings:0       ; no bokeh simulation when gathering]]
[2020.04.25-01.46.28:284][  0]LogConfig: Setting CVar [[r.DOF.Gather.RingCount:4                 ; medium number of samples when gathering]]
[2020.04.25-01.46.28:284][  0]LogConfig: Setting CVar [[r.DOF.Scatter.ForegroundCompositing:1    ; additive foreground scattering]]
[2020.04.25-01.46.28:284][  0]LogConfig: Setting CVar [[r.DOF.Scatter.BackgroundCompositing:2    ; additive background scattering]]
[2020.04.25-01.46.28:284][  0]LogConfig: Setting CVar [[r.DOF.Scatter.EnableBokehSettings:1      ; bokeh simulation when scattering]]
[2020.04.25-01.46.28:284][  0]LogConfig: Setting CVar [[r.DOF.Scatter.MaxSpriteRatio:0.1         ; only a maximum of 10% of scattered bokeh]]
[2020.04.25-01.46.28:284][  0]LogConfig: Setting CVar [[r.DOF.Recombine.Quality:1                ; cheap slight out of focus]]
[2020.04.25-01.46.28:284][  0]LogConfig: Setting CVar [[r.DOF.Recombine.EnableBokehSettings:0    ; no bokeh simulation on slight out of focus]]
[2020.04.25-01.46.28:284][  0]LogConfig: Setting CVar [[r.DOF.TemporalAAQuality:1                ; more stable temporal accumulation]]
[2020.04.25-01.46.28:284][  0]LogConfig: Setting CVar [[r.DOF.Kernel.MaxForegroundRadius:0.025]]
[2020.04.25-01.46.28:284][  0]LogConfig: Setting CVar [[r.DOF.Kernel.MaxBackgroundRadius:0.025]]
[2020.04.25-01.46.28:284][  0]LogConfig: Applying CVar settings from Section [TextureQuality@3] File [C:/Users/user/Documents/GitHub/Oligocene_Project/Saved/Config/Windows/Scalability.ini]
[2020.04.25-01.46.28:284][  0]LogConfig: Setting CVar [[r.Streaming.MipBias:0]]
[2020.04.25-01.46.28:285][  0]LogConfig: Setting CVar [[r.Streaming.AmortizeCPUToGPUCopy:0]]
[2020.04.25-01.46.28:285][  0]LogConfig: Setting CVar [[r.Streaming.MaxNumTexturesToStreamPerFrame:0]]
[2020.04.25-01.46.28:285][  0]LogConfig: Setting CVar [[r.Streaming.Boost:1]]
[2020.04.25-01.46.28:285][  0]LogConfig: Setting CVar [[r.MaxAnisotropy:8]]
[2020.04.25-01.46.28:285][  0]LogConfig: Setting CVar [[r.VT.MaxAnisotropy:8]]
[2020.04.25-01.46.28:285][  0]LogConfig: Setting CVar [[r.Streaming.LimitPoolSizeToVRAM:0]]
[2020.04.25-01.46.28:285][  0]LogConfig: Setting CVar [[r.Streaming.PoolSize:1000]]
[2020.04.25-01.46.28:285][  0]LogConfig: Setting CVar [[r.Streaming.MaxEffectiveScreenSize:0]]
[2020.04.25-01.46.28:285][  0]LogConfig: Applying CVar settings from Section [EffectsQuality@3] File [C:/Users/user/Documents/GitHub/Oligocene_Project/Saved/Config/Windows/Scalability.ini]
[2020.04.25-01.46.28:285][  0]LogConfig: Setting CVar [[r.TranslucencyLightingVolumeDim:4]]
[2020.04.25-01.46.28:285][  0]LogConfig: Setting CVar [[r.RefractionQuality:2]]
[2020.04.25-01.46.28:285][  0]LogConfig: Setting CVar [[r.SSR.Quality:0]]
[2020.04.25-01.46.28:285][  0]LogConfig: Setting CVar [[r.SSR.HalfResSceneColor:0]]
[2020.04.25-01.46.28:285][  0]LogConfig: Setting CVar [[r.SceneColorFormat:2]]
[2020.04.25-01.46.28:285][  0]LogConfig: Setting CVar [[r.DetailMode:2]]
[2020.04.25-01.46.28:285][  0]LogConfig: Setting CVar [[r.TranslucencyVolumeBlur:0]]
[2020.04.25-01.46.28:285][  0]LogConfig: Setting CVar [[r.MaterialQualityLevel:1 ; High quality]]
[2020.04.25-01.46.28:285][  0]LogConfig: Setting CVar [[r.SSS.Scale:1]]
[2020.04.25-01.46.28:285][  0]LogConfig: Setting CVar [[r.SSS.SampleSet:2]]
[2020.04.25-01.46.28:285][  0]LogConfig: Setting CVar [[r.SSS.Quality:1]]
[2020.04.25-01.46.28:285][  0]LogConfig: Setting CVar [[r.SSS.HalfRes:1]]
[2020.04.25-01.46.28:285][  0]LogConfig: Setting CVar [[r.SSGI.Quality:3]]
[2020.04.25-01.46.28:285][  0]LogConfig: Setting CVar [[r.EmitterSpawnRateScale:1.0]]
[2020.04.25-01.46.28:285][  0]LogConfig: Setting CVar [[r.ParticleLightQuality:2]]
[2020.04.25-01.46.28:285][  0]LogConfig: Setting CVar [[r.SkyAtmosphere.AerialPerspectiveLUT.FastApplyOnOpaque:1 ; Always have FastSkyLUT 1 in this case to avoid wrong sky]]
[2020.04.25-01.46.28:285][  0]LogConfig: Setting CVar [[r.SkyAtmosphere.AerialPerspectiveLUT.SampleCountPerSlice:1]]
[2020.04.25-01.46.28:286][  0]LogConfig: Setting CVar [[r.SkyAtmosphere.AerialPerspectiveLUT.DepthResolution:16.0]]
[2020.04.25-01.46.28:286][  0]LogConfig: Setting CVar [[r.SkyAtmosphere.FastSkyLUT:1]]
[2020.04.25-01.46.28:286][  0]LogConfig: Setting CVar [[r.SkyAtmosphere.FastSkyLUT.SampleCountMin:4.0]]
[2020.04.25-01.46.28:286][  0]LogConfig: Setting CVar [[r.SkyAtmosphere.FastSkyLUT.SampleCountMax:32.0]]
[2020.04.25-01.46.28:286][  0]LogConfig: Setting CVar [[r.SkyAtmosphere.SampleCountMin:4.0]]
[2020.04.25-01.46.28:286][  0]LogConfig: Setting CVar [[r.SkyAtmosphere.SampleCountMax:32.0]]
[2020.04.25-01.46.28:286][  0]LogConfig: Setting CVar [[r.SkyAtmosphere.TransmittanceLUT.UseSmallFormat:0]]
[2020.04.25-01.46.28:286][  0]LogConfig: Setting CVar [[r.SkyAtmosphere.TransmittanceLUT.SampleCount:10.0]]
[2020.04.25-01.46.28:286][  0]LogConfig: Setting CVar [[r.SkyAtmosphere.MultiScatteringLUT.SampleCount:15.0]]
[2020.04.25-01.46.28:286][  0]LogConfig: Applying CVar settings from Section [FoliageQuality@3] File [C:/Users/user/Documents/GitHub/Oligocene_Project/Saved/Config/Windows/Scalability.ini]
[2020.04.25-01.46.28:286][  0]LogConfig: Setting CVar [[foliage.DensityScale:1.0]]
[2020.04.25-01.46.28:286][  0]LogConfig: Setting CVar [[grass.DensityScale:1.0]]
[2020.04.25-01.46.28:286][  0]LogConfig: Applying CVar settings from Section [ShadingQuality@3] File [C:/Users/user/Documents/GitHub/Oligocene_Project/Saved/Config/Windows/Scalability.ini]
[2020.04.25-01.46.28:286][  0]LogConfig: Setting CVar [[r.HairStrands.SkyLighting.SampleCount:16]]
[2020.04.25-01.46.28:286][  0]LogConfig: Setting CVar [[r.HairStrands.SkyLighting.JitterIntegration:0]]
[2020.04.25-01.46.28:286][  0]LogConfig: Setting CVar [[r.HairStrands.SkyAO.SampleCount:16]]
[2020.04.25-01.46.28:295][  0]LogInit: Selected Device Profile: [Windows]
[2020.04.25-01.46.28:295][  0]LogInit: Applying CVar settings loaded from the selected device profile: [Windows]
[2020.04.25-01.46.28:343][  0]LogHAL: Display: Platform has ~ 8 GB [8548040704 / 8589934592 / 8], which maps to Default [LargestMinGB=32, LargerMinGB=12, DefaultMinGB=8, SmallerMinGB=6, SmallestMinGB=0)
[2020.04.25-01.46.28:343][  0]LogInit: Going up to parent DeviceProfile []
[2020.04.25-01.46.28:343][  0]LogConfig: Applying CVar settings from Section [ViewDistanceQuality@3] File [C:/Users/user/Documents/GitHub/Oligocene_Project/Saved/Config/Windows/Scalability.ini]
[2020.04.25-01.46.28:343][  0]LogConfig: Setting CVar [[r.SkeletalMeshLODBias:0]]
[2020.04.25-01.46.28:343][  0]LogConfig: Setting CVar [[r.ViewDistanceScale:1.0]]
[2020.04.25-01.46.28:343][  0]LogConfig: Applying CVar settings from Section [AntiAliasingQuality@3] File [C:/Users/user/Documents/GitHub/Oligocene_Project/Saved/Config/Windows/Scalability.ini]
[2020.04.25-01.46.28:343][  0]LogConfig: Setting CVar [[r.PostProcessAAQuality:3]]
[2020.04.25-01.46.28:343][  0]LogConfig: Applying CVar settings from Section [ShadowQuality@3] File [C:/Users/user/Documents/GitHub/Oligocene_Project/Saved/Config/Windows/Scalability.ini]
[2020.04.25-01.46.28:343][  0]LogConfig: Setting CVar [[r.LightFunctionQuality:1]]
[2020.04.25-01.46.28:343][  0]LogConfig: Setting CVar [[r.ShadowQuality:5]]
[2020.04.25-01.46.28:344][  0]LogConfig: Setting CVar [[r.Shadow.CSM.MaxCascades:10]]
[2020.04.25-01.46.28:344][  0]LogConfig: Setting CVar [[r.Shadow.MaxResolution:2048]]
[2020.04.25-01.46.28:344][  0]LogConfig: Setting CVar [[r.Shadow.MaxCSMResolution:2048]]
[2020.04.25-01.46.28:344][  0]LogConfig: Setting CVar [[r.Shadow.RadiusThreshold:0.01]]
[2020.04.25-01.46.28:344][  0]LogConfig: Setting CVar [[r.Shadow.DistanceScale:1.0]]
[2020.04.25-01.46.28:344][  0]LogConfig: Setting CVar [[r.Shadow.CSM.TransitionScale:1.0]]
[2020.04.25-01.46.28:344][  0]LogConfig: Setting CVar [[r.Shadow.PreShadowResolutionFactor:1.0]]
[2020.04.25-01.46.28:344][  0]LogConfig: Setting CVar [[r.DistanceFieldShadowing:1]]
[2020.04.25-01.46.28:344][  0]LogConfig: Setting CVar [[r.DistanceFieldAO:1]]
[2020.04.25-01.46.28:344][  0]LogConfig: Setting CVar [[r.AOQuality:2]]
[2020.04.25-01.46.28:344][  0]LogConfig: Setting CVar [[r.VolumetricFog:1]]
[2020.04.25-01.46.28:344][  0]LogConfig: Setting CVar [[r.VolumetricFog.GridPixelSize:8]]
[2020.04.25-01.46.28:344][  0]LogConfig: Setting CVar [[r.VolumetricFog.GridSizeZ:128]]
[2020.04.25-01.46.28:344][  0]LogConfig: Setting CVar [[r.VolumetricFog.HistoryMissSupersampleCount:4]]
[2020.04.25-01.46.28:344][  0]LogConfig: Setting CVar [[r.LightMaxDrawDistanceScale:1]]
[2020.04.25-01.46.28:344][  0]LogConfig: Setting CVar [[r.CapsuleShadows:1]]
[2020.04.25-01.46.28:344][  0]LogConfig: Applying CVar settings from Section [PostProcessQuality@3] File [C:/Users/user/Documents/GitHub/Oligocene_Project/Saved/Config/Windows/Scalability.ini]
[2020.04.25-01.46.28:344][  0]LogConfig: Setting CVar [[r.MotionBlurQuality:0]]
[2020.04.25-01.46.28:344][  0]LogConfig: Setting CVar [[r.AmbientOcclusionMipLevelFactor:0.4]]
[2020.04.25-01.46.28:344][  0]LogConfig: Setting CVar [[r.AmbientOcclusionMaxQuality:100]]
[2020.04.25-01.46.28:344][  0]LogConfig: Setting CVar [[r.AmbientOcclusionLevels:0]]
[2020.04.25-01.46.28:344][  0]LogConfig: Setting CVar [[r.AmbientOcclusionRadiusScale:1.0]]
[2020.04.25-01.46.28:344][  0]LogConfig: Setting CVar [[r.DepthOfFieldQuality:0]]
[2020.04.25-01.46.28:344][  0]LogConfig: Setting CVar [[r.RenderTargetPoolMin:400]]
[2020.04.25-01.46.28:344][  0]LogConfig: Setting CVar [[r.LensFlareQuality:0]]
[2020.04.25-01.46.28:344][  0]LogConfig: Setting CVar [[r.SceneColorFringeQuality:0]]
[2020.04.25-01.46.28:345][  0]LogConfig: Setting CVar [[r.EyeAdaptationQuality:2]]
[2020.04.25-01.46.28:345][  0]LogConfig: Setting CVar [[r.BloomQuality:1]]
[2020.04.25-01.46.28:345][  0]LogConfig: Setting CVar [[r.FastBlurThreshold:0]]
[2020.04.25-01.46.28:345][  0]LogConfig: Setting CVar [[r.Upscale.Quality:3]]
[2020.04.25-01.46.28:345][  0]LogConfig: Setting CVar [[r.Tonemapper.GrainQuantization:1]]
[2020.04.25-01.46.28:345][  0]LogConfig: Setting CVar [[r.LightShaftQuality:1]]
[2020.04.25-01.46.28:345][  0]LogConfig: Setting CVar [[r.Filter.SizeScale:1]]
[2020.04.25-01.46.28:345][  0]LogConfig: Setting CVar [[r.Tonemapper.Quality:5]]
[2020.04.25-01.46.28:345][  0]LogConfig: Setting CVar [[r.DOF.Gather.AccumulatorQuality:1        ; higher gathering accumulator quality]]
[2020.04.25-01.46.28:345][  0]LogConfig: Setting CVar [[r.DOF.Gather.PostfilterMethod:1          ; Median3x3 postfilering method]]
[2020.04.25-01.46.28:345][  0]LogConfig: Setting CVar [[r.DOF.Gather.EnableBokehSettings:0       ; no bokeh simulation when gathering]]
[2020.04.25-01.46.28:345][  0]LogConfig: Setting CVar [[r.DOF.Gather.RingCount:4                 ; medium number of samples when gathering]]
[2020.04.25-01.46.28:345][  0]LogConfig: Setting CVar [[r.DOF.Scatter.ForegroundCompositing:1    ; additive foreground scattering]]
[2020.04.25-01.46.28:345][  0]LogConfig: Setting CVar [[r.DOF.Scatter.BackgroundCompositing:2    ; additive background scattering]]
[2020.04.25-01.46.28:345][  0]LogConfig: Setting CVar [[r.DOF.Scatter.EnableBokehSettings:1      ; bokeh simulation when scattering]]
[2020.04.25-01.46.28:345][  0]LogConfig: Setting CVar [[r.DOF.Scatter.MaxSpriteRatio:0.1         ; only a maximum of 10% of scattered bokeh]]
[2020.04.25-01.46.28:345][  0]LogConfig: Setting CVar [[r.DOF.Recombine.Quality:1                ; cheap slight out of focus]]
[2020.04.25-01.46.28:345][  0]LogConfig: Setting CVar [[r.DOF.Recombine.EnableBokehSettings:0    ; no bokeh simulation on slight out of focus]]
[2020.04.25-01.46.28:345][  0]LogConfig: Setting CVar [[r.DOF.TemporalAAQuality:1                ; more stable temporal accumulation]]
[2020.04.25-01.46.28:345][  0]LogConfig: Setting CVar [[r.DOF.Kernel.MaxForegroundRadius:0.025]]
[2020.04.25-01.46.28:345][  0]LogConfig: Setting CVar [[r.DOF.Kernel.MaxBackgroundRadius:0.025]]
[2020.04.25-01.46.28:345][  0]LogConfig: Applying CVar settings from Section [TextureQuality@3] File [C:/Users/user/Documents/GitHub/Oligocene_Project/Saved/Config/Windows/Scalability.ini]
[2020.04.25-01.46.28:345][  0]LogConfig: Setting CVar [[r.Streaming.MipBias:0]]
[2020.04.25-01.46.28:345][  0]LogConfig: Setting CVar [[r.Streaming.AmortizeCPUToGPUCopy:0]]
[2020.04.25-01.46.28:345][  0]LogConfig: Setting CVar [[r.Streaming.MaxNumTexturesToStreamPerFrame:0]]
[2020.04.25-01.46.28:345][  0]LogConfig: Setting CVar [[r.Streaming.Boost:1]]
[2020.04.25-01.46.28:345][  0]LogConfig: Setting CVar [[r.MaxAnisotropy:8]]
[2020.04.25-01.46.28:346][  0]LogConfig: Setting CVar [[r.VT.MaxAnisotropy:8]]
[2020.04.25-01.46.28:346][  0]LogConfig: Setting CVar [[r.Streaming.LimitPoolSizeToVRAM:0]]
[2020.04.25-01.46.28:346][  0]LogConfig: Setting CVar [[r.Streaming.PoolSize:1000]]
[2020.04.25-01.46.28:346][  0]LogConfig: Setting CVar [[r.Streaming.MaxEffectiveScreenSize:0]]
[2020.04.25-01.46.28:346][  0]LogConfig: Applying CVar settings from Section [EffectsQuality@3] File [C:/Users/user/Documents/GitHub/Oligocene_Project/Saved/Config/Windows/Scalability.ini]
[2020.04.25-01.46.28:346][  0]LogConfig: Setting CVar [[r.TranslucencyLightingVolumeDim:4]]
[2020.04.25-01.46.28:346][  0]LogConfig: Setting CVar [[r.RefractionQuality:2]]
[2020.04.25-01.46.28:346][  0]LogConfig: Setting CVar [[r.SSR.Quality:0]]
[2020.04.25-01.46.28:346][  0]LogConfig: Setting CVar [[r.SSR.HalfResSceneColor:0]]
[2020.04.25-01.46.28:346][  0]LogConfig: Setting CVar [[r.SceneColorFormat:2]]
[2020.04.25-01.46.28:346][  0]LogConfig: Setting CVar [[r.DetailMode:2]]
[2020.04.25-01.46.28:346][  0]LogConfig: Setting CVar [[r.TranslucencyVolumeBlur:0]]
[2020.04.25-01.46.28:346][  0]LogConfig: Setting CVar [[r.MaterialQualityLevel:1 ; High quality]]
[2020.04.25-01.46.28:346][  0]LogConfig: Setting CVar [[r.SSS.Scale:1]]
[2020.04.25-01.46.28:346][  0]LogConfig: Setting CVar [[r.SSS.SampleSet:2]]
[2020.04.25-01.46.28:346][  0]LogConfig: Setting CVar [[r.SSS.Quality:1]]
[2020.04.25-01.46.28:346][  0]LogConfig: Setting CVar [[r.SSS.HalfRes:1]]
[2020.04.25-01.46.28:346][  0]LogConfig: Setting CVar [[r.SSGI.Quality:3]]
[2020.04.25-01.46.28:346][  0]LogConfig: Setting CVar [[r.EmitterSpawnRateScale:1.0]]
[2020.04.25-01.46.28:346][  0]LogConfig: Setting CVar [[r.ParticleLightQuality:2]]
[2020.04.25-01.46.28:346][  0]LogConfig: Setting CVar [[r.SkyAtmosphere.AerialPerspectiveLUT.FastApplyOnOpaque:1 ; Always have FastSkyLUT 1 in this case to avoid wrong sky]]
[2020.04.25-01.46.28:346][  0]LogConfig: Setting CVar [[r.SkyAtmosphere.AerialPerspectiveLUT.SampleCountPerSlice:1]]
[2020.04.25-01.46.28:346][  0]LogConfig: Setting CVar [[r.SkyAtmosphere.AerialPerspectiveLUT.DepthResolution:16.0]]
[2020.04.25-01.46.28:346][  0]LogConfig: Setting CVar [[r.SkyAtmosphere.FastSkyLUT:1]]
[2020.04.25-01.46.28:346][  0]LogConfig: Setting CVar [[r.SkyAtmosphere.FastSkyLUT.SampleCountMin:4.0]]
[2020.04.25-01.46.28:346][  0]LogConfig: Setting CVar [[r.SkyAtmosphere.FastSkyLUT.SampleCountMax:32.0]]
[2020.04.25-01.46.28:347][  0]LogConfig: Setting CVar [[r.SkyAtmosphere.SampleCountMin:4.0]]
[2020.04.25-01.46.28:347][  0]LogConfig: Setting CVar [[r.SkyAtmosphere.SampleCountMax:32.0]]
[2020.04.25-01.46.28:347][  0]LogConfig: Setting CVar [[r.SkyAtmosphere.TransmittanceLUT.UseSmallFormat:0]]
[2020.04.25-01.46.28:347][  0]LogConfig: Setting CVar [[r.SkyAtmosphere.TransmittanceLUT.SampleCount:10.0]]
[2020.04.25-01.46.28:347][  0]LogConfig: Setting CVar [[r.SkyAtmosphere.MultiScatteringLUT.SampleCount:15.0]]
[2020.04.25-01.46.28:347][  0]LogConfig: Applying CVar settings from Section [FoliageQuality@3] File [C:/Users/user/Documents/GitHub/Oligocene_Project/Saved/Config/Windows/Scalability.ini]
[2020.04.25-01.46.28:347][  0]LogConfig: Setting CVar [[foliage.DensityScale:1.0]]
[2020.04.25-01.46.28:347][  0]LogConfig: Setting CVar [[grass.DensityScale:1.0]]
[2020.04.25-01.46.28:347][  0]LogConfig: Applying CVar settings from Section [ShadingQuality@3] File [C:/Users/user/Documents/GitHub/Oligocene_Project/Saved/Config/Windows/Scalability.ini]
[2020.04.25-01.46.28:347][  0]LogConfig: Setting CVar [[r.HairStrands.SkyLighting.SampleCount:16]]
[2020.04.25-01.46.28:347][  0]LogConfig: Setting CVar [[r.HairStrands.SkyLighting.JitterIntegration:0]]
[2020.04.25-01.46.28:347][  0]LogConfig: Setting CVar [[r.HairStrands.SkyAO.SampleCount:16]]
[2020.04.25-01.46.28:347][  0]LogConfig: Applying CVar settings from Section [Startup] File [../../../Engine/Config/ConsoleVariables.ini]
[2020.04.25-01.46.28:388][  0]LogConfig: Setting CVar [[net.UseAdaptiveNetUpdateFrequency:0]]
[2020.04.25-01.46.28:388][  0]LogConfig: Setting CVar [[p.chaos.AllowCreatePhysxBodies:1]]
[2020.04.25-01.46.28:388][  0]LogConfig: Applying CVar settings from Section [ConsoleVariables] File [C:/Users/user/Documents/GitHub/Oligocene_Project/Saved/Config/Windows/Engine.ini]
[2020.04.25-01.46.28:423][  0]LogInit: Computer: MARZ
[2020.04.25-01.46.28:424][  0]LogInit: User: user
[2020.04.25-01.46.28:424][  0]LogInit: CPU Page size=4096, Cores=4
[2020.04.25-01.46.28:424][  0]LogInit: High frequency timer resolution =10.000000 MHz
[2020.04.25-01.46.28:424][  0]LogMemory: Memory total: Physical=8.0GB (8GB approx)
[2020.04.25-01.46.28:424][  0]LogMemory: Platform Memory Stats for Windows
[2020.04.25-01.46.28:424][  0]LogMemory: Process Physical Memory: 104.25 MB used, 104.25 MB peak
[2020.04.25-01.46.28:424][  0]LogMemory: Process Virtual Memory: 99.75 MB used, 99.75 MB peak
[2020.04.25-01.46.28:424][  0]LogMemory: Physical Memory: 4214.71 MB used,  3937.34 MB free, 8152.05 MB total
[2020.04.25-01.46.28:424][  0]LogMemory: Virtual Memory: 5121.49 MB used,  134212608.00 MB free, 134217728.00 MB total
[2020.04.25-01.46.28:437][  0]LogWindows: WindowsPlatformFeatures enabled
[2020.04.25-01.46.29:590][  0]LogInit: Using OS detected language (en-US).
[2020.04.25-01.46.29:590][  0]LogInit: Using OS detected locale (en-US).
[2020.04.25-01.46.29:639][  0]LogTextLocalizationManager: No specific localization for 'en-US' exists, so the 'en' localization will be used.
[2020.04.25-01.46.30:322][  0]LogInit: Setting process to per monitor DPI aware
[2020.04.25-01.46.31:807][  0]LogSlate: New Slate User Created.  User Index 0, Is Virtual User: 0
[2020.04.25-01.46.31:807][  0]LogSlate: Slate User Registered.  User Index 0, Is Virtual User: 0
[2020.04.25-01.46.35:448][  0]LogHMD: Failed to initialize OpenVR with code 110
[2020.04.25-01.46.35:448][  0]LogD3D11RHI: D3D11 min allowed feature level: 11_0
[2020.04.25-01.46.35:448][  0]LogD3D11RHI: D3D11 max allowed feature level: 11_0
[2020.04.25-01.46.35:449][  0]LogD3D11RHI: D3D11 adapters:
[2020.04.25-01.46.35:547][  0]LogD3D11RHI:    0. 'NVIDIA GeForce GTX 780' (Feature Level 11_0)
[2020.04.25-01.46.35:547][  0]LogD3D11RHI:       3029/0/4076 MB DedicatedVideo/DedicatedSystem/SharedSystem, Outputs:2, VendorId:0x10de
[2020.04.25-01.46.35:550][  0]LogD3D11RHI:    1. 'Microsoft Basic Render Driver' (Feature Level 11_0)
[2020.04.25-01.46.35:550][  0]LogD3D11RHI:       0/0/4076 MB DedicatedVideo/DedicatedSystem/SharedSystem, Outputs:0, VendorId:0x1414
[2020.04.25-01.46.35:551][  0]LogD3D11RHI: Chosen D3D11 Adapter: 0
[2020.04.25-01.46.35:572][  0]LogD3D11RHI: Creating new Direct3DDevice
[2020.04.25-01.46.35:572][  0]LogD3D11RHI:     GPU DeviceId: 0x1004 (for the marketing name, search the web for "GPU Device Id")
[2020.04.25-01.46.35:572][  0]LogWindows: EnumDisplayDevices:
[2020.04.25-01.46.35:572][  0]LogWindows:    0. 'NVIDIA GeForce GTX 780' (P:1 D:1)
[2020.04.25-01.46.35:572][  0]LogWindows:    1. 'NVIDIA GeForce GTX 780' (P:0 D:1)
[2020.04.25-01.46.35:573][  0]LogWindows:    2. 'NVIDIA GeForce GTX 780' (P:0 D:0)
[2020.04.25-01.46.35:573][  0]LogWindows:    3. 'NVIDIA GeForce GTX 780' (P:0 D:0)
[2020.04.25-01.46.35:573][  0]LogWindows: DebugString: FoundDriverCount:4 
[2020.04.25-01.46.35:573][  0]LogD3D11RHI:     Adapter Name: NVIDIA GeForce GTX 780
[2020.04.25-01.46.35:573][  0]LogD3D11RHI:   Driver Version: 432.00 (internal:26.21.14.3200, unified:432.00)
[2020.04.25-01.46.35:573][  0]LogD3D11RHI:      Driver Date: 7-24-2019
[2020.04.25-01.46.35:573][  0]LogRHI: Texture pool is 2120 MB (70% of 3029 MB)
[2020.04.25-01.46.35:641][  0]LogD3D11RHI: RHI does not have support for 64 bit atomics
[2020.04.25-01.46.35:641][  0]LogD3D11RHI: Async texture creation enabled
[2020.04.25-01.46.35:884][  0]LogD3D11RHI: GPU Timing Frequency: 1000.000000 (Debug: 2 1)
[2020.04.25-01.46.37:201][  0]LogTargetPlatformManager: Display: Loaded TargetPlatform 'AllDesktop'
[2020.04.25-01.46.37:296][  0]LogTargetPlatformManager: Display: Loaded TargetPlatform 'Android'
[2020.04.25-01.46.37:296][  0]LogTargetPlatformManager: Display: Loaded TargetPlatform 'Android_ASTC'
[2020.04.25-01.46.37:296][  0]LogTargetPlatformManager: Display: Loaded TargetPlatform 'Android_ATC'
[2020.04.25-01.46.37:296][  0]LogTargetPlatformManager: Display: Loaded TargetPlatform 'Android_DXT'
[2020.04.25-01.46.37:296][  0]LogTargetPlatformManager: Display: Loaded TargetPlatform 'Android_ETC1'
[2020.04.25-01.46.37:296][  0]LogTargetPlatformManager: Display: Loaded TargetPlatform 'Android_ETC1a'
[2020.04.25-01.46.37:296][  0]LogTargetPlatformManager: Display: Loaded TargetPlatform 'Android_ETC2'
[2020.04.25-01.46.37:296][  0]LogTargetPlatformManager: Display: Loaded TargetPlatform 'Android_PVRTC'
[2020.04.25-01.46.37:296][  0]LogTargetPlatformManager: Display: Loaded TargetPlatform 'AndroidClient'
[2020.04.25-01.46.37:296][  0]LogTargetPlatformManager: Display: Loaded TargetPlatform 'Android_ASTCClient'
[2020.04.25-01.46.37:296][  0]LogTargetPlatformManager: Display: Loaded TargetPlatform 'Android_ATCClient'
[2020.04.25-01.46.37:296][  0]LogTargetPlatformManager: Display: Loaded TargetPlatform 'Android_DXTClient'
[2020.04.25-01.46.37:296][  0]LogTargetPlatformManager: Display: Loaded TargetPlatform 'Android_ETC1Client'
[2020.04.25-01.46.37:296][  0]LogTargetPlatformManager: Display: Loaded TargetPlatform 'Android_ETC1aClient'
[2020.04.25-01.46.37:296][  0]LogTargetPlatformManager: Display: Loaded TargetPlatform 'Android_ETC2Client'
[2020.04.25-01.46.37:296][  0]LogTargetPlatformManager: Display: Loaded TargetPlatform 'Android_PVRTCClient'
[2020.04.25-01.46.37:296][  0]LogTargetPlatformManager: Display: Loaded TargetPlatform 'Android_Multi'
[2020.04.25-01.46.37:296][  0]LogTargetPlatformManager: Display: Loaded TargetPlatform 'Android_MultiClient'
[2020.04.25-01.46.37:433][  0]LogTargetPlatformManager: Display: Loaded TargetPlatform 'IOSClient'
[2020.04.25-01.46.37:433][  0]LogTargetPlatformManager: Display: Loaded TargetPlatform 'IOS'
[2020.04.25-01.46.37:506][  0]LogTargetPlatformManager: Display: Loaded TargetPlatform 'LinuxNoEditor'
[2020.04.25-01.46.37:546][  0]LogTargetPlatformManager: Display: Loaded TargetPlatform 'LinuxClient'
[2020.04.25-01.46.37:584][  0]LogTargetPlatformManager: Display: Loaded TargetPlatform 'LinuxServer'
[2020.04.25-01.46.37:621][  0]LogTargetPlatformManager: Display: Loaded TargetPlatform 'LinuxAArch64NoEditor'
[2020.04.25-01.46.37:659][  0]LogTargetPlatformManager: Display: Loaded TargetPlatform 'LinuxAArch64Client'
[2020.04.25-01.46.37:694][  0]LogTargetPlatformManager: Display: Loaded TargetPlatform 'LinuxAArch64Server'
[2020.04.25-01.46.37:756][  0]LogTargetPlatformManager: Display: Loaded TargetPlatform 'Lumin'
[2020.04.25-01.46.37:757][  0]LogTargetPlatformManager: Display: Loaded TargetPlatform 'LuminClient'
[2020.04.25-01.46.37:787][  0]LogTargetPlatformManager: Display: Loaded TargetPlatform 'TVOSClient'
[2020.04.25-01.46.37:787][  0]LogTargetPlatformManager: Display: Loaded TargetPlatform 'TVOS'
[2020.04.25-01.46.37:848][  0]LogTargetPlatformManager: Display: Loaded TargetPlatform 'WindowsNoEditor'
[2020.04.25-01.46.37:897][  0]LogTargetPlatformManager: Display: Loaded TargetPlatform 'Windows'
[2020.04.25-01.46.37:932][  0]LogTargetPlatformManager: Display: Loaded TargetPlatform 'WindowsClient'
[2020.04.25-01.46.37:966][  0]LogTargetPlatformManager: Display: Loaded TargetPlatform 'WindowsServer'
[2020.04.25-01.46.37:966][  0]LogTargetPlatformManager: Display: Building Assets For Windows
[2020.04.25-01.46.38:205][  0]LogAudioDebug: Display: Lib vorbis DLL was dynamically loaded.
[2020.04.25-01.46.39:281][  0]LogShaderCompilers: Guid format shader working directory is -3 characters bigger than the processId version (C:/Users/user/Documents/GitHub/Oligocene_Project/Intermediate/Shaders/WorkingDirectory/8208/).
[2020.04.25-01.46.39:281][  0]LogShaderCompilers: Cleaned the shader compiler working directory 'C:/Users/user/AppData/Local/Temp/UnrealShaderWorkingDir/DBCE28024DC1856BDDC1BB963E9E9B0F/'.
[2020.04.25-01.46.39:297][  0]LogXGEController: Cleaning working directory: C:/Users/user/AppData/Local/Temp/UnrealXGEWorkingDir/
[2020.04.25-01.46.39:298][  0]LogXGEController: Cannot use XGE Controller as Incredibuild is not installed on this machine.
[2020.04.25-01.46.39:298][  0]LogShaderCompilers: Cannot use XGE Shader Compiler as Incredibuild is not installed on this machine.
[2020.04.25-01.46.39:298][  0]LogShaderCompilers: Display: Using Local Shader Compiler.
[2020.04.25-01.46.43:811][  0]LogDerivedDataCache: Display: Max Cache Size: 512 MB
[2020.04.25-01.46.44:045][  0]LogDerivedDataCache: Loaded boot cache 0.23s 79MB C:/Users/user/AppData/Local/UnrealEngine/4.24/DerivedDataCache/Boot.ddc.
[2020.04.25-01.46.44:045][  0]LogDerivedDataCache: Display: Loaded Boot cache: C:/Users/user/AppData/Local/UnrealEngine/4.24/DerivedDataCache/Boot.ddc
[2020.04.25-01.46.44:045][  0]LogDerivedDataCache: FDerivedDataBackendGraph:  Pak pak cache file C:/Users/user/Documents/GitHub/Oligocene_Project/DerivedDataCache/DDC.ddp not found, will not use a pak cache.
[2020.04.25-01.46.44:045][  0]LogDerivedDataCache: Unable to find inner node Pak for hierarchical cache Hierarchy.
[2020.04.25-01.46.44:045][  0]LogDerivedDataCache: FDerivedDataBackendGraph:  CompressedPak pak cache file C:/Users/user/Documents/GitHub/Oligocene_Project/DerivedDataCache/Compressed.ddp not found, will not use a pak cache.
[2020.04.25-01.46.44:045][  0]LogDerivedDataCache: Unable to find inner node CompressedPak for hierarchical cache Hierarchy.
[2020.04.25-01.46.44:133][  0]LogDerivedDataCache: Display: Pak cache opened for reading ../../../Engine/DerivedDataCache/Compressed.ddp.
[2020.04.25-01.46.44:133][  0]LogDerivedDataCache: FDerivedDataBackendGraph:  EnterprisePak pak cache file ../../../Enterprise/DerivedDataCache/Compressed.ddp not found, will not use a pak cache.
[2020.04.25-01.46.44:133][  0]LogDerivedDataCache: Unable to find inner node EnterprisePak for hierarchical cache Hierarchy.
[2020.04.25-01.46.44:136][  0]LogDerivedDataCache: Using Local data cache path C:/Users/user/AppData/Local/UnrealEngine/Common/DerivedDataCache: Writable
[2020.04.25-01.46.44:136][  0]LogDerivedDataCache: Shared data cache path not found in *engine.ini, will not use an Shared cache.
[2020.04.25-01.46.44:137][  0]LogDerivedDataCache: Unable to find inner node Shared for hierarchical cache Hierarchy.
[2020.04.25-01.46.44:187][  0]LogMaterial: Verifying Global Shaders for PCD3D_SM5
[2020.04.25-01.46.44:256][  0]LogSlate: Using FreeType 2.10.0
[2020.04.25-01.46.44:398][  0]LogSlate: SlateFontServices - WITH_FREETYPE: 1, WITH_HARFBUZZ: 1
[2020.04.25-01.46.45:665][  0]LogAssetRegistry: FAssetRegistry took 0.0052 seconds to start up
[2020.04.25-01.46.57:507][  0]LogInit: Selected Device Profile: [Windows]
[2020.04.25-01.47.04:316][  0]LogMeshReduction: Using QuadricMeshReduction for automatic static mesh reduction
[2020.04.25-01.47.04:316][  0]LogMeshReduction: Using SimplygonMeshReduction for automatic skeletal mesh reduction
[2020.04.25-01.47.04:316][  0]LogMeshReduction: Using ProxyLODMeshReduction for automatic mesh merging
[2020.04.25-01.47.04:316][  0]LogMeshReduction: No distributed automatic mesh merging module available
[2020.04.25-01.47.04:316][  0]LogMeshMerging: No distributed automatic mesh merging module available
[2020.04.25-01.47.05:925][  0]LogNetVersion: Oligocene_Project 1.0.0, NetCL: 10570792, EngineNetVer: 13, GameNetVer: 0 (Checksum: 2964558787)
[2020.04.25-01.47.49:020][  0]LogPackageLocalizationCache: Processed 10 localized package path(s) for 1 prioritized culture(s) in 0.098875 seconds
[2020.04.25-01.47.49:054][  0]LogUObjectArray: 46750 objects as part of root set at end of initial load.
[2020.04.25-01.47.49:054][  0]LogUObjectAllocator: 8137160 out of 0 bytes used by permanent object pool.
[2020.04.25-01.47.49:054][  0]LogUObjectArray: CloseDisregardForGC: 0/0 objects in disregard for GC pool
[2020.04.25-01.48.00:366][  0]LogTcpMessaging: Initializing TcpMessaging bridge
[2020.04.25-01.48.00:437][  0]LogUdpMessaging: Initializing bridge on interface 0.0.0.0:0 to multicast group 230.0.0.1:6666.
[2020.04.25-01.48.01:275][  0]SourceControl: Source control is disabled
[2020.04.25-01.48.01:291][  0]SourceControl: Source control is disabled
[2020.04.25-01.48.01:366][  0]SourceControl: Source control is disabled
[2020.04.25-01.48.01:412][  0]SourceControl: Source control is disabled
[2020.04.25-01.48.01:458][  0]SourceControl: Source control is disabled
[2020.04.25-01.48.01:541][  0]LogVSAccessor: Display: Unable to create Visual Studio setup instance: 80040154
[2020.04.25-01.48.01:541][  0]LogVSAccessor: Display: Unable to create Visual Studio setup instance: 80040154
[2020.04.25-01.48.03:147][  0]LogAndroidPermission: UAndroidPermissionCallbackProxy::GetInstance
[2020.04.25-01.48.03:325][  0]LogAudioCaptureCore: Display: No Audio Capture implementations found. Audio input will be silent.
[2020.04.25-01.48.03:325][  0]LogAudioCaptureCore: Display: No Audio Capture implementations found. Audio input will be silent.
[2020.04.25-01.48.03:936][  0]LogOcInput: OculusInput pre-init called
[2020.04.25-01.48.04:041][  0]LogWindows: Failed to load 'OVRPlugin.dll' (GetLastError=126)
[2020.04.25-01.48.04:041][  0]LogWindows: File 'OVRPlugin.dll' does not exist
[2020.04.25-01.48.05:087][  0]LogEngine: Initializing Engine...
[2020.04.25-01.48.05:097][  0]LogHMD: Failed to initialize OpenVR with code 110
[2020.04.25-01.48.05:148][  0]LogStats: UGameplayTagsManager::InitializeManager -  0.027 s
[2020.04.25-01.48.05:925][  0]LogInit: Initializing FReadOnlyCVARCache
[2020.04.25-01.48.06:344][  0]LogAIModule: Creating AISystem for world Untitled
[2020.04.25-01.48.06:504][  0]LogAudioMixer: Display: Audio Mixer Platform Settings:
[2020.04.25-01.48.06:504][  0]LogAudioMixer: Display: 	Sample Rate:						  48000
[2020.04.25-01.48.06:504][  0]LogAudioMixer: Display: 	Callback Buffer Frame Size Requested: 1024
[2020.04.25-01.48.06:504][  0]LogAudioMixer: Display: 	Callback Buffer Frame Size To Use:	  1024
[2020.04.25-01.48.06:504][  0]LogAudioMixer: Display: 	Number of buffers to queue:			  2
[2020.04.25-01.48.06:504][  0]LogAudioMixer: Display: 	Max Channels (voices):				  32
[2020.04.25-01.48.06:504][  0]LogAudioMixer: Display: 	Number of Async Source Workers:		  0
[2020.04.25-01.48.06:504][  0]LogAudio: Display: AudioDevice MaxSources: 32
[2020.04.25-01.48.06:509][  0]LogAudio: Display: Using built-in audio occlusion.
[2020.04.25-01.48.06:509][  0]LogAudioMixer: Display: Initializing audio mixer.
[2020.04.25-01.48.06:635][  0]LogAudioMixer: Display: Audio Device Output Speaker Info:
[2020.04.25-01.48.06:635][  0]LogAudioMixer: Display: Name: Headphones (MDR-XB950BT Stereo)
[2020.04.25-01.48.06:635][  0]LogAudioMixer: Display: Is Default: Yes
[2020.04.25-01.48.06:635][  0]LogAudioMixer: Display: Sample Rate: 44100
[2020.04.25-01.48.06:635][  0]LogAudioMixer: Display: Channel Count Used: 2
[2020.04.25-01.48.06:635][  0]LogAudioMixer: Display: Device Channel Count: 2
[2020.04.25-01.48.06:635][  0]LogAudioMixer: Display: Channel Order:
[2020.04.25-01.48.06:635][  0]LogAudioMixer: Display: 0: FrontLeft
[2020.04.25-01.48.06:635][  0]LogAudioMixer: Display: 1: FrontRight
[2020.04.25-01.48.07:230][  0]LogAudioMixer: Display: Using Audio Device Headphones (MDR-XB950BT Stereo)
[2020.04.25-01.48.07:319][  0]LogInit: FAudioDevice initialized.
[2020.04.25-01.48.07:320][  0]LogNetVersion: Set ProjectVersion to 1.0.0.0. Version Checksum will be recalculated on next use.
[2020.04.25-01.48.07:491][  0]LogDerivedDataCache: Saved boot cache 0.17s 79MB C:/Users/user/AppData/Local/UnrealEngine/4.24/DerivedDataCache/Boot.ddc.
[2020.04.25-01.48.07:499][  0]LogInit: Texture streaming: Enabled
[2020.04.25-01.48.07:726][  0]LogEngineSessionManager: EngineSessionManager initialized
[2020.04.25-01.48.07:726][  0]LogEditorSessionSummary: Verbose: Initializing EditorSessionSummaryWriter for editor session tracking
[2020.04.25-01.48.07:728][  0]LogEditorSessionSummary: EditorSessionSummaryWriter initialized
[2020.04.25-01.48.08:147][  0]LogInit: Transaction tracking system initialized
[2020.04.25-01.48.08:548][  0]BlueprintLog: New page: Editor Load
[2020.04.25-01.48.09:806][  0]LocalizationService: Localization service is disabled
[2020.04.25-01.48.10:806][  0]LogVSAccessor: Display: Unable to create Visual Studio setup instance: 80040154
[2020.04.25-01.48.10:807][  0]LogVSAccessor: Display: Unable to create Visual Studio setup instance: 80040154
[2020.04.25-01.48.12:491][  0]LogFileCache: Scanning file cache for directory 'C:/Users/user/Documents/GitHub/Oligocene_Project/Content/' took 0.02s
[2020.04.25-01.48.12:491][  0]LogCook: Display: Max memory allowance for cook 16384mb min free memory 0mb
[2020.04.25-01.48.12:492][  0]LogCook: Display: Mobile HDR setting 1
[2020.04.25-01.48.22:275][  0]SourceControl: Source control is disabled
[2020.04.25-01.48.22:319][  0]Cmd: MAP LOAD FILE="C:/Users/user/Documents/GitHub/Oligocene_Project/Content/VirtualRealityBP/Maps/Oligocene_Playable.umap" TEMPLATE=0 SHOWPROGRESS=1 FEATURELEVEL=3
[2020.04.25-01.48.22:334][  0]LightingResults: New page: Lighting Build
[2020.04.25-01.48.22:488][  0]LogWorld: UWorld::CleanupWorld for Untitled, bSessionEnded=true, bCleanupResources=true
[2020.04.25-01.48.22:585][  0]LogSlate: InvalidateAllWidgets triggered.  All widgets were invalidated
[2020.04.25-01.48.22:630][  0]MapCheck: New page: Map Check
[2020.04.25-01.48.22:630][  0]LightingResults: New page: Lighting Build
[2020.04.25-01.48.23:268][  0]LogUObjectHash: Compacting FUObjectHashTables data took   4.62ms
[2020.04.25-01.48.27:777][  0]LogDerivedDataCache: FFileSystemDerivedDataBackend: Move collision, attempt at redundant update, OK C:/Users/user/AppData/Local/UnrealEngine/Common/DerivedDataCache/2/2/1/PHYSX_A08609EF508D460CBB6710540B03AACF_PHYSXPC_D94834FC4840007A2E8DF89D2C6015A9__1_0_0_0_2_13315_0.udd.
[2020.04.25-01.48.27:777][  0]LogDerivedDataCache: FFileSystemDerivedDataBackend: Move collision, attempt at redundant update, OK C:/Users/user/AppData/Local/UnrealEngine/Common/DerivedDataCache/0/9/2/PHYSX_A08609EF508D460CBB6710540B03AACF_PHYSXPC_2C66217A4205C3DCA0A35D996181B287__1_0_0_0_2_13315_0.udd.
[2020.04.25-01.48.39:216][  0]LogTexture: Display: Building textures: HQ_Lightmap0_1 (AutoDXT, 1024X1024)
[2020.04.25-01.48.39:216][  0]LogTexture: Display: Building textures: HQ_Lightmap0_2 (AutoDXT, 256X256)
[2020.04.25-01.48.39:216][  0]LogTexture: Display: Building textures: HQ_Lightmap0_3 (AutoDXT, 1024X1024)
[2020.04.25-01.48.39:216][  0]LogTexture: Display: Building textures: HQ_Lightmap1_10 (AutoDXT, 256X256)
[2020.04.25-01.48.39:216][  0]LogTexture: Display: Building textures: HQ_Lightmap1_11 (AutoDXT, 256X256)
[2020.04.25-01.48.39:216][  0]LogTexture: Display: Building textures: HQ_Lightmap1_12 (AutoDXT, 256X256)
[2020.04.25-01.48.39:216][  0]LogTexture: Display: Building textures: HQ_Lightmap1_13 (AutoDXT, 256X256)
[2020.04.25-01.48.39:216][  0]LogTexture: Display: Building textures: HQ_Lightmap1_14 (AutoDXT, 256X256)
[2020.04.25-01.48.39:216][  0]LogTexture: Display: Building textures: HQ_Lightmap1_15 (AutoDXT, 256X256)
[2020.04.25-01.48.39:216][  0]LogTexture: Display: Building textures: HQ_Lightmap1_16 (AutoDXT, 256X256)
[2020.04.25-01.48.39:216][  0]LogTexture: Display: Building textures: HQ_Lightmap1_17 (AutoDXT, 256X256)
[2020.04.25-01.48.39:216][  0]LogTexture: Display: Building textures: HQ_Lightmap1_18 (AutoDXT, 256X256)
[2020.04.25-01.48.39:216][  0]LogTexture: Display: Building textures: HQ_Lightmap1_19 (AutoDXT, 256X256)
[2020.04.25-01.48.39:216][  0]LogTexture: Display: Building textures: HQ_Lightmap1_21 (AutoDXT, 256X256)
[2020.04.25-01.48.39:216][  0]LogTexture: Display: Building textures: HQ_Lightmap1_20 (AutoDXT, 256X256)
[2020.04.25-01.48.39:216][  0]LogTexture: Display: Building textures: HQ_Lightmap1_22 (AutoDXT, 256X256)
[2020.04.25-01.48.39:216][  0]LogTexture: Display: Building textures: HQ_Lightmap1_23 (AutoDXT, 256X256)
[2020.04.25-01.48.39:216][  0]LogTexture: Display: Building textures: HQ_Lightmap1_24 (AutoDXT, 256X256)
[2020.04.25-01.48.39:216][  0]LogTexture: Display: Building textures: HQ_Lightmap1_25 (AutoDXT, 256X256)
[2020.04.25-01.48.39:216][  0]LogTexture: Display: Building textures: HQ_Lightmap1_26 (AutoDXT, 256X256)
[2020.04.25-01.48.39:216][  0]LogTexture: Display: Building textures: HQ_Lightmap1_27 (AutoDXT, 256X256)
[2020.04.25-01.48.39:216][  0]LogTexture: Display: Building textures: HQ_Lightmap1_28 (AutoDXT, 256X256)
[2020.04.25-01.48.39:216][  0]LogTexture: Display: Building textures: HQ_Lightmap1_29 (AutoDXT, 256X256)
[2020.04.25-01.48.39:216][  0]LogTexture: Display: Building textures: HQ_Lightmap1_30 (AutoDXT, 256X256)
[2020.04.25-01.48.39:216][  0]LogTexture: Display: Building textures: HQ_Lightmap1_31 (AutoDXT, 256X256)
[2020.04.25-01.48.39:216][  0]LogTexture: Display: Building textures: HQ_Lightmap1_32 (AutoDXT, 256X256)
[2020.04.25-01.48.39:216][  0]LogTexture: Display: Building textures: HQ_Lightmap1_33 (AutoDXT, 256X256)
[2020.04.25-01.48.39:216][  0]LogTexture: Display: Building textures: HQ_Lightmap1_34 (AutoDXT, 256X256)
[2020.04.25-01.48.39:216][  0]LogTexture: Display: Building textures: HQ_Lightmap1_35 (AutoDXT, 256X256)
[2020.04.25-01.48.39:216][  0]LogTexture: Display: Building textures: HQ_Lightmap1_36 (AutoDXT, 256X256)
[2020.04.25-01.48.39:216][  0]LogTexture: Display: Building textures: HQ_Lightmap1_37 (AutoDXT, 256X256)
[2020.04.25-01.48.39:216][  0]LogTexture: Display: Building textures: HQ_Lightmap1_38 (AutoDXT, 256X256)
[2020.04.25-01.48.39:216][  0]LogTexture: Display: Building textures: HQ_Lightmap1_39 (AutoDXT, 256X256)
[2020.04.25-01.48.39:216][  0]LogTexture: Display: Building textures: HQ_Lightmap1_4 (AutoDXT, 256X256)
[2020.04.25-01.48.39:216][  0]LogTexture: Display: Building textures: HQ_Lightmap1_40 (AutoDXT, 256X256)
[2020.04.25-01.48.39:216][  0]LogTexture: Display: Building textures: HQ_Lightmap1_41 (AutoDXT, 256X256)
[2020.04.25-01.48.39:216][  0]LogTexture: Display: Building textures: HQ_Lightmap1_42 (AutoDXT, 256X256)
[2020.04.25-01.48.39:216][  0]LogTexture: Display: Building textures: HQ_Lightmap1_43 (AutoDXT, 256X256)
[2020.04.25-01.48.39:216][  0]LogTexture: Display: Building textures: HQ_Lightmap1_44 (AutoDXT, 256X256)
[2020.04.25-01.48.39:216][  0]LogTexture: Display: Building textures: HQ_Lightmap1_45 (AutoDXT, 256X256)
[2020.04.25-01.48.39:216][  0]LogTexture: Display: Building textures: HQ_Lightmap1_46 (AutoDXT, 256X256)
[2020.04.25-01.48.39:216][  0]LogTexture: Display: Building textures: HQ_Lightmap1_47 (AutoDXT, 256X256)
[2020.04.25-01.48.39:216][  0]LogTexture: Display: Building textures: HQ_Lightmap1_48 (AutoDXT, 256X256)
[2020.04.25-01.48.39:216][  0]LogTexture: Display: Building textures: HQ_Lightmap1_49 (AutoDXT, 256X256)
[2020.04.25-01.48.39:216][  0]LogTexture: Display: Building textures: HQ_Lightmap1_5 (AutoDXT, 256X256)
[2020.04.25-01.48.39:216][  0]LogTexture: Display: Building textures: HQ_Lightmap1_50 (AutoDXT, 256X256)
[2020.04.25-01.48.39:216][  0]LogTexture: Display: Building textures: HQ_Lightmap1_51 (AutoDXT, 256X256)
[2020.04.25-01.48.39:216][  0]LogTexture: Display: Building textures: HQ_Lightmap1_52 (AutoDXT, 256X256)
[2020.04.25-01.48.39:216][  0]LogTexture: Display: Building textures: HQ_Lightmap1_53 (AutoDXT, 256X256)
[2020.04.25-01.48.39:216][  0]LogTexture: Display: Building textures: HQ_Lightmap1_55 (AutoDXT, 256X256)
[2020.04.25-01.48.39:216][  0]LogTexture: Display: Building textures: HQ_Lightmap1_54 (AutoDXT, 256X256)
[2020.04.25-01.48.39:216][  0]LogTexture: Display: Building textures: HQ_Lightmap1_56 (AutoDXT, 256X256)
[2020.04.25-01.48.39:216][  0]LogTexture: Display: Building textures: HQ_Lightmap1_57 (AutoDXT, 256X256)
[2020.04.25-01.48.39:217][  0]LogTexture: Display: Building textures: HQ_Lightmap1_59 (AutoDXT, 256X256)
[2020.04.25-01.48.39:217][  0]LogTexture: Display: Building textures: HQ_Lightmap1_58 (AutoDXT, 256X256)
[2020.04.25-01.48.39:217][  0]LogTexture: Display: Building textures: HQ_Lightmap1_6 (AutoDXT, 256X256)
[2020.04.25-01.48.39:217][  0]LogTexture: Display: Building textures: HQ_Lightmap1_60 (AutoDXT, 256X256)
[2020.04.25-01.48.39:217][  0]LogTexture: Display: Building textures: HQ_Lightmap1_61 (AutoDXT, 256X256)
[2020.04.25-01.48.39:217][  0]LogTexture: Display: Building textures: HQ_Lightmap1_62 (AutoDXT, 256X256)
[2020.04.25-01.48.39:217][  0]LogTexture: Display: Building textures: HQ_Lightmap1_63 (AutoDXT, 256X256)
[2020.04.25-01.48.39:217][  0]LogTexture: Display: Building textures: HQ_Lightmap1_64 (AutoDXT, 256X256)
[2020.04.25-01.48.39:217][  0]LogTexture: Display: Building textures: HQ_Lightmap1_65 (AutoDXT, 256X256)
[2020.04.25-01.48.39:217][  0]LogTexture: Display: Building textures: HQ_Lightmap1_66 (AutoDXT, 256X256)
[2020.04.25-01.48.39:217][  0]LogTexture: Display: Building textures: HQ_Lightmap1_67 (AutoDXT, 256X256)
[2020.04.25-01.48.39:217][  0]LogTexture: Display: Building textures: HQ_Lightmap1_68 (AutoDXT, 64X64)
[2020.04.25-01.48.39:217][  0]LogTexture: Display: Building textures: HQ_Lightmap1_7 (AutoDXT, 256X256)
[2020.04.25-01.48.39:217][  0]LogTexture: Display: Building textures: HQ_Lightmap1_8 (AutoDXT, 256X256)
[2020.04.25-01.48.39:217][  0]LogTexture: Display: Building textures: HQ_Lightmap1_9 (AutoDXT, 256X256)
[2020.04.25-01.48.39:217][  0]LogTexture: Display: Building textures: LQ_Lightmap_0_1 (DXT1, 1024X1024)
[2020.04.25-01.48.39:217][  0]LogTexture: Display: Building textures: LQ_Lightmap_0_2 (DXT1, 256X256)
[2020.04.25-01.48.39:217][  0]LogTexture: Display: Building textures: LQ_Lightmap_0_3 (DXT1, 1024X1024)
[2020.04.25-01.48.39:217][  0]LogTexture: Display: Building textures: LQ_Lightmap_1_10 (DXT1, 256X256)
[2020.04.25-01.48.39:217][  0]LogTexture: Display: Building textures: LQ_Lightmap_1_11 (DXT1, 256X256)
[2020.04.25-01.48.39:217][  0]LogTexture: Display: Building textures: LQ_Lightmap_1_12 (DXT1, 256X256)
[2020.04.25-01.48.39:217][  0]LogTexture: Display: Building textures: LQ_Lightmap_1_13 (DXT1, 256X256)
[2020.04.25-01.48.39:217][  0]LogTexture: Display: Building textures: LQ_Lightmap_1_14 (DXT1, 256X256)
[2020.04.25-01.48.39:217][  0]LogTexture: Display: Building textures: LQ_Lightmap_1_15 (DXT1, 256X256)
[2020.04.25-01.48.39:217][  0]LogTexture: Display: Building textures: LQ_Lightmap_1_16 (DXT1, 256X256)
[2020.04.25-01.48.39:217][  0]LogTexture: Display: Building textures: LQ_Lightmap_1_17 (DXT1, 256X256)
[2020.04.25-01.48.39:217][  0]LogTexture: Display: Building textures: LQ_Lightmap_1_19 (DXT1, 256X256)
[2020.04.25-01.48.39:217][  0]LogTexture: Display: Building textures: LQ_Lightmap_1_18 (DXT1, 256X256)
[2020.04.25-01.48.39:217][  0]LogTexture: Display: Building textures: LQ_Lightmap_1_20 (DXT1, 256X256)
[2020.04.25-01.48.39:217][  0]LogTexture: Display: Building textures: LQ_Lightmap_1_21 (DXT1, 256X256)
[2020.04.25-01.48.39:217][  0]LogTexture: Display: Building textures: LQ_Lightmap_1_22 (DXT1, 256X256)
[2020.04.25-01.48.39:217][  0]LogTexture: Display: Building textures: LQ_Lightmap_1_23 (DXT1, 256X256)
[2020.04.25-01.48.39:217][  0]LogTexture: Display: Building textures: LQ_Lightmap_1_24 (DXT1, 256X256)
[2020.04.25-01.48.39:217][  0]LogTexture: Display: Building textures: LQ_Lightmap_1_25 (DXT1, 256X256)
[2020.04.25-01.48.39:217][  0]LogTexture: Display: Building textures: LQ_Lightmap_1_26 (DXT1, 256X256)
[2020.04.25-01.48.39:217][  0]LogTexture: Display: Building textures: LQ_Lightmap_1_27 (DXT1, 256X256)
[2020.04.25-01.48.39:217][  0]LogTexture: Display: Building textures: LQ_Lightmap_1_28 (DXT1, 256X256)
[2020.04.25-01.48.39:217][  0]LogTexture: Display: Building textures: LQ_Lightmap_1_29 (DXT1, 256X256)
[2020.04.25-01.48.39:217][  0]LogTexture: Display: Building textures: LQ_Lightmap_1_30 (DXT1, 256X256)
[2020.04.25-01.48.39:217][  0]LogTexture: Display: Building textures: LQ_Lightmap_1_31 (DXT1, 256X256)
[2020.04.25-01.48.39:217][  0]LogTexture: Display: Building textures: LQ_Lightmap_1_32 (DXT1, 256X256)
[2020.04.25-01.48.39:217][  0]LogTexture: Display: Building textures: LQ_Lightmap_1_33 (DXT1, 256X256)
[2020.04.25-01.48.39:217][  0]LogTexture: Display: Building textures: LQ_Lightmap_1_34 (DXT1, 256X256)
[2020.04.25-01.48.39:217][  0]LogTexture: Display: Building textures: LQ_Lightmap_1_35 (DXT1, 256X256)
[2020.04.25-01.48.39:217][  0]LogTexture: Display: Building textures: LQ_Lightmap_1_36 (DXT1, 256X256)
[2020.04.25-01.48.39:217][  0]LogTexture: Display: Building textures: LQ_Lightmap_1_37 (DXT1, 256X256)
[2020.04.25-01.48.39:217][  0]LogTexture: Display: Building textures: LQ_Lightmap_1_38 (DXT1, 256X256)
[2020.04.25-01.48.39:217][  0]LogTexture: Display: Building textures: LQ_Lightmap_1_39 (DXT1, 256X256)
[2020.04.25-01.48.39:217][  0]LogTexture: Display: Building textures: LQ_Lightmap_1_4 (DXT1, 256X256)
[2020.04.25-01.48.39:217][  0]LogTexture: Display: Building textures: LQ_Lightmap_1_40 (DXT1, 256X256)
[2020.04.25-01.48.39:217][  0]LogTexture: Display: Building textures: LQ_Lightmap_1_41 (DXT1, 256X256)
[2020.04.25-01.48.39:217][  0]LogTexture: Display: Building textures: LQ_Lightmap_1_42 (DXT1, 256X256)
[2020.04.25-01.48.39:217][  0]LogTexture: Display: Building textures: LQ_Lightmap_1_43 (DXT1, 256X256)
[2020.04.25-01.48.39:217][  0]LogTexture: Display: Building textures: LQ_Lightmap_1_44 (DXT1, 256X256)
[2020.04.25-01.48.39:217][  0]LogTexture: Display: Building textures: LQ_Lightmap_1_45 (DXT1, 256X256)
[2020.04.25-01.48.39:217][  0]LogTexture: Display: Building textures: LQ_Lightmap_1_46 (DXT1, 256X256)
[2020.04.25-01.48.39:217][  0]LogTexture: Display: Building textures: LQ_Lightmap_1_47 (DXT1, 256X256)
[2020.04.25-01.48.39:217][  0]LogTexture: Display: Building textures: LQ_Lightmap_1_48 (DXT1, 256X256)
[2020.04.25-01.48.39:217][  0]LogTexture: Display: Building textures: LQ_Lightmap_1_49 (DXT1, 256X256)
[2020.04.25-01.48.39:217][  0]LogTexture: Display: Building textures: LQ_Lightmap_1_5 (DXT1, 256X256)
[2020.04.25-01.48.39:218][  0]LogTexture: Display: Building textures: LQ_Lightmap_1_50 (DXT1, 256X256)
[2020.04.25-01.48.39:218][  0]LogTexture: Display: Building textures: LQ_Lightmap_1_51 (DXT1, 256X256)
[2020.04.25-01.48.39:218][  0]LogTexture: Display: Building textures: LQ_Lightmap_1_52 (DXT1, 256X256)
[2020.04.25-01.48.39:218][  0]LogTexture: Display: Building textures: LQ_Lightmap_1_53 (DXT1, 256X256)
[2020.04.25-01.48.39:218][  0]LogTexture: Display: Building textures: LQ_Lightmap_1_54 (DXT1, 256X256)
[2020.04.25-01.48.39:218][  0]LogTexture: Display: Building textures: LQ_Lightmap_1_55 (DXT1, 256X256)
[2020.04.25-01.48.39:218][  0]LogTexture: Display: Building textures: LQ_Lightmap_1_56 (DXT1, 256X256)
[2020.04.25-01.48.39:218][  0]LogTexture: Display: Building textures: LQ_Lightmap_1_57 (DXT1, 256X256)
[2020.04.25-01.48.39:218][  0]LogTexture: Display: Building textures: LQ_Lightmap_1_58 (DXT1, 256X256)
[2020.04.25-01.48.39:218][  0]LogTexture: Display: Building textures: LQ_Lightmap_1_59 (DXT1, 256X256)
[2020.04.25-01.48.39:218][  0]LogTexture: Display: Building textures: LQ_Lightmap_1_6 (DXT1, 256X256)
[2020.04.25-01.48.39:218][  0]LogTexture: Display: Building textures: LQ_Lightmap_1_60 (DXT1, 256X256)
[2020.04.25-01.48.39:218][  0]LogTexture: Display: Building textures: LQ_Lightmap_1_61 (DXT1, 256X256)
[2020.04.25-01.48.39:218][  0]LogTexture: Display: Building textures: LQ_Lightmap_1_62 (DXT1, 256X256)
[2020.04.25-01.48.39:218][  0]LogTexture: Display: Building textures: LQ_Lightmap_1_63 (DXT1, 256X256)
[2020.04.25-01.48.39:218][  0]LogTexture: Display: Building textures: LQ_Lightmap_1_64 (DXT1, 256X256)
[2020.04.25-01.48.39:218][  0]LogTexture: Display: Building textures: LQ_Lightmap_1_65 (DXT1, 256X256)
[2020.04.25-01.48.39:218][  0]LogTexture: Display: Building textures: LQ_Lightmap_1_66 (DXT1, 256X256)
[2020.04.25-01.48.39:218][  0]LogTexture: Display: Building textures: LQ_Lightmap_1_67 (DXT1, 256X256)
[2020.04.25-01.48.39:218][  0]LogTexture: Display: Building textures: LQ_Lightmap_1_68 (DXT1, 64X64)
[2020.04.25-01.48.39:218][  0]LogTexture: Display: Building textures: LQ_Lightmap_1_7 (DXT1, 256X256)
[2020.04.25-01.48.39:218][  0]LogTexture: Display: Building textures: LQ_Lightmap_1_8 (DXT1, 256X256)
[2020.04.25-01.48.39:218][  0]LogTexture: Display: Building textures: LQ_Lightmap_1_9 (DXT1, 256X256)
[2020.04.25-01.48.39:218][  0]LogTexture: Display: Building textures: ShadowMapTexture2D_100 (BGRA8, 128X128)
[2020.04.25-01.48.39:218][  0]LogTexture: Display: Building textures: ShadowMapTexture2D_101 (BGRA8, 128X128)
[2020.04.25-01.48.39:218][  0]LogTexture: Display: Building textures: ShadowMapTexture2D_102 (BGRA8, 256X128)
[2020.04.25-01.48.39:218][  0]LogTexture: Display: Building textures: ShadowMapTexture2D_103 (BGRA8, 128X128)
[2020.04.25-01.48.39:218][  0]LogTexture: Display: Building textures: ShadowMapTexture2D_104 (BGRA8, 128X128)
[2020.04.25-01.48.39:218][  0]LogTexture: Display: Building textures: ShadowMapTexture2D_105 (BGRA8, 128X128)
[2020.04.25-01.48.39:218][  0]LogTexture: Display: Building textures: ShadowMapTexture2D_106 (BGRA8, 128X128)
[2020.04.25-01.48.39:218][  0]LogTexture: Display: Building textures: ShadowMapTexture2D_107 (BGRA8, 128X128)
[2020.04.25-01.48.39:218][  0]LogTexture: Display: Building textures: ShadowMapTexture2D_108 (BGRA8, 128X128)
[2020.04.25-01.48.39:218][  0]LogTexture: Display: Building textures: ShadowMapTexture2D_109 (BGRA8, 128X128)
[2020.04.25-01.48.39:218][  0]LogTexture: Display: Building textures: ShadowMapTexture2D_110 (BGRA8, 128X128)
[2020.04.25-01.48.39:218][  0]LogTexture: Display: Building textures: ShadowMapTexture2D_111 (BGRA8, 128X128)
[2020.04.25-01.48.39:218][  0]LogTexture: Display: Building textures: ShadowMapTexture2D_112 (BGRA8, 128X128)
[2020.04.25-01.48.39:218][  0]LogTexture: Display: Building textures: ShadowMapTexture2D_113 (BGRA8, 128X128)
[2020.04.25-01.48.39:218][  0]LogTexture: Display: Building textures: ShadowMapTexture2D_114 (BGRA8, 128X128)
[2020.04.25-01.48.39:218][  0]LogTexture: Display: Building textures: ShadowMapTexture2D_115 (BGRA8, 128X128)
[2020.04.25-01.48.39:218][  0]LogTexture: Display: Building textures: ShadowMapTexture2D_116 (BGRA8, 128X128)
[2020.04.25-01.48.39:218][  0]LogTexture: Display: Building textures: ShadowMapTexture2D_117 (BGRA8, 128X128)
[2020.04.25-01.48.39:218][  0]LogTexture: Display: Building textures: ShadowMapTexture2D_118 (BGRA8, 128X128)
[2020.04.25-01.48.39:218][  0]LogTexture: Display: Building textures: ShadowMapTexture2D_119 (BGRA8, 128X128)
[2020.04.25-01.48.39:218][  0]LogTexture: Display: Building textures: ShadowMapTexture2D_120 (BGRA8, 128X128)
[2020.04.25-01.48.39:218][  0]LogTexture: Display: Building textures: ShadowMapTexture2D_121 (BGRA8, 128X128)
[2020.04.25-01.48.39:218][  0]LogTexture: Display: Building textures: ShadowMapTexture2D_122 (BGRA8, 128X128)
[2020.04.25-01.48.39:218][  0]LogTexture: Display: Building textures: ShadowMapTexture2D_123 (BGRA8, 128X128)
[2020.04.25-01.48.39:218][  0]LogTexture: Display: Building textures: ShadowMapTexture2D_124 (BGRA8, 256X128)
[2020.04.25-01.48.39:218][  0]LogTexture: Display: Building textures: ShadowMapTexture2D_125 (BGRA8, 128X128)
[2020.04.25-01.48.39:218][  0]LogTexture: Display: Building textures: ShadowMapTexture2D_126 (BGRA8, 128X128)
[2020.04.25-01.48.39:218][  0]LogTexture: Display: Building textures: ShadowMapTexture2D_127 (BGRA8, 128X128)
[2020.04.25-01.48.39:218][  0]LogTexture: Display: Building textures: ShadowMapTexture2D_128 (BGRA8, 128X128)
[2020.04.25-01.48.39:218][  0]LogTexture: Display: Building textures: ShadowMapTexture2D_129 (BGRA8, 128X128)
[2020.04.25-01.48.39:218][  0]LogTexture: Display: Building textures: ShadowMapTexture2D_130 (BGRA8, 128X128)
[2020.04.25-01.48.39:218][  0]LogTexture: Display: Building textures: ShadowMapTexture2D_131 (BGRA8, 128X128)
[2020.04.25-01.48.39:218][  0]LogTexture: Display: Building textures: ShadowMapTexture2D_132 (BGRA8, 128X128)
[2020.04.25-01.48.39:218][  0]LogTexture: Display: Building textures: ShadowMapTexture2D_133 (BGRA8, 128X128)
[2020.04.25-01.48.39:218][  0]LogTexture: Display: Building textures: ShadowMapTexture2D_134 (BGRA8, 128X128)
[2020.04.25-01.48.39:218][  0]LogTexture: Display: Building textures: ShadowMapTexture2D_135 (BGRA8, 128X128)
[2020.04.25-01.48.39:218][  0]LogTexture: Display: Building textures: ShadowMapTexture2D_136 (BGRA8, 128X128)
[2020.04.25-01.48.39:219][  0]LogTexture: Display: Building textures: ShadowMapTexture2D_137 (BGRA8, 256X64)
[2020.04.25-01.48.39:219][  0]LogTexture: Display: Building textures: ShadowMapTexture2D_138 (BGRA8, 64X32)
[2020.04.25-01.48.39:219][  0]LogTexture: Display: Building textures: ShadowMapTexture2D_71 (BGRA8, 512X1024)
[2020.04.25-01.48.39:219][  0]LogTexture: Display: Building textures: ShadowMapTexture2D_72 (BGRA8, 128X128)
[2020.04.25-01.48.39:219][  0]LogTexture: Display: Building textures: ShadowMapTexture2D_73 (BGRA8, 1024X512)
[2020.04.25-01.48.39:219][  0]LogTexture: Display: Building textures: ShadowMapTexture2D_74 (BGRA8, 128X128)
[2020.04.25-01.48.39:219][  0]LogTexture: Display: Building textures: ShadowMapTexture2D_75 (BGRA8, 128X128)
[2020.04.25-01.48.39:219][  0]LogTexture: Display: Building textures: ShadowMapTexture2D_76 (BGRA8, 128X128)
[2020.04.25-01.48.39:219][  0]LogTexture: Display: Building textures: ShadowMapTexture2D_77 (BGRA8, 128X128)
[2020.04.25-01.48.39:219][  0]LogTexture: Display: Building textures: ShadowMapTexture2D_78 (BGRA8, 128X128)
[2020.04.25-01.48.39:219][  0]LogTexture: Display: Building textures: ShadowMapTexture2D_79 (BGRA8, 128X128)
[2020.04.25-01.48.39:219][  0]LogTexture: Display: Building textures: ShadowMapTexture2D_80 (BGRA8, 128X128)
[2020.04.25-01.48.39:219][  0]LogTexture: Display: Building textures: ShadowMapTexture2D_81 (BGRA8, 128X128)
[2020.04.25-01.48.39:219][  0]LogTexture: Display: Building textures: ShadowMapTexture2D_82 (BGRA8, 128X128)
[2020.04.25-01.48.39:219][  0]LogTexture: Display: Building textures: ShadowMapTexture2D_83 (BGRA8, 128X128)
[2020.04.25-01.48.39:219][  0]LogTexture: Display: Building textures: ShadowMapTexture2D_84 (BGRA8, 128X128)
[2020.04.25-01.48.39:219][  0]LogTexture: Display: Building textures: ShadowMapTexture2D_85 (BGRA8, 128X128)
[2020.04.25-01.48.39:219][  0]LogTexture: Display: Building textures: ShadowMapTexture2D_86 (BGRA8, 128X128)
[2020.04.25-01.48.39:219][  0]LogTexture: Display: Building textures: ShadowMapTexture2D_87 (BGRA8, 128X128)
[2020.04.25-01.48.39:219][  0]LogTexture: Display: Building textures: ShadowMapTexture2D_88 (BGRA8, 128X128)
[2020.04.25-01.48.39:219][  0]LogTexture: Display: Building textures: ShadowMapTexture2D_89 (BGRA8, 128X128)
[2020.04.25-01.48.39:219][  0]LogTexture: Display: Building textures: ShadowMapTexture2D_90 (BGRA8, 128X128)
[2020.04.25-01.48.39:219][  0]LogTexture: Display: Building textures: ShadowMapTexture2D_91 (BGRA8, 128X128)
[2020.04.25-01.48.39:219][  0]LogTexture: Display: Building textures: ShadowMapTexture2D_92 (BGRA8, 128X128)
[2020.04.25-01.48.39:219][  0]LogTexture: Display: Building textures: ShadowMapTexture2D_93 (BGRA8, 128X128)
[2020.04.25-01.48.39:219][  0]LogTexture: Display: Building textures: ShadowMapTexture2D_94 (BGRA8, 128X128)
[2020.04.25-01.48.39:219][  0]LogTexture: Display: Building textures: ShadowMapTexture2D_95 (BGRA8, 128X128)
[2020.04.25-01.48.39:219][  0]LogTexture: Display: Building textures: ShadowMapTexture2D_96 (BGRA8, 128X128)
[2020.04.25-01.48.39:219][  0]LogTexture: Display: Building textures: ShadowMapTexture2D_97 (BGRA8, 128X128)
[2020.04.25-01.48.39:219][  0]LogTexture: Display: Building textures: ShadowMapTexture2D_98 (BGRA8, 128X128)
[2020.04.25-01.48.39:219][  0]LogTexture: Display: Building textures: ShadowMapTexture2D_99 (BGRA8, 128X128)
[2020.04.25-01.48.39:219][  0]LogDerivedDataCache: FFileSystemDerivedDataBackend: Move collision, attempt at redundant update, OK C:/Users/user/AppData/Local/UnrealEngine/Common/DerivedDataCache/4/5/0/TEXTURE_564290F8998644E39A2118D5C683187B_AUTODXT_6475816B4EAC3494441C019C8F179__0E23054114D60C1777D0770129F50F59F4833253.udd.
[2020.04.25-01.48.39:219][  0]LogDerivedDataCache: FFileSystemDerivedDataBackend: Move collision, attempt at redundant update, OK C:/Users/user/AppData/Local/UnrealEngine/Common/DerivedDataCache/9/5/9/TEXTURE_564290F8998644E39A2118D5C683187B_AUTODXT_9EAAA8DE4E6174C3D283C392F0345__AE943C9B278B443F0F3B1A14A54925ACC125756D.udd.
[2020.04.25-01.48.39:219][  0]LogDerivedDataCache: FFileSystemDerivedDataBackend: Move collision, attempt at redundant update, OK C:/Users/user/AppData/Local/UnrealEngine/Common/DerivedDataCache/7/2/1/TEXTURE_564290F8998644E39A2118D5C683187B_AUTODXT_4DCB54444910ADCC39630C9ED4D07__F69EF91AD961A7A7D44725BCD44E5B080370DE4A.udd.
[2020.04.25-01.48.39:219][  0]LogDerivedDataCache: FFileSystemDerivedDataBackend: Move collision, attempt at redundant update, OK C:/Users/user/AppData/Local/UnrealEngine/Common/DerivedDataCache/6/0/0/TEXTURE_564290F8998644E39A2118D5C683187B_AUTODXT_BD56507C4C78A208B668919903A24__ECDDD1F81BBE243A6E10E39E7872E8C2C2DFB5C8.udd.
[2020.04.25-01.48.39:219][  0]LogDerivedDataCache: FFileSystemDerivedDataBackend: Move collision, attempt at redundant update, OK C:/Users/user/AppData/Local/UnrealEngine/Common/DerivedDataCache/7/1/7/TEXTURE_564290F8998644E39A2118D5C683187B_AUTODXT_EFCC055646E517A8862EA0A8EB576__494C68E4871AD42E85FCDF218FAC030D2958D3A8.udd.
[2020.04.25-01.48.39:219][  0]LogDerivedDataCache: FFileSystemDerivedDataBackend: Move collision, attempt at redundant update, OK C:/Users/user/AppData/Local/UnrealEngine/Common/DerivedDataCache/5/6/3/TEXTURE_564290F8998644E39A2118D5C683187B_AUTODXT_3D7FE67A4262AD9EC60AB8A53BEB5__FB67C4B2A30C473DA82A9C4E5682EBA840449FE4.udd.
[2020.04.25-01.48.39:219][  0]LogDerivedDataCache: FFileSystemDerivedDataBackend: Move collision, attempt at redundant update, OK C:/Users/user/AppData/Local/UnrealEngine/Common/DerivedDataCache/2/8/7/TEXTURE_564290F8998644E39A2118D5C683187B_AUTODXT_3BE6DE7844BBBD3515BC4DB957A7A__2455D3CEB4A7EE5341F5E1A2E7F048F624673EE0.udd.
[2020.04.25-01.48.39:219][  0]LogDerivedDataCache: FFileSystemDerivedDataBackend: Move collision, attempt at redundant update, OK C:/Users/user/AppData/Local/UnrealEngine/Common/DerivedDataCache/0/7/2/TEXTURE_564290F8998644E39A2118D5C683187B_AUTODXT_1BAC8ED942EE35FC97F264AE637B7__17E6B777A93CF75C8A0C38C11F642BF1C689EBD3.udd.
[2020.04.25-01.48.39:219][  0]LogDerivedDataCache: FFileSystemDerivedDataBackend: Move collision, attempt at redundant update, OK C:/Users/user/AppData/Local/UnrealEngine/Common/DerivedDataCache/5/4/7/TEXTURE_564290F8998644E39A2118D5C683187B_AUTODXT_99508FE04915055289A129B49B9E5__7738AB82C0470305E3E1B2C160C0A6730498141F.udd.
[2020.04.25-01.48.39:219][  0]LogDerivedDataCache: FFileSystemDerivedDataBackend: Move collision, attempt at redundant update, OK C:/Users/user/AppData/Local/UnrealEngine/Common/DerivedDataCache/5/2/9/TEXTURE_564290F8998644E39A2118D5C683187B_DXT1_B44DB1984270B543BAEC5BAC7AC30FBC__CAFD2C15898CDF114BC5A47DFB822163ECB4045C.udd.
[2020.04.25-01.48.39:219][  0]LogDerivedDataCache: FFileSystemDerivedDataBackend: Move collision, attempt at redundant update, OK C:/Users/user/AppData/Local/UnrealEngine/Common/DerivedDataCache/3/8/5/TEXTURE_564290F8998644E39A2118D5C683187B_DXT1_8A4165B34DA5E357B684758DA6B56550__FFF427588445ABCB25408D8421204E5BB3DA425C.udd.
[2020.04.25-01.48.39:219][  0]LogDerivedDataCache: FFileSystemDerivedDataBackend: Move collision, attempt at redundant update, OK C:/Users/user/AppData/Local/UnrealEngine/Common/DerivedDataCache/1/9/3/TEXTURE_564290F8998644E39A2118D5C683187B_DXT1_16E59D344F06FC27A0E9FF966D594F31__A17EF8781C0EB6FB79A146178D4BDCB70088EBC9.udd.
[2020.04.25-01.48.39:219][  0]LogDerivedDataCache: FFileSystemDerivedDataBackend: Move collision, attempt at redundant update, OK C:/Users/user/AppData/Local/UnrealEngine/Common/DerivedDataCache/9/8/7/TEXTURE_564290F8998644E39A2118D5C683187B_DXT1_D0FAF30D4633BC16D627A1A7FD9A0956__43DACC136F3F0C0CD48839074C890B21266663D2.udd.
[2020.04.25-01.48.39:219][  0]LogDerivedDataCache: FFileSystemDerivedDataBackend: Move collision, attempt at redundant update, OK C:/Users/user/AppData/Local/UnrealEngine/Common/DerivedDataCache/1/8/9/TEXTURE_564290F8998644E39A2118D5C683187B_DXT1_275FAADB4ADE1B826F04B483B4B30E01__EBFB409F5BCEF5B6686E9701DAD0A38479562057.udd.
[2020.04.25-01.48.39:219][  0]LogDerivedDataCache: FFileSystemDerivedDataBackend: Move collision, attempt at redundant update, OK C:/Users/user/AppData/Local/UnrealEngine/Common/DerivedDataCache/2/5/4/TEXTURE_564290F8998644E39A2118D5C683187B_DXT1_CF65BAF9403BAD56C11AD88905EE9779__E12B5EE0D5EC6D6B895F9366E5B902B01103391B.udd.
[2020.04.25-01.48.39:219][  0]LogDerivedDataCache: FFileSystemDerivedDataBackend: Move collision, attempt at redundant update, OK C:/Users/user/AppData/Local/UnrealEngine/Common/DerivedDataCache/6/6/9/TEXTURE_564290F8998644E39A2118D5C683187B_DXT1_BCDBD82C418039749A3651AB48C895A2__8DADF0611A9BF4A2903DBDAE5A25C516FE7CD553.udd.
[2020.04.25-01.48.39:219][  0]LogDerivedDataCache: FFileSystemDerivedDataBackend: Move collision, attempt at redundant update, OK C:/Users/user/AppData/Local/UnrealEngine/Common/DerivedDataCache/4/1/5/TEXTURE_564290F8998644E39A2118D5C683187B_DXT1_BCDBD82C418039749A3651AB48C895A2__84F7F39ADCF25D3F466D024FEE55CD9CE0EBB336.udd.
[2020.04.25-01.48.39:219][  0]LogDerivedDataCache: FFileSystemDerivedDataBackend: Move collision, attempt at redundant update, OK C:/Users/user/AppData/Local/UnrealEngine/Common/DerivedDataCache/7/3/1/TEXTURE_564290F8998644E39A2118D5C683187B_DXT1_132114D948896658F2C59CA3A99C3307__E8E005053E17DD7027C3047D9746A4B6700AAFDB.udd.
[2020.04.25-01.48.39:219][  0]LogDerivedDataCache: FFileSystemDerivedDataBackend: Move collision, attempt at redundant update, OK C:/Users/user/AppData/Local/UnrealEngine/Common/DerivedDataCache/8/8/4/TEXTURE_564290F8998644E39A2118D5C683187B_DXT1_9E70ECF64940F6781EA469930225AA89__DA5108A1769DC1327C604D3C9E90708E9ABB9779.udd.
[2020.04.25-01.48.39:219][  0]LogDerivedDataCache: FFileSystemDerivedDataBackend: Move collision, attempt at redundant update, OK C:/Users/user/AppData/Local/UnrealEngine/Common/DerivedDataCache/4/5/1/TEXTURE_564290F8998644E39A2118D5C683187B_BGRA8_20D1136243F55F08547B71881FDB62C__7934B54C7F24859B27CA9CF5B3A43EA43411EDCC.udd.
[2020.04.25-01.48.39:219][  0]LogDerivedDataCache: FFileSystemDerivedDataBackend: Move collision, attempt at redundant update, OK C:/Users/user/AppData/Local/UnrealEngine/Common/DerivedDataCache/8/1/7/TEXTURE_564290F8998644E39A2118D5C683187B_BGRA8_EE07591B45FE5D959F0364B158DFC85__A8BB8190EF33F92C26572198A992455FB3E57556.udd.
[2020.04.25-01.48.39:220][  0]LogMaterial: Display: Missing cached shader map for material lambert4, compiling. 
[2020.04.25-01.48.39:428][  0]LogShaderCompilers: Display: Worker (1/3): shaders left to compile 24
[2020.04.25-01.48.39:429][  0]LogShaderCompilers: Display: Worker (2/3): shaders left to compile 15
[2020.04.25-01.48.39:429][  0]LogShaderCompilers: Display: Worker (3/3): shaders left to compile 6
[2020.04.25-01.48.39:429][  0]LogMaterial: Display: Missing cached shader map for material lambert5, compiling. 
[2020.04.25-01.48.39:463][  0]LogMaterial: Display: Missing cached shader map for material lambert6, compiling. 
[2020.04.25-01.48.39:502][  0]LogMaterial: Display: Missing cached shader map for material lambert3, compiling. 
[2020.04.25-01.48.41:687][  0]LogMaterial: Display: Missing cached shader map for material rampShader3, compiling. 
[2020.04.25-01.48.41:710][  0]LogMaterial: Display: Missing cached shader map for material phongE4, compiling. 
[2020.04.25-01.48.41:732][  0]LogMaterial: Display: Missing cached shader map for material lambert71, compiling. 
[2020.04.25-01.48.41:756][  0]LogMaterial: Display: Missing cached shader map for material lambert70, compiling. 
[2020.04.25-01.48.41:796][  0]LogMaterial: Display: Missing cached shader map for material lambert69, compiling. 
[2020.04.25-01.48.41:820][  0]LogMaterial: Display: Missing cached shader map for material lambert62, compiling. 
[2020.04.25-01.48.41:848][  0]LogMaterial: Display: Missing cached shader map for material lambert58, compiling. 
[2020.04.25-01.48.41:874][  0]LogMaterial: Display: Missing cached shader map for material lambert3SG4, compiling. 
[2020.04.25-01.48.41:897][  0]LogMaterial: Display: Missing cached shader map for material lambert36, compiling. 
[2020.04.25-01.48.41:920][  0]LogMaterial: Display: Missing cached shader map for material lambert24SG4, compiling. 
[2020.04.25-01.48.41:976][  0]LogMaterial: Display: Missing cached shader map for material lambert19, compiling. 
[2020.04.25-01.48.41:999][  0]LogMaterial: Display: Missing cached shader map for material lambert16SG4, compiling. 
[2020.04.25-01.48.42:053][  0]LogMaterial: Display: Missing cached shader map for material lambert15SG4, compiling. 
[2020.04.25-01.48.42:076][  0]LogMaterial: Display: Missing cached shader map for material lambert11SG4, compiling. 
[2020.04.25-01.48.42:099][  0]LogMaterial: Display: Missing cached shader map for material Default_Material, compiling. 
[2020.04.25-01.48.42:603][  0]LogAIModule: Creating AISystem for world Oligocene_Playable
[2020.04.25-01.48.44:973][  0]LogEditorServer: Finished looking for orphan Actors (0.000 secs)
[2020.04.25-01.48.45:630][  0]LogUObjectHash: Compacting FUObjectHashTables data took   3.57ms
[2020.04.25-01.48.45:648][  0]Cmd: MAP CHECKDEP NOCLEARLOG
[2020.04.25-01.48.45:663][  0]MapCheck: Map check complete: 0 Error(s), 0 Warning(s), took 6.62ms to complete.
[2020.04.25-01.48.45:669][  0]LogFileHelpers: Loading map 'Oligocene_Playable' took 23.359
[2020.04.25-01.48.48:292][  0]LogShaderCompilers: Display: Worker (3/3): shaders left to compile 432
[2020.04.25-01.48.48:292][  0]LogSlate: Updating window title bar state: overlay mode, drag disabled, window buttons hidden, title bar hidden
[2020.04.25-01.48.48:302][  0]LogSlate: Updating window title bar state: overlay mode, drag disabled, window buttons hidden, title bar hidden
[2020.04.25-01.48.48:311][  0]LogSlate: Updating window title bar state: overlay mode, drag disabled, window buttons hidden, title bar hidden
[2020.04.25-01.48.48:321][  0]LogSlate: Updating window title bar state: overlay mode, drag disabled, window buttons hidden, title bar hidden
[2020.04.25-01.48.48:456][  0]LogCollectionManager: Loaded 0 collections in 0.000911 seconds
[2020.04.25-01.48.48:569][  0]LogFileCache: Scanning file cache for directory 'C:/Users/user/Documents/GitHub/Oligocene_Project/Saved/Collections/' took 0.00s
[2020.04.25-01.48.48:569][  0]LogFileCache: Scanning file cache for directory 'C:/Users/user/Documents/GitHub/Oligocene_Project/Content/Developers/user/Collections/' took 0.00s
[2020.04.25-01.48.48:569][  0]LogFileCache: Scanning file cache for directory 'C:/Users/user/Documents/GitHub/Oligocene_Project/Content/Collections/' took 0.00s
[2020.04.25-01.48.48:569][  0]LogContentBrowser: Native class hierarchy populated in 0.0110 seconds. Added 3015 classes and 717 folders.
[2020.04.25-01.48.48:719][  0]LogContentBrowser: Native class hierarchy updated for 'WidgetCarousel' in 0.0006 seconds. Added 0 classes and 0 folders.
[2020.04.25-01.48.49:953][  0]LogContentBrowser: Native class hierarchy updated for 'AddContentDialog' in 0.0002 seconds. Added 0 classes and 0 folders.
[2020.04.25-01.48.50:015][  0]LogContentBrowser: Native class hierarchy updated for 'SceneOutliner' in 0.0003 seconds. Added 2 classes and 3 folders.
[2020.04.25-01.48.50:691][  0]LogShaderCompilers: Display: Worker (1/3): shaders left to compile 422
[2020.04.25-01.48.50:691][  0]LogSlate: Took 0.017455 seconds to synchronously load lazily loaded font '../../../Engine/Content/Slate/Fonts/Roboto-Regular.ttf' (155K)
[2020.04.25-01.48.50:749][  0]LogSlate: Took 0.038854 seconds to synchronously load lazily loaded font '../../../Engine/Content/Slate/Fonts/Roboto-Bold.ttf' (160K)
[2020.04.25-01.48.50:820][  0]LogSlate: Took 0.019975 seconds to synchronously load lazily loaded font '../../../Engine/Content/Editor/Slate/Fonts/FontAwesome.ttf' (139K)
[2020.04.25-01.48.52:129][  0]LogShaderCompilers: Display: Worker (2/3): shaders left to compile 412
[2020.04.25-01.48.52:129][  0]LogRenderer: Reallocating scene render targets to support 1288x620 Format 26 NumSamples 1 (Frame:1).
[2020.04.25-01.49.12:306][  0]LogShaderCompilers: Display: Worker (3/3): shaders left to compile 402
[2020.04.25-01.49.12:306][  0]LogShaderCompilers: Display: Worker (2/3): shaders left to compile 392
[2020.04.25-01.49.12:306][  0]LogShaderCompilers: Display: Worker (1/3): shaders left to compile 382
[2020.04.25-01.49.12:306][  0]LogShaderCompilers: Display: Worker (3/3): shaders left to compile 372
[2020.04.25-01.49.12:306][  0]LogShaderCompilers: Display: Worker (2/3): shaders left to compile 362
[2020.04.25-01.49.12:306][  0]LogShaderCompilers: Display: Worker (1/3): shaders left to compile 352
[2020.04.25-01.49.12:306][  0]LogShaderCompilers: Display: Worker (2/3): shaders left to compile 342
[2020.04.25-01.49.12:306][  0]LogShaderCompilers: Display: Worker (3/3): shaders left to compile 332
[2020.04.25-01.49.12:397][  0]LogShaderCompilers: Display: Worker (1/3): shaders left to compile 322
[2020.04.25-01.49.12:398][  0]LogContentBrowser: Native class hierarchy updated for 'HierarchicalLODOutliner' in 0.0003 seconds. Added 0 classes and 0 folders.
[2020.04.25-01.49.12:398][  0]LogLoad: (Engine Initialization) Total time: 216.83 seconds
[2020.04.25-01.49.12:398][  0]LogLoad: (Engine Initialization) Total Blueprint compile time: 0.00 seconds
[2020.04.25-01.49.13:065][  0]LogContentStreaming: Texture pool size now 1000 MB
[2020.04.25-01.49.15:027][  1]LogShaderCompilers: Display: Worker (2/3): shaders left to compile 312
[2020.04.25-01.49.17:442][  1]LogD3D11RHI: GetQueryData is taking a very long time (5.0 s)
[2020.04.25-01.49.22:738][  1]LogShaderCompilers: Display: Worker (3/3): shaders left to compile 302
[2020.04.25-01.49.33:491][  2]LogShaderCompilers: Display: Worker (1/3): shaders left to compile 292
[2020.04.25-01.49.33:491][  2]LogShaderCompilers: Display: Worker (2/3): shaders left to compile 282
[2020.04.25-01.49.33:491][  2]LogShaderCompilers: Display: Worker (3/3): shaders left to compile 272
[2020.04.25-01.49.33:589][  2]LogAssetRegistry: Asset discovery search completed in 167.9245 seconds
[2020.04.25-01.49.33:594][  2]LogCollectionManager: Fixed up redirectors for 0 collections in 0.000012 seconds (updated 0 objects)
[2020.04.25-01.49.56:113][782]LogAudioMixer: Display: Audio Buffer Underrun detected.
[2020.04.25-01.49.59:637][845]LogAudioMixer: Display: Audio Buffer Underrun detected.
[2020.04.25-01.50.05:847][ 41]LogShaderCompilers: Display: Worker (1/3): shaders left to compile 262
[2020.04.25-01.50.13:951][225]LogAudioMixer: Display: Audio Buffer Underrun detected.
[2020.04.25-01.50.23:394][649]LogAudioMixer: Display: Audio Buffer Underrun detected.
[2020.04.25-01.50.25:770][761]LogAudioMixer: Display: Audio Buffer Underrun detected.
[2020.04.25-01.50.30:518][903]LogAudioMixer: Display: Audio Buffer Underrun detected.
[2020.04.25-01.50.35:329][ 19]LogAudioMixer: Display: Audio Buffer Underrun detected.
[2020.04.25-01.50.43:643][204]LogAudioMixer: Display: Audio Buffer Underrun detected.
[2020.04.25-01.50.55:507][359]LogAudioMixer: Display: Audio Buffer Underrun detected.
[2020.04.25-01.51.08:655][819]LogShaderCompilers: Display: Worker (2/3): shaders left to compile 252
[2020.04.25-01.51.18:096][991]LogAudioMixer: Display: Audio Buffer Underrun detected.
[2020.04.25-01.51.24:010][ 54]LogAudioMixer: Display: Audio Buffer Underrun detected.
[2020.04.25-01.51.46:547][446]LogShaderCompilers: Display: Worker (3/3): shaders left to compile 242
[2020.04.25-01.52.21:014][308]LogAudioMixer: Display: Audio Buffer Underrun detected.
[2020.04.25-01.53.15:582][826]LogAudioMixer: Display: Audio Buffer Underrun detected.
[2020.04.25-01.53.36:541][274]LogShaderCompilers: Display: Worker (1/3): shaders left to compile 232
[2020.04.25-01.54.44:103][973]LogShaderCompilers: Display: Worker (3/3): shaders left to compile 222
[2020.04.25-01.54.54:725][430]LogShaderCompilers: Display: Worker (2/3): shaders left to compile 212
[2020.04.25-01.55.27:428][722]LogAudioMixer: Display: Audio Buffer Underrun detected.
[2020.04.25-01.55.50:355][646]LogUObjectHash: Compacting FUObjectHashTables data took   1.03ms
[2020.04.25-01.55.50:416][646]LogSlate: Window 'Oligocene_Project - Unreal Editor' being destroyed
[2020.04.25-01.55.50:742][647]Cmd: QUIT_EDITOR
[2020.04.25-01.55.50:742][647]LogCore: Engine exit requested (reason: UUnrealEdEngine::CloseEditor())
[2020.04.25-01.55.50:755][647]LogCore: Engine exit requested (reason: EngineExit() was called; note: exit was already requested)
[2020.04.25-01.55.50:755][647]LogAudioMixer: Display: No commands were queued while flushing the source manager.
